[2020-11-23 15:01:29.069 aniu-download [34mINFO [0;39m [33m[0;39m [32m[0;39m [34m[0;39m [33mbackground-preinit[0;39m [32morg.hibernate.validator.internal.util.Version[0;39m HV000001: Hibernate Validator 6.1.6.Final
[2020-11-23 15:01:29.081 aniu-download [34mINFO [0;39m [33m[0;39m [32m[0;39m [34m[0;39m [33mrestartedMain[0;39m [32mcom.aniu.downvideo.DownvideoApplication[0;39m Starting DownvideoApplication using Java 1.8.0_191 on wanglei with PID 12188 (C:\hanproject\downvideo\target\classes started by Administrator in C:\hanproject\downvideo)
[2020-11-23 15:01:29.081 aniu-download [34mINFO [0;39m [33m[0;39m [32m[0;39m [34m[0;39m [33mrestartedMain[0;39m [32mcom.aniu.downvideo.DownvideoApplication[0;39m The following profiles are active: dev
[2020-11-23 15:01:29.145 aniu-download [34mINFO [0;39m [33m[0;39m [32m[0;39m [34m[0;39m [33mrestartedMain[0;39m [32morg.springframework.boot.devtools.env.DevToolsPropertyDefaultsPostProcessor[0;39m Devtools property defaults active! Set 'spring.devtools.add-properties' to 'false' to disable
[2020-11-23 15:01:29.146 aniu-download [34mINFO [0;39m [33m[0;39m [32m[0;39m [34m[0;39m [33mrestartedMain[0;39m [32morg.springframework.boot.devtools.env.DevToolsPropertyDefaultsPostProcessor[0;39m For additional web related logging consider setting the 'logging.level.web' property to 'DEBUG'
[2020-11-23 15:01:30.233 aniu-download [34mINFO [0;39m [33m[0;39m [32m[0;39m [34m[0;39m [33mrestartedMain[0;39m [32morg.springframework.boot.web.embedded.tomcat.TomcatWebServer[0;39m Tomcat initialized with port(s): 8080 (http)
[2020-11-23 15:01:30.241 aniu-download [34mINFO [0;39m [33m[0;39m [32m[0;39m [34m[0;39m [33mrestartedMain[0;39m [32morg.apache.coyote.http11.Http11NioProtocol[0;39m Initializing ProtocolHandler ["http-nio-8080"]
[2020-11-23 15:01:30.242 aniu-download [34mINFO [0;39m [33m[0;39m [32m[0;39m [34m[0;39m [33mrestartedMain[0;39m [32morg.apache.catalina.core.StandardService[0;39m Starting service [Tomcat]
[2020-11-23 15:01:30.242 aniu-download [34mINFO [0;39m [33m[0;39m [32m[0;39m [34m[0;39m [33mrestartedMain[0;39m [32morg.apache.catalina.core.StandardEngine[0;39m Starting Servlet engine: [Apache Tomcat/9.0.39]
[2020-11-23 15:01:30.347 aniu-download [34mINFO [0;39m [33m[0;39m [32m[0;39m [34m[0;39m [33mrestartedMain[0;39m [32morg.apache.catalina.core.ContainerBase.[Tomcat].[localhost].[/][0;39m Initializing Spring embedded WebApplicationContext
[2020-11-23 15:01:30.347 aniu-download [34mINFO [0;39m [33m[0;39m [32m[0;39m [34m[0;39m [33mrestartedMain[0;39m [32morg.springframework.boot.web.servlet.context.ServletWebServerApplicationContext[0;39m Root WebApplicationContext: initialization completed in 1201 ms
[2020-11-23 15:01:30.917 aniu-download [34mINFO [0;39m [33m[0;39m [32m[0;39m [34m[0;39m [33mrestartedMain[0;39m [32morg.springframework.scheduling.concurrent.ThreadPoolTaskScheduler[0;39m Initializing ExecutorService 'taskScheduler'
[2020-11-23 15:01:30.953 aniu-download [34mINFO [0;39m [33m[0;39m [32m[0;39m [34m[0;39m [33mrestartedMain[0;39m [32morg.springframework.boot.devtools.autoconfigure.OptionalLiveReloadServer[0;39m LiveReload server is running on port 35729
[2020-11-23 15:01:30.966 aniu-download [34mINFO [0;39m [33m[0;39m [32m[0;39m [34m[0;39m [33mrestartedMain[0;39m [32morg.apache.coyote.http11.Http11NioProtocol[0;39m Starting ProtocolHandler ["http-nio-8080"]
[2020-11-23 15:01:30.982 aniu-download [34mINFO [0;39m [33m[0;39m [32m[0;39m [34m[0;39m [33mrestartedMain[0;39m [32morg.springframework.boot.web.embedded.tomcat.TomcatWebServer[0;39m Tomcat started on port(s): 8080 (http) with context path ''
[2020-11-23 15:01:30.995 aniu-download [34mINFO [0;39m [33m[0;39m [32m[0;39m [34m[0;39m [33mrestartedMain[0;39m [32mcom.aniu.downvideo.DownvideoApplication[0;39m Started DownvideoApplication in 2.387 seconds (JVM running for 3.276)
[2020-11-23 15:03:00.003 aniu-download [34mINFO [0;39m [33m[0;39m [32m[0;39m [34m[0;39m [33mscheduling-1[0;39m [32mcom.aniu.downvideo.task.VideoTask[0;39m saveExcelData()å¼€å§‹æ—¶é—´æ˜¯-->Mon Nov 23 15:03:00 CST 2020
[2020-11-23 15:03:00.024 aniu-download [1;31mERROR[0;39m [33m[0;39m [32m[0;39m [34m[0;39m [33mscheduling-1[0;39m [32morg.springframework.scheduling.support.TaskUtils$LoggingErrorHandler[0;39m Unexpected error occurred in scheduled task
java.io.FileNotFoundException: class path resource [abc.xlsx] cannot be resolved to absolute file path because it does not exist
	at org.springframework.util.ResourceUtils.getFile(ResourceUtils.java:177)
	at com.aniu.downvideo.util.DownloadUtils.read(DownloadUtils.java:92)
	at com.aniu.downvideo.service.impl.VideoStatusServiceImpl.saveExcelData(VideoStatusServiceImpl.java:42)
	at com.aniu.downvideo.task.VideoTask.saveExcelData(VideoTask.java:43)
	at sun.reflect.NativeMethodAccessorImpl.invoke0(Native Method)
	at sun.reflect.NativeMethodAccessorImpl.invoke(NativeMethodAccessorImpl.java:62)
	at sun.reflect.DelegatingMethodAccessorImpl.invoke(DelegatingMethodAccessorImpl.java:43)
	at java.lang.reflect.Method.invoke(Method.java:498)
	at org.springframework.scheduling.support.ScheduledMethodRunnable.run(ScheduledMethodRunnable.java:84)
	at org.springframework.scheduling.support.DelegatingErrorHandlingRunnable.run(DelegatingErrorHandlingRunnable.java:54)
	at org.springframework.scheduling.concurrent.ReschedulingRunnable.run(ReschedulingRunnable.java:95)
	at java.util.concurrent.Executors$RunnableAdapter.call(Executors.java:511)
	at java.util.concurrent.FutureTask.run(FutureTask.java:266)
	at java.util.concurrent.ScheduledThreadPoolExecutor$ScheduledFutureTask.access$201(ScheduledThreadPoolExecutor.java:180)
	at java.util.concurrent.ScheduledThreadPoolExecutor$ScheduledFutureTask.run(ScheduledThreadPoolExecutor.java:293)
	at java.util.concurrent.ThreadPoolExecutor.runWorker(ThreadPoolExecutor.java:1149)
	at java.util.concurrent.ThreadPoolExecutor$Worker.run(ThreadPoolExecutor.java:624)
	at java.lang.Thread.run(Thread.java:748)
[2020-11-23 15:05:00.003 aniu-download [34mINFO [0;39m [33m[0;39m [32m[0;39m [34m[0;39m [33mscheduling-1[0;39m [32mcom.aniu.downvideo.task.VideoTask[0;39m downloadVideos()ä¸‹è½½è§†é¢‘æ–‡ä»¶å¼€å§‹äº†......
[2020-11-23 15:05:00.033 aniu-download [34mINFO [0;39m [33m[0;39m [32m[0;39m [34m[0;39m [33mscheduling-1[0;39m [32mcom.zaxxer.hikari.HikariDataSource[0;39m HikariPool-1 - Starting...
[2020-11-23 15:05:00.185 aniu-download [34mINFO [0;39m [33m[0;39m [32m[0;39m [34m[0;39m [33mscheduling-1[0;39m [32mcom.zaxxer.hikari.HikariDataSource[0;39m HikariPool-1 - Start completed.
[2020-11-23 15:05:00.220 aniu-download [1;31mERROR[0;39m [33m[0;39m [32m[0;39m [34m[0;39m [33mscheduling-1[0;39m [32morg.springframework.scheduling.support.TaskUtils$LoggingErrorHandler[0;39m Unexpected error occurred in scheduled task
java.lang.RuntimeException: courses no records...
	at com.aniu.downvideo.util.DownloadUtils.downloadCcVideo(DownloadUtils.java:68)
	at com.aniu.downvideo.task.VideoTask.downloadVideos(VideoTask.java:55)
	at sun.reflect.NativeMethodAccessorImpl.invoke0(Native Method)
	at sun.reflect.NativeMethodAccessorImpl.invoke(NativeMethodAccessorImpl.java:62)
	at sun.reflect.DelegatingMethodAccessorImpl.invoke(DelegatingMethodAccessorImpl.java:43)
	at java.lang.reflect.Method.invoke(Method.java:498)
	at org.springframework.scheduling.support.ScheduledMethodRunnable.run(ScheduledMethodRunnable.java:84)
	at org.springframework.scheduling.support.DelegatingErrorHandlingRunnable.run(DelegatingErrorHandlingRunnable.java:54)
	at org.springframework.scheduling.concurrent.ReschedulingRunnable.run(ReschedulingRunnable.java:95)
	at java.util.concurrent.Executors$RunnableAdapter.call(Executors.java:511)
	at java.util.concurrent.FutureTask.run(FutureTask.java:266)
	at java.util.concurrent.ScheduledThreadPoolExecutor$ScheduledFutureTask.access$201(ScheduledThreadPoolExecutor.java:180)
	at java.util.concurrent.ScheduledThreadPoolExecutor$ScheduledFutureTask.run(ScheduledThreadPoolExecutor.java:293)
	at java.util.concurrent.ThreadPoolExecutor.runWorker(ThreadPoolExecutor.java:1149)
	at java.util.concurrent.ThreadPoolExecutor$Worker.run(ThreadPoolExecutor.java:624)
	at java.lang.Thread.run(Thread.java:748)
[2020-11-23 15:05:05.205 aniu-download [34mINFO [0;39m [33m[0;39m [32m[0;39m [34m[0;39m [33mbackground-preinit[0;39m [32morg.hibernate.validator.internal.util.Version[0;39m HV000001: Hibernate Validator 6.1.6.Final
[2020-11-23 15:05:05.212 aniu-download [34mINFO [0;39m [33m[0;39m [32m[0;39m [34m[0;39m [33mrestartedMain[0;39m [32mcom.aniu.downvideo.DownvideoApplication[0;39m Starting DownvideoApplication using Java 1.8.0_191 on wanglei with PID 12036 (C:\hanproject\downvideo\target\classes started by Administrator in C:\hanproject\downvideo)
[2020-11-23 15:05:05.212 aniu-download [34mINFO [0;39m [33m[0;39m [32m[0;39m [34m[0;39m [33mrestartedMain[0;39m [32mcom.aniu.downvideo.DownvideoApplication[0;39m The following profiles are active: dev
[2020-11-23 15:05:05.270 aniu-download [34mINFO [0;39m [33m[0;39m [32m[0;39m [34m[0;39m [33mrestartedMain[0;39m [32morg.springframework.boot.devtools.env.DevToolsPropertyDefaultsPostProcessor[0;39m Devtools property defaults active! Set 'spring.devtools.add-properties' to 'false' to disable
[2020-11-23 15:05:05.271 aniu-download [34mINFO [0;39m [33m[0;39m [32m[0;39m [34m[0;39m [33mrestartedMain[0;39m [32morg.springframework.boot.devtools.env.DevToolsPropertyDefaultsPostProcessor[0;39m For additional web related logging consider setting the 'logging.level.web' property to 'DEBUG'
[2020-11-23 15:05:06.344 aniu-download [34mINFO [0;39m [33m[0;39m [32m[0;39m [34m[0;39m [33mrestartedMain[0;39m [32morg.springframework.boot.web.embedded.tomcat.TomcatWebServer[0;39m Tomcat initialized with port(s): 8080 (http)
[2020-11-23 15:05:06.353 aniu-download [34mINFO [0;39m [33m[0;39m [32m[0;39m [34m[0;39m [33mrestartedMain[0;39m [32morg.apache.coyote.http11.Http11NioProtocol[0;39m Initializing ProtocolHandler ["http-nio-8080"]
[2020-11-23 15:05:06.354 aniu-download [34mINFO [0;39m [33m[0;39m [32m[0;39m [34m[0;39m [33mrestartedMain[0;39m [32morg.apache.catalina.core.StandardService[0;39m Starting service [Tomcat]
[2020-11-23 15:05:06.354 aniu-download [34mINFO [0;39m [33m[0;39m [32m[0;39m [34m[0;39m [33mrestartedMain[0;39m [32morg.apache.catalina.core.StandardEngine[0;39m Starting Servlet engine: [Apache Tomcat/9.0.39]
[2020-11-23 15:05:06.456 aniu-download [34mINFO [0;39m [33m[0;39m [32m[0;39m [34m[0;39m [33mrestartedMain[0;39m [32morg.apache.catalina.core.ContainerBase.[Tomcat].[localhost].[/][0;39m Initializing Spring embedded WebApplicationContext
[2020-11-23 15:05:06.456 aniu-download [34mINFO [0;39m [33m[0;39m [32m[0;39m [34m[0;39m [33mrestartedMain[0;39m [32morg.springframework.boot.web.servlet.context.ServletWebServerApplicationContext[0;39m Root WebApplicationContext: initialization completed in 1184 ms
[2020-11-23 15:05:07.016 aniu-download [34mINFO [0;39m [33m[0;39m [32m[0;39m [34m[0;39m [33mrestartedMain[0;39m [32morg.springframework.scheduling.concurrent.ThreadPoolTaskScheduler[0;39m Initializing ExecutorService 'taskScheduler'
[2020-11-23 15:05:07.054 aniu-download [34mINFO [0;39m [33m[0;39m [32m[0;39m [34m[0;39m [33mrestartedMain[0;39m [32morg.springframework.boot.devtools.autoconfigure.OptionalLiveReloadServer[0;39m LiveReload server is running on port 35729
[2020-11-23 15:05:07.071 aniu-download [34mINFO [0;39m [33m[0;39m [32m[0;39m [34m[0;39m [33mrestartedMain[0;39m [32morg.apache.coyote.http11.Http11NioProtocol[0;39m Starting ProtocolHandler ["http-nio-8080"]
[2020-11-23 15:05:07.088 aniu-download [34mINFO [0;39m [33m[0;39m [32m[0;39m [34m[0;39m [33mrestartedMain[0;39m [32morg.springframework.boot.web.embedded.tomcat.TomcatWebServer[0;39m Tomcat started on port(s): 8080 (http) with context path ''
[2020-11-23 15:05:07.101 aniu-download [34mINFO [0;39m [33m[0;39m [32m[0;39m [34m[0;39m [33mrestartedMain[0;39m [32mcom.aniu.downvideo.DownvideoApplication[0;39m Started DownvideoApplication in 2.341 seconds (JVM running for 3.168)
[2020-11-23 15:07:00.001 aniu-download [34mINFO [0;39m [33m[0;39m [32m[0;39m [34m[0;39m [33mscheduling-1[0;39m [32mcom.aniu.downvideo.task.VideoTask[0;39m downloadVideos()ä¸‹è½½è§†é¢‘æ–‡ä»¶å¼€å§‹äº†......
[2020-11-23 15:07:00.043 aniu-download [34mINFO [0;39m [33m[0;39m [32m[0;39m [34m[0;39m [33mscheduling-1[0;39m [32mcom.zaxxer.hikari.HikariDataSource[0;39m HikariPool-1 - Starting...
[2020-11-23 15:07:00.184 aniu-download [34mINFO [0;39m [33m[0;39m [32m[0;39m [34m[0;39m [33mscheduling-1[0;39m [32mcom.zaxxer.hikari.HikariDataSource[0;39m HikariPool-1 - Start completed.
[2020-11-23 15:07:00.216 aniu-download [1;31mERROR[0;39m [33m[0;39m [32m[0;39m [34m[0;39m [33mscheduling-1[0;39m [32morg.springframework.scheduling.support.TaskUtils$LoggingErrorHandler[0;39m Unexpected error occurred in scheduled task
java.lang.RuntimeException: courses no records...
	at com.aniu.downvideo.util.DownloadUtils.downloadCcVideo(DownloadUtils.java:68)
	at com.aniu.downvideo.task.VideoTask.downloadVideos(VideoTask.java:55)
	at sun.reflect.NativeMethodAccessorImpl.invoke0(Native Method)
	at sun.reflect.NativeMethodAccessorImpl.invoke(NativeMethodAccessorImpl.java:62)
	at sun.reflect.DelegatingMethodAccessorImpl.invoke(DelegatingMethodAccessorImpl.java:43)
	at java.lang.reflect.Method.invoke(Method.java:498)
	at org.springframework.scheduling.support.ScheduledMethodRunnable.run(ScheduledMethodRunnable.java:84)
	at org.springframework.scheduling.support.DelegatingErrorHandlingRunnable.run(DelegatingErrorHandlingRunnable.java:54)
	at org.springframework.scheduling.concurrent.ReschedulingRunnable.run(ReschedulingRunnable.java:95)
	at java.util.concurrent.Executors$RunnableAdapter.call(Executors.java:511)
	at java.util.concurrent.FutureTask.run(FutureTask.java:266)
	at java.util.concurrent.ScheduledThreadPoolExecutor$ScheduledFutureTask.access$201(ScheduledThreadPoolExecutor.java:180)
	at java.util.concurrent.ScheduledThreadPoolExecutor$ScheduledFutureTask.run(ScheduledThreadPoolExecutor.java:293)
	at java.util.concurrent.ThreadPoolExecutor.runWorker(ThreadPoolExecutor.java:1149)
	at java.util.concurrent.ThreadPoolExecutor$Worker.run(ThreadPoolExecutor.java:624)
	at java.lang.Thread.run(Thread.java:748)
[2020-11-23 15:07:25.712 aniu-download [34mINFO [0;39m [33m[0;39m [32m[0;39m [34m[0;39m [33mbackground-preinit[0;39m [32morg.hibernate.validator.internal.util.Version[0;39m HV000001: Hibernate Validator 6.1.6.Final
[2020-11-23 15:07:25.719 aniu-download [34mINFO [0;39m [33m[0;39m [32m[0;39m [34m[0;39m [33mrestartedMain[0;39m [32mcom.aniu.downvideo.DownvideoApplication[0;39m Starting DownvideoApplication using Java 1.8.0_191 on wanglei with PID 1632 (C:\hanproject\downvideo\target\classes started by Administrator in C:\hanproject\downvideo)
[2020-11-23 15:07:25.720 aniu-download [34mINFO [0;39m [33m[0;39m [32m[0;39m [34m[0;39m [33mrestartedMain[0;39m [32mcom.aniu.downvideo.DownvideoApplication[0;39m The following profiles are active: dev
[2020-11-23 15:07:25.780 aniu-download [34mINFO [0;39m [33m[0;39m [32m[0;39m [34m[0;39m [33mrestartedMain[0;39m [32morg.springframework.boot.devtools.env.DevToolsPropertyDefaultsPostProcessor[0;39m Devtools property defaults active! Set 'spring.devtools.add-properties' to 'false' to disable
[2020-11-23 15:07:25.780 aniu-download [34mINFO [0;39m [33m[0;39m [32m[0;39m [34m[0;39m [33mrestartedMain[0;39m [32morg.springframework.boot.devtools.env.DevToolsPropertyDefaultsPostProcessor[0;39m For additional web related logging consider setting the 'logging.level.web' property to 'DEBUG'
[2020-11-23 15:07:26.787 aniu-download [34mINFO [0;39m [33m[0;39m [32m[0;39m [34m[0;39m [33mrestartedMain[0;39m [32morg.springframework.boot.web.embedded.tomcat.TomcatWebServer[0;39m Tomcat initialized with port(s): 8080 (http)
[2020-11-23 15:07:26.795 aniu-download [34mINFO [0;39m [33m[0;39m [32m[0;39m [34m[0;39m [33mrestartedMain[0;39m [32morg.apache.coyote.http11.Http11NioProtocol[0;39m Initializing ProtocolHandler ["http-nio-8080"]
[2020-11-23 15:07:26.796 aniu-download [34mINFO [0;39m [33m[0;39m [32m[0;39m [34m[0;39m [33mrestartedMain[0;39m [32morg.apache.catalina.core.StandardService[0;39m Starting service [Tomcat]
[2020-11-23 15:07:26.796 aniu-download [34mINFO [0;39m [33m[0;39m [32m[0;39m [34m[0;39m [33mrestartedMain[0;39m [32morg.apache.catalina.core.StandardEngine[0;39m Starting Servlet engine: [Apache Tomcat/9.0.39]
[2020-11-23 15:07:26.898 aniu-download [34mINFO [0;39m [33m[0;39m [32m[0;39m [34m[0;39m [33mrestartedMain[0;39m [32morg.apache.catalina.core.ContainerBase.[Tomcat].[localhost].[/][0;39m Initializing Spring embedded WebApplicationContext
[2020-11-23 15:07:26.898 aniu-download [34mINFO [0;39m [33m[0;39m [32m[0;39m [34m[0;39m [33mrestartedMain[0;39m [32morg.springframework.boot.web.servlet.context.ServletWebServerApplicationContext[0;39m Root WebApplicationContext: initialization completed in 1117 ms
[2020-11-23 15:07:27.432 aniu-download [34mINFO [0;39m [33m[0;39m [32m[0;39m [34m[0;39m [33mrestartedMain[0;39m [32morg.springframework.scheduling.concurrent.ThreadPoolTaskScheduler[0;39m Initializing ExecutorService 'taskScheduler'
[2020-11-23 15:07:27.469 aniu-download [34mINFO [0;39m [33m[0;39m [32m[0;39m [34m[0;39m [33mrestartedMain[0;39m [32morg.springframework.boot.devtools.autoconfigure.OptionalLiveReloadServer[0;39m LiveReload server is running on port 35729
[2020-11-23 15:07:27.482 aniu-download [34mINFO [0;39m [33m[0;39m [32m[0;39m [34m[0;39m [33mrestartedMain[0;39m [32morg.apache.coyote.http11.Http11NioProtocol[0;39m Starting ProtocolHandler ["http-nio-8080"]
[2020-11-23 15:07:27.497 aniu-download [34mINFO [0;39m [33m[0;39m [32m[0;39m [34m[0;39m [33mrestartedMain[0;39m [32morg.springframework.boot.web.embedded.tomcat.TomcatWebServer[0;39m Tomcat started on port(s): 8080 (http) with context path ''
[2020-11-23 15:07:27.510 aniu-download [34mINFO [0;39m [33m[0;39m [32m[0;39m [34m[0;39m [33mrestartedMain[0;39m [32mcom.aniu.downvideo.DownvideoApplication[0;39m Started DownvideoApplication in 2.267 seconds (JVM running for 3.075)
[2020-11-23 15:09:00.003 aniu-download [34mINFO [0;39m [33m[0;39m [32m[0;39m [34m[0;39m [33mscheduling-1[0;39m [32mcom.aniu.downvideo.task.VideoTask[0;39m saveExcelData()å¼€å§‹æ—¶é—´æ˜¯-->Mon Nov 23 15:09:00 CST 2020
[2020-11-23 15:09:00.027 aniu-download [1;31mERROR[0;39m [33m[0;39m [32m[0;39m [34m[0;39m [33mscheduling-1[0;39m [32morg.springframework.scheduling.support.TaskUtils$LoggingErrorHandler[0;39m Unexpected error occurred in scheduled task
java.io.FileNotFoundException: class path resource [abc.xlsx] cannot be resolved to absolute file path because it does not exist
	at org.springframework.util.ResourceUtils.getFile(ResourceUtils.java:177)
	at com.aniu.downvideo.util.DownloadUtils.read(DownloadUtils.java:92)
	at com.aniu.downvideo.service.impl.VideoStatusServiceImpl.saveExcelData(VideoStatusServiceImpl.java:42)
	at com.aniu.downvideo.task.VideoTask.saveExcelData(VideoTask.java:43)
	at sun.reflect.NativeMethodAccessorImpl.invoke0(Native Method)
	at sun.reflect.NativeMethodAccessorImpl.invoke(NativeMethodAccessorImpl.java:62)
	at sun.reflect.DelegatingMethodAccessorImpl.invoke(DelegatingMethodAccessorImpl.java:43)
	at java.lang.reflect.Method.invoke(Method.java:498)
	at org.springframework.scheduling.support.ScheduledMethodRunnable.run(ScheduledMethodRunnable.java:84)
	at org.springframework.scheduling.support.DelegatingErrorHandlingRunnable.run(DelegatingErrorHandlingRunnable.java:54)
	at org.springframework.scheduling.concurrent.ReschedulingRunnable.run(ReschedulingRunnable.java:95)
	at java.util.concurrent.Executors$RunnableAdapter.call(Executors.java:511)
	at java.util.concurrent.FutureTask.run(FutureTask.java:266)
	at java.util.concurrent.ScheduledThreadPoolExecutor$ScheduledFutureTask.access$201(ScheduledThreadPoolExecutor.java:180)
	at java.util.concurrent.ScheduledThreadPoolExecutor$ScheduledFutureTask.run(ScheduledThreadPoolExecutor.java:293)
	at java.util.concurrent.ThreadPoolExecutor.runWorker(ThreadPoolExecutor.java:1149)
	at java.util.concurrent.ThreadPoolExecutor$Worker.run(ThreadPoolExecutor.java:624)
	at java.lang.Thread.run(Thread.java:748)
[2020-11-23 15:10:23.977 aniu-download [34mINFO [0;39m [33m[0;39m [32m[0;39m [34m[0;39m [33mbackground-preinit[0;39m [32morg.hibernate.validator.internal.util.Version[0;39m HV000001: Hibernate Validator 6.1.6.Final
[2020-11-23 15:10:23.989 aniu-download [34mINFO [0;39m [33m[0;39m [32m[0;39m [34m[0;39m [33mrestartedMain[0;39m [32mcom.aniu.downvideo.DownvideoApplication[0;39m Starting DownvideoApplication using Java 1.8.0_191 on wanglei with PID 8196 (C:\hanproject\downvideo\target\classes started by Administrator in C:\hanproject\downvideo)
[2020-11-23 15:10:23.990 aniu-download [34mINFO [0;39m [33m[0;39m [32m[0;39m [34m[0;39m [33mrestartedMain[0;39m [32mcom.aniu.downvideo.DownvideoApplication[0;39m The following profiles are active: dev
[2020-11-23 15:10:24.048 aniu-download [34mINFO [0;39m [33m[0;39m [32m[0;39m [34m[0;39m [33mrestartedMain[0;39m [32morg.springframework.boot.devtools.env.DevToolsPropertyDefaultsPostProcessor[0;39m Devtools property defaults active! Set 'spring.devtools.add-properties' to 'false' to disable
[2020-11-23 15:10:24.048 aniu-download [34mINFO [0;39m [33m[0;39m [32m[0;39m [34m[0;39m [33mrestartedMain[0;39m [32morg.springframework.boot.devtools.env.DevToolsPropertyDefaultsPostProcessor[0;39m For additional web related logging consider setting the 'logging.level.web' property to 'DEBUG'
[2020-11-23 15:10:25.049 aniu-download [34mINFO [0;39m [33m[0;39m [32m[0;39m [34m[0;39m [33mrestartedMain[0;39m [32morg.springframework.boot.web.embedded.tomcat.TomcatWebServer[0;39m Tomcat initialized with port(s): 8080 (http)
[2020-11-23 15:10:25.058 aniu-download [34mINFO [0;39m [33m[0;39m [32m[0;39m [34m[0;39m [33mrestartedMain[0;39m [32morg.apache.coyote.http11.Http11NioProtocol[0;39m Initializing ProtocolHandler ["http-nio-8080"]
[2020-11-23 15:10:25.058 aniu-download [34mINFO [0;39m [33m[0;39m [32m[0;39m [34m[0;39m [33mrestartedMain[0;39m [32morg.apache.catalina.core.StandardService[0;39m Starting service [Tomcat]
[2020-11-23 15:10:25.058 aniu-download [34mINFO [0;39m [33m[0;39m [32m[0;39m [34m[0;39m [33mrestartedMain[0;39m [32morg.apache.catalina.core.StandardEngine[0;39m Starting Servlet engine: [Apache Tomcat/9.0.39]
[2020-11-23 15:10:25.159 aniu-download [34mINFO [0;39m [33m[0;39m [32m[0;39m [34m[0;39m [33mrestartedMain[0;39m [32morg.apache.catalina.core.ContainerBase.[Tomcat].[localhost].[/][0;39m Initializing Spring embedded WebApplicationContext
[2020-11-23 15:10:25.159 aniu-download [34mINFO [0;39m [33m[0;39m [32m[0;39m [34m[0;39m [33mrestartedMain[0;39m [32morg.springframework.boot.web.servlet.context.ServletWebServerApplicationContext[0;39m Root WebApplicationContext: initialization completed in 1110 ms
[2020-11-23 15:10:25.700 aniu-download [34mINFO [0;39m [33m[0;39m [32m[0;39m [34m[0;39m [33mrestartedMain[0;39m [32morg.springframework.scheduling.concurrent.ThreadPoolTaskScheduler[0;39m Initializing ExecutorService 'taskScheduler'
[2020-11-23 15:10:25.738 aniu-download [34mINFO [0;39m [33m[0;39m [32m[0;39m [34m[0;39m [33mrestartedMain[0;39m [32morg.springframework.boot.devtools.autoconfigure.OptionalLiveReloadServer[0;39m LiveReload server is running on port 35729
[2020-11-23 15:10:25.752 aniu-download [34mINFO [0;39m [33m[0;39m [32m[0;39m [34m[0;39m [33mrestartedMain[0;39m [32morg.apache.coyote.http11.Http11NioProtocol[0;39m Starting ProtocolHandler ["http-nio-8080"]
[2020-11-23 15:10:25.768 aniu-download [34mINFO [0;39m [33m[0;39m [32m[0;39m [34m[0;39m [33mrestartedMain[0;39m [32morg.springframework.boot.web.embedded.tomcat.TomcatWebServer[0;39m Tomcat started on port(s): 8080 (http) with context path ''
[2020-11-23 15:10:25.780 aniu-download [34mINFO [0;39m [33m[0;39m [32m[0;39m [34m[0;39m [33mrestartedMain[0;39m [32mcom.aniu.downvideo.DownvideoApplication[0;39m Started DownvideoApplication in 2.236 seconds (JVM running for 3.019)
[2020-11-23 15:10:55.680 aniu-download [34mINFO [0;39m [33m[0;39m [32m[0;39m [34m[0;39m [33mThread-10[0;39m [32morg.springframework.scheduling.concurrent.ThreadPoolTaskScheduler[0;39m Shutting down ExecutorService 'taskScheduler'
[2020-11-23 15:11:01.712 aniu-download [34mINFO [0;39m [33m[0;39m [32m[0;39m [34m[0;39m [33mrestartedMain[0;39m [32mcom.aniu.downvideo.DownvideoApplication[0;39m Starting DownvideoApplication using Java 1.8.0_191 on wanglei with PID 8196 (C:\hanproject\downvideo\target\classes started by Administrator in C:\hanproject\downvideo)
[2020-11-23 15:11:01.713 aniu-download [34mINFO [0;39m [33m[0;39m [32m[0;39m [34m[0;39m [33mrestartedMain[0;39m [32mcom.aniu.downvideo.DownvideoApplication[0;39m The following profiles are active: dev
[2020-11-23 15:11:01.896 aniu-download [31mWARN [0;39m [33m[0;39m [32m[0;39m [34m[0;39m [33mrestartedMain[0;39m [32morg.mybatis.spring.mapper.ClassPathMapperScanner[0;39m No MyBatis mapper was found in '[com.aniu.downvideo.mapper]' package. Please check your configuration.
[2020-11-23 15:11:01.934 aniu-download [34mINFO [0;39m [33m[0;39m [32m[0;39m [34m[0;39m [33mrestartedMain[0;39m [32morg.springframework.boot.web.embedded.tomcat.TomcatWebServer[0;39m Tomcat initialized with port(s): 8080 (http)
[2020-11-23 15:11:01.934 aniu-download [34mINFO [0;39m [33m[0;39m [32m[0;39m [34m[0;39m [33mrestartedMain[0;39m [32morg.apache.catalina.core.StandardService[0;39m Starting service [Tomcat]
[2020-11-23 15:11:01.934 aniu-download [34mINFO [0;39m [33m[0;39m [32m[0;39m [34m[0;39m [33mrestartedMain[0;39m [32morg.apache.catalina.core.StandardEngine[0;39m Starting Servlet engine: [Apache Tomcat/9.0.39]
[2020-11-23 15:11:01.965 aniu-download [34mINFO [0;39m [33m[0;39m [32m[0;39m [34m[0;39m [33mrestartedMain[0;39m [32morg.apache.catalina.core.ContainerBase.[Tomcat-1].[localhost].[/][0;39m Initializing Spring embedded WebApplicationContext
[2020-11-23 15:11:01.965 aniu-download [34mINFO [0;39m [33m[0;39m [32m[0;39m [34m[0;39m [33mrestartedMain[0;39m [32morg.springframework.boot.web.servlet.context.ServletWebServerApplicationContext[0;39m Root WebApplicationContext: initialization completed in 250 ms
[2020-11-23 15:11:02.011 aniu-download [34mINFO [0;39m [33m[0;39m [32m[0;39m [34m[0;39m [33mrestartedMain[0;39m [32morg.springframework.scheduling.concurrent.ThreadPoolTaskExecutor[0;39m Initializing ExecutorService 'applicationTaskExecutor'
[2020-11-23 15:11:02.065 aniu-download [31mWARN [0;39m [33m[0;39m [32m[0;39m [34m[0;39m [33mrestartedMain[0;39m [32morg.springframework.boot.web.servlet.context.AnnotationConfigServletWebServerApplicationContext[0;39m Exception encountered during context initialization - cancelling refresh attempt: org.springframework.beans.factory.BeanCreationException: Error creating bean with name 'sqlSessionFactory' defined in class path resource [org/mybatis/spring/boot/autoconfigure/MybatisAutoConfiguration.class]: Bean instantiation via factory method failed; nested exception is org.springframework.beans.BeanInstantiationException: Failed to instantiate [org.apache.ibatis.session.SqlSessionFactory]: Factory method 'sqlSessionFactory' threw exception; nested exception is org.springframework.core.NestedIOException: Failed to parse mapping resource: 'file [C:\hanproject\downvideo\target\classes\mybatis\AniuCcvideoDownloadStatusMapper.xml]'; nested exception is org.apache.ibatis.builder.BuilderException: Error parsing Mapper XML. The XML location is 'file [C:\hanproject\downvideo\target\classes\mybatis\AniuCcvideoDownloadStatusMapper.xml]'. Cause: org.apache.ibatis.builder.BuilderException: Error resolving class. Cause: org.apache.ibatis.type.TypeException: Could not resolve type alias 'com.aniu.downvideo.entity.AniuCcvideoDownloadStatus'.  Cause: java.lang.ClassNotFoundException: Cannot find class: com.aniu.downvideo.entity.AniuCcvideoDownloadStatus
[2020-11-23 15:11:02.065 aniu-download [34mINFO [0;39m [33m[0;39m [32m[0;39m [34m[0;39m [33mrestartedMain[0;39m [32morg.springframework.scheduling.concurrent.ThreadPoolTaskExecutor[0;39m Shutting down ExecutorService 'applicationTaskExecutor'
[2020-11-23 15:11:02.065 aniu-download [34mINFO [0;39m [33m[0;39m [32m[0;39m [34m[0;39m [33mrestartedMain[0;39m [32morg.apache.catalina.core.StandardService[0;39m Stopping service [Tomcat]
[2020-11-23 15:11:02.070 aniu-download [34mINFO [0;39m [33m[0;39m [32m[0;39m [34m[0;39m [33mrestartedMain[0;39m [32morg.springframework.boot.autoconfigure.logging.ConditionEvaluationReportLoggingListener[0;39m 

Error starting ApplicationContext. To display the conditions report re-run your application with 'debug' enabled.
[2020-11-23 15:11:02.077 aniu-download [1;31mERROR[0;39m [33m[0;39m [32m[0;39m [34m[0;39m [33mrestartedMain[0;39m [32morg.springframework.boot.SpringApplication[0;39m Application run failed
org.springframework.beans.factory.BeanCreationException: Error creating bean with name 'sqlSessionFactory' defined in class path resource [org/mybatis/spring/boot/autoconfigure/MybatisAutoConfiguration.class]: Bean instantiation via factory method failed; nested exception is org.springframework.beans.BeanInstantiationException: Failed to instantiate [org.apache.ibatis.session.SqlSessionFactory]: Factory method 'sqlSessionFactory' threw exception; nested exception is org.springframework.core.NestedIOException: Failed to parse mapping resource: 'file [C:\hanproject\downvideo\target\classes\mybatis\AniuCcvideoDownloadStatusMapper.xml]'; nested exception is org.apache.ibatis.builder.BuilderException: Error parsing Mapper XML. The XML location is 'file [C:\hanproject\downvideo\target\classes\mybatis\AniuCcvideoDownloadStatusMapper.xml]'. Cause: org.apache.ibatis.builder.BuilderException: Error resolving class. Cause: org.apache.ibatis.type.TypeException: Could not resolve type alias 'com.aniu.downvideo.entity.AniuCcvideoDownloadStatus'.  Cause: java.lang.ClassNotFoundException: Cannot find class: com.aniu.downvideo.entity.AniuCcvideoDownloadStatus
	at org.springframework.beans.factory.support.ConstructorResolver.instantiate(ConstructorResolver.java:656)
	at org.springframework.beans.factory.support.ConstructorResolver.instantiateUsingFactoryMethod(ConstructorResolver.java:636)
	at org.springframework.beans.factory.support.AbstractAutowireCapableBeanFactory.instantiateUsingFactoryMethod(AbstractAutowireCapableBeanFactory.java:1336)
	at org.springframework.beans.factory.support.AbstractAutowireCapableBeanFactory.createBeanInstance(AbstractAutowireCapableBeanFactory.java:1179)
	at org.springframework.beans.factory.support.AbstractAutowireCapableBeanFactory.doCreateBean(AbstractAutowireCapableBeanFactory.java:571)
	at org.springframework.beans.factory.support.AbstractAutowireCapableBeanFactory.createBean(AbstractAutowireCapableBeanFactory.java:531)
	at org.springframework.beans.factory.support.AbstractBeanFactory.lambda$doGetBean$0(AbstractBeanFactory.java:335)
	at org.springframework.beans.factory.support.DefaultSingletonBeanRegistry.getSingleton(DefaultSingletonBeanRegistry.java:234)
	at org.springframework.beans.factory.support.AbstractBeanFactory.doGetBean(AbstractBeanFactory.java:333)
	at org.springframework.beans.factory.support.AbstractBeanFactory.getBean(AbstractBeanFactory.java:208)
	at org.springframework.beans.factory.support.DefaultListableBeanFactory.preInstantiateSingletons(DefaultListableBeanFactory.java:944)
	at org.springframework.context.support.AbstractApplicationContext.finishBeanFactoryInitialization(AbstractApplicationContext.java:925)
	at org.springframework.context.support.AbstractApplicationContext.refresh(AbstractApplicationContext.java:588)
	at org.springframework.boot.web.servlet.context.ServletWebServerApplicationContext.refresh(ServletWebServerApplicationContext.java:144)
	at org.springframework.boot.SpringApplication.refresh(SpringApplication.java:767)
	at org.springframework.boot.SpringApplication.refresh(SpringApplication.java:759)
	at org.springframework.boot.SpringApplication.refreshContext(SpringApplication.java:426)
	at org.springframework.boot.SpringApplication.run(SpringApplication.java:326)
	at org.springframework.boot.SpringApplication.run(SpringApplication.java:1309)
	at org.springframework.boot.SpringApplication.run(SpringApplication.java:1298)
	at com.aniu.downvideo.DownvideoApplication.main(DownvideoApplication.java:14)
	at sun.reflect.NativeMethodAccessorImpl.invoke0(Native Method)
	at sun.reflect.NativeMethodAccessorImpl.invoke(NativeMethodAccessorImpl.java:62)
	at sun.reflect.DelegatingMethodAccessorImpl.invoke(DelegatingMethodAccessorImpl.java:43)
	at java.lang.reflect.Method.invoke(Method.java:498)
	at org.springframework.boot.devtools.restart.RestartLauncher.run(RestartLauncher.java:49)
Caused by: org.springframework.beans.BeanInstantiationException: Failed to instantiate [org.apache.ibatis.session.SqlSessionFactory]: Factory method 'sqlSessionFactory' threw exception; nested exception is org.springframework.core.NestedIOException: Failed to parse mapping resource: 'file [C:\hanproject\downvideo\target\classes\mybatis\AniuCcvideoDownloadStatusMapper.xml]'; nested exception is org.apache.ibatis.builder.BuilderException: Error parsing Mapper XML. The XML location is 'file [C:\hanproject\downvideo\target\classes\mybatis\AniuCcvideoDownloadStatusMapper.xml]'. Cause: org.apache.ibatis.builder.BuilderException: Error resolving class. Cause: org.apache.ibatis.type.TypeException: Could not resolve type alias 'com.aniu.downvideo.entity.AniuCcvideoDownloadStatus'.  Cause: java.lang.ClassNotFoundException: Cannot find class: com.aniu.downvideo.entity.AniuCcvideoDownloadStatus
	at org.springframework.beans.factory.support.SimpleInstantiationStrategy.instantiate(SimpleInstantiationStrategy.java:185)
	at org.springframework.beans.factory.support.ConstructorResolver.instantiate(ConstructorResolver.java:651)
	... 25 common frames omitted
Caused by: org.springframework.core.NestedIOException: Failed to parse mapping resource: 'file [C:\hanproject\downvideo\target\classes\mybatis\AniuCcvideoDownloadStatusMapper.xml]'; nested exception is org.apache.ibatis.builder.BuilderException: Error parsing Mapper XML. The XML location is 'file [C:\hanproject\downvideo\target\classes\mybatis\AniuCcvideoDownloadStatusMapper.xml]'. Cause: org.apache.ibatis.builder.BuilderException: Error resolving class. Cause: org.apache.ibatis.type.TypeException: Could not resolve type alias 'com.aniu.downvideo.entity.AniuCcvideoDownloadStatus'.  Cause: java.lang.ClassNotFoundException: Cannot find class: com.aniu.downvideo.entity.AniuCcvideoDownloadStatus
	at org.mybatis.spring.SqlSessionFactoryBean.buildSqlSessionFactory(SqlSessionFactoryBean.java:595)
	at org.mybatis.spring.SqlSessionFactoryBean.afterPropertiesSet(SqlSessionFactoryBean.java:475)
	at org.mybatis.spring.SqlSessionFactoryBean.getObject(SqlSessionFactoryBean.java:615)
	at org.mybatis.spring.boot.autoconfigure.MybatisAutoConfiguration.sqlSessionFactory(MybatisAutoConfiguration.java:180)
	at org.mybatis.spring.boot.autoconfigure.MybatisAutoConfiguration$$EnhancerBySpringCGLIB$$88fa0f6b.CGLIB$sqlSessionFactory$2(<generated>)
	at org.mybatis.spring.boot.autoconfigure.MybatisAutoConfiguration$$EnhancerBySpringCGLIB$$88fa0f6b$$FastClassBySpringCGLIB$$ce068c0b.invoke(<generated>)
	at org.springframework.cglib.proxy.MethodProxy.invokeSuper(MethodProxy.java:244)
	at org.springframework.context.annotation.ConfigurationClassEnhancer$BeanMethodInterceptor.intercept(ConfigurationClassEnhancer.java:331)
	at org.mybatis.spring.boot.autoconfigure.MybatisAutoConfiguration$$EnhancerBySpringCGLIB$$88fa0f6b.sqlSessionFactory(<generated>)
	at sun.reflect.NativeMethodAccessorImpl.invoke0(Native Method)
	at sun.reflect.NativeMethodAccessorImpl.invoke(NativeMethodAccessorImpl.java:62)
	at sun.reflect.DelegatingMethodAccessorImpl.invoke(DelegatingMethodAccessorImpl.java:43)
	at java.lang.reflect.Method.invoke(Method.java:498)
	at org.springframework.beans.factory.support.SimpleInstantiationStrategy.instantiate(SimpleInstantiationStrategy.java:154)
	... 26 common frames omitted
Caused by: org.apache.ibatis.builder.BuilderException: Error parsing Mapper XML. The XML location is 'file [C:\hanproject\downvideo\target\classes\mybatis\AniuCcvideoDownloadStatusMapper.xml]'. Cause: org.apache.ibatis.builder.BuilderException: Error resolving class. Cause: org.apache.ibatis.type.TypeException: Could not resolve type alias 'com.aniu.downvideo.entity.AniuCcvideoDownloadStatus'.  Cause: java.lang.ClassNotFoundException: Cannot find class: com.aniu.downvideo.entity.AniuCcvideoDownloadStatus
	at org.apache.ibatis.builder.xml.XMLMapperBuilder.configurationElement(XMLMapperBuilder.java:122)
	at org.apache.ibatis.builder.xml.XMLMapperBuilder.parse(XMLMapperBuilder.java:94)
	at org.mybatis.spring.SqlSessionFactoryBean.buildSqlSessionFactory(SqlSessionFactoryBean.java:593)
	... 39 common frames omitted
Caused by: org.apache.ibatis.builder.BuilderException: Error resolving class. Cause: org.apache.ibatis.type.TypeException: Could not resolve type alias 'com.aniu.downvideo.entity.AniuCcvideoDownloadStatus'.  Cause: java.lang.ClassNotFoundException: Cannot find class: com.aniu.downvideo.entity.AniuCcvideoDownloadStatus
	at org.apache.ibatis.builder.BaseBuilder.resolveClass(BaseBuilder.java:118)
	at org.apache.ibatis.builder.xml.XMLMapperBuilder.resultMapElement(XMLMapperBuilder.java:262)
	at org.apache.ibatis.builder.xml.XMLMapperBuilder.resultMapElement(XMLMapperBuilder.java:253)
	at org.apache.ibatis.builder.xml.XMLMapperBuilder.resultMapElements(XMLMapperBuilder.java:245)
	at org.apache.ibatis.builder.xml.XMLMapperBuilder.configurationElement(XMLMapperBuilder.java:118)
	... 41 common frames omitted
Caused by: org.apache.ibatis.type.TypeException: Could not resolve type alias 'com.aniu.downvideo.entity.AniuCcvideoDownloadStatus'.  Cause: java.lang.ClassNotFoundException: Cannot find class: com.aniu.downvideo.entity.AniuCcvideoDownloadStatus
	at org.apache.ibatis.type.TypeAliasRegistry.resolveAlias(TypeAliasRegistry.java:120)
	at org.apache.ibatis.builder.BaseBuilder.resolveAlias(BaseBuilder.java:149)
	at org.apache.ibatis.builder.BaseBuilder.resolveClass(BaseBuilder.java:116)
	... 45 common frames omitted
Caused by: java.lang.ClassNotFoundException: Cannot find class: com.aniu.downvideo.entity.AniuCcvideoDownloadStatus
	at org.apache.ibatis.io.ClassLoaderWrapper.classForName(ClassLoaderWrapper.java:200)
	at org.apache.ibatis.io.ClassLoaderWrapper.classForName(ClassLoaderWrapper.java:89)
	at org.apache.ibatis.io.Resources.classForName(Resources.java:261)
	at org.apache.ibatis.type.TypeAliasRegistry.resolveAlias(TypeAliasRegistry.java:116)
	... 47 common frames omitted
[2020-11-23 15:11:05.565 aniu-download [34mINFO [0;39m [33m[0;39m [32m[0;39m [34m[0;39m [33mrestartedMain[0;39m [32mcom.aniu.downvideo.DownvideoApplication[0;39m Starting DownvideoApplication using Java 1.8.0_191 on wanglei with PID 8196 (C:\hanproject\downvideo\target\classes started by Administrator in C:\hanproject\downvideo)
[2020-11-23 15:11:05.565 aniu-download [34mINFO [0;39m [33m[0;39m [32m[0;39m [34m[0;39m [33mrestartedMain[0;39m [32mcom.aniu.downvideo.DownvideoApplication[0;39m The following profiles are active: dev
[2020-11-23 15:11:05.861 aniu-download [34mINFO [0;39m [33m[0;39m [32m[0;39m [34m[0;39m [33mrestartedMain[0;39m [32morg.springframework.boot.web.embedded.tomcat.TomcatWebServer[0;39m Tomcat initialized with port(s): 8080 (http)
[2020-11-23 15:11:05.862 aniu-download [34mINFO [0;39m [33m[0;39m [32m[0;39m [34m[0;39m [33mrestartedMain[0;39m [32morg.apache.catalina.core.StandardService[0;39m Starting service [Tomcat]
[2020-11-23 15:11:05.862 aniu-download [34mINFO [0;39m [33m[0;39m [32m[0;39m [34m[0;39m [33mrestartedMain[0;39m [32morg.apache.catalina.core.StandardEngine[0;39m Starting Servlet engine: [Apache Tomcat/9.0.39]
[2020-11-23 15:11:05.896 aniu-download [34mINFO [0;39m [33m[0;39m [32m[0;39m [34m[0;39m [33mrestartedMain[0;39m [32morg.apache.catalina.core.ContainerBase.[Tomcat-2].[localhost].[/][0;39m Initializing Spring embedded WebApplicationContext
[2020-11-23 15:11:05.896 aniu-download [34mINFO [0;39m [33m[0;39m [32m[0;39m [34m[0;39m [33mrestartedMain[0;39m [32morg.springframework.boot.web.servlet.context.ServletWebServerApplicationContext[0;39m Root WebApplicationContext: initialization completed in 328 ms
[2020-11-23 15:11:06.035 aniu-download [34mINFO [0;39m [33m[0;39m [32m[0;39m [34m[0;39m [33mrestartedMain[0;39m [32morg.springframework.scheduling.concurrent.ThreadPoolTaskScheduler[0;39m Initializing ExecutorService 'taskScheduler'
[2020-11-23 15:11:06.042 aniu-download [34mINFO [0;39m [33m[0;39m [32m[0;39m [34m[0;39m [33mrestartedMain[0;39m [32morg.springframework.boot.devtools.autoconfigure.OptionalLiveReloadServer[0;39m LiveReload server is running on port 35729
[2020-11-23 15:11:06.051 aniu-download [34mINFO [0;39m [33m[0;39m [32m[0;39m [34m[0;39m [33mrestartedMain[0;39m [32morg.springframework.boot.web.embedded.tomcat.TomcatWebServer[0;39m Tomcat started on port(s): 8080 (http) with context path ''
[2020-11-23 15:11:06.055 aniu-download [34mINFO [0;39m [33m[0;39m [32m[0;39m [34m[0;39m [33mrestartedMain[0;39m [32mcom.aniu.downvideo.DownvideoApplication[0;39m Started DownvideoApplication in 0.525 seconds (JVM running for 43.294)
[2020-11-23 15:11:06.057 aniu-download [34mINFO [0;39m [33m[0;39m [32m[0;39m [34m[0;39m [33mrestartedMain[0;39m [32morg.springframework.boot.devtools.autoconfigure.ConditionEvaluationDeltaLoggingListener[0;39m Condition evaluation unchanged
[2020-11-23 15:11:07.664 aniu-download [34mINFO [0;39m [33m[0;39m [32m[0;39m [34m[0;39m [33mmain[0;39m [32mcom.aniu.downvideo.DownvideoApplicationTests[0;39m Starting DownvideoApplicationTests using Java 1.8.0_191 on wanglei with PID 11544 (started by Administrator in C:\hanproject\downvideo)
[2020-11-23 15:11:07.665 aniu-download [34mINFO [0;39m [33m[0;39m [32m[0;39m [34m[0;39m [33mmain[0;39m [32mcom.aniu.downvideo.DownvideoApplicationTests[0;39m The following profiles are active: dev
[2020-11-23 15:11:07.675 aniu-download [34mINFO [0;39m [33m[0;39m [32m[0;39m [34m[0;39m [33mbackground-preinit[0;39m [32morg.hibernate.validator.internal.util.Version[0;39m HV000001: Hibernate Validator 6.1.6.Final
[2020-11-23 15:11:10.157 aniu-download [34mINFO [0;39m [33m[0;39m [32m[0;39m [34m[0;39m [33mmain[0;39m [32morg.springframework.scheduling.concurrent.ThreadPoolTaskScheduler[0;39m Initializing ExecutorService 'taskScheduler'
[2020-11-23 15:11:10.247 aniu-download [34mINFO [0;39m [33m[0;39m [32m[0;39m [34m[0;39m [33mmain[0;39m [32mcom.aniu.downvideo.DownvideoApplicationTests[0;39m Started DownvideoApplicationTests in 3.036 seconds (JVM running for 4.189)
[2020-11-23 15:11:10.556 aniu-download [34mINFO [0;39m [33m[0;39m [32m[0;39m [34m[0;39m [33mSpringContextShutdownHook[0;39m [32morg.springframework.scheduling.concurrent.ThreadPoolTaskScheduler[0;39m Shutting down ExecutorService 'taskScheduler'
[2020-11-23 15:11:40.990 aniu-download [34mINFO [0;39m [33m[0;39m [32m[0;39m [34m[0;39m [33mbackground-preinit[0;39m [32morg.hibernate.validator.internal.util.Version[0;39m HV000001: Hibernate Validator 6.1.6.Final
[2020-11-23 15:11:40.995 aniu-download [34mINFO [0;39m [33m[0;39m [32m[0;39m [34m[0;39m [33mrestartedMain[0;39m [32mcom.aniu.downvideo.DownvideoApplication[0;39m Starting DownvideoApplication using Java 1.8.0_191 on wanglei with PID 12120 (C:\hanproject\downvideo\target\classes started by Administrator in C:\hanproject\downvideo)
[2020-11-23 15:11:40.995 aniu-download [34mINFO [0;39m [33m[0;39m [32m[0;39m [34m[0;39m [33mrestartedMain[0;39m [32mcom.aniu.downvideo.DownvideoApplication[0;39m The following profiles are active: dev
[2020-11-23 15:11:41.042 aniu-download [34mINFO [0;39m [33m[0;39m [32m[0;39m [34m[0;39m [33mrestartedMain[0;39m [32morg.springframework.boot.devtools.env.DevToolsPropertyDefaultsPostProcessor[0;39m Devtools property defaults active! Set 'spring.devtools.add-properties' to 'false' to disable
[2020-11-23 15:11:41.042 aniu-download [34mINFO [0;39m [33m[0;39m [32m[0;39m [34m[0;39m [33mrestartedMain[0;39m [32morg.springframework.boot.devtools.env.DevToolsPropertyDefaultsPostProcessor[0;39m For additional web related logging consider setting the 'logging.level.web' property to 'DEBUG'
[2020-11-23 15:11:42.053 aniu-download [34mINFO [0;39m [33m[0;39m [32m[0;39m [34m[0;39m [33mrestartedMain[0;39m [32morg.springframework.boot.web.embedded.tomcat.TomcatWebServer[0;39m Tomcat initialized with port(s): 8080 (http)
[2020-11-23 15:11:42.061 aniu-download [34mINFO [0;39m [33m[0;39m [32m[0;39m [34m[0;39m [33mrestartedMain[0;39m [32morg.apache.coyote.http11.Http11NioProtocol[0;39m Initializing ProtocolHandler ["http-nio-8080"]
[2020-11-23 15:11:42.061 aniu-download [34mINFO [0;39m [33m[0;39m [32m[0;39m [34m[0;39m [33mrestartedMain[0;39m [32morg.apache.catalina.core.StandardService[0;39m Starting service [Tomcat]
[2020-11-23 15:11:42.062 aniu-download [34mINFO [0;39m [33m[0;39m [32m[0;39m [34m[0;39m [33mrestartedMain[0;39m [32morg.apache.catalina.core.StandardEngine[0;39m Starting Servlet engine: [Apache Tomcat/9.0.39]
[2020-11-23 15:11:42.162 aniu-download [34mINFO [0;39m [33m[0;39m [32m[0;39m [34m[0;39m [33mrestartedMain[0;39m [32morg.apache.catalina.core.ContainerBase.[Tomcat].[localhost].[/][0;39m Initializing Spring embedded WebApplicationContext
[2020-11-23 15:11:42.162 aniu-download [34mINFO [0;39m [33m[0;39m [32m[0;39m [34m[0;39m [33mrestartedMain[0;39m [32morg.springframework.boot.web.servlet.context.ServletWebServerApplicationContext[0;39m Root WebApplicationContext: initialization completed in 1119 ms
[2020-11-23 15:11:42.690 aniu-download [34mINFO [0;39m [33m[0;39m [32m[0;39m [34m[0;39m [33mrestartedMain[0;39m [32morg.springframework.scheduling.concurrent.ThreadPoolTaskScheduler[0;39m Initializing ExecutorService 'taskScheduler'
[2020-11-23 15:11:42.727 aniu-download [34mINFO [0;39m [33m[0;39m [32m[0;39m [34m[0;39m [33mrestartedMain[0;39m [32morg.springframework.boot.devtools.autoconfigure.OptionalLiveReloadServer[0;39m LiveReload server is running on port 35729
[2020-11-23 15:11:42.740 aniu-download [34mINFO [0;39m [33m[0;39m [32m[0;39m [34m[0;39m [33mrestartedMain[0;39m [32morg.apache.coyote.http11.Http11NioProtocol[0;39m Starting ProtocolHandler ["http-nio-8080"]
[2020-11-23 15:11:42.756 aniu-download [34mINFO [0;39m [33m[0;39m [32m[0;39m [34m[0;39m [33mrestartedMain[0;39m [32morg.springframework.boot.web.embedded.tomcat.TomcatWebServer[0;39m Tomcat started on port(s): 8080 (http) with context path ''
[2020-11-23 15:11:42.768 aniu-download [34mINFO [0;39m [33m[0;39m [32m[0;39m [34m[0;39m [33mrestartedMain[0;39m [32mcom.aniu.downvideo.DownvideoApplication[0;39m Started DownvideoApplication in 2.216 seconds (JVM running for 3.028)
[2020-11-23 15:13:00.002 aniu-download [34mINFO [0;39m [33m[0;39m [32m[0;39m [34m[0;39m [33mscheduling-1[0;39m [32mcom.aniu.downvideo.task.VideoTask[0;39m saveExcelData()å¼€å§‹æ—¶é—´æ˜¯-->Mon Nov 23 15:13:00 CST 2020
[2020-11-23 15:13:00.519 aniu-download [34mINFO [0;39m [33m[0;39m [32m[0;39m [34m[0;39m [33mscheduling-1[0;39m [32mcom.aniu.downvideo.util.DownloadUtils[0;39m excelè¡¨çš„æ€»è¡Œæ•°æ˜¯-->1550
[2020-11-23 15:13:00.592 aniu-download [34mINFO [0;39m [33m[0;39m [32m[0;39m [34m[0;39m [33mscheduling-1[0;39m [32mcom.zaxxer.hikari.HikariDataSource[0;39m HikariPool-1 - Starting...
[2020-11-23 15:13:00.716 aniu-download [34mINFO [0;39m [33m[0;39m [32m[0;39m [34m[0;39m [33mscheduling-1[0;39m [32mcom.zaxxer.hikari.HikariDataSource[0;39m HikariPool-1 - Start completed.
[2020-11-23 15:13:01.087 aniu-download [34mINFO [0;39m [33m[0;39m [32m[0;39m [34m[0;39m [33mscheduling-1[0;39m [32mcom.aniu.downvideo.task.VideoTask[0;39m saveExcelData()æ‰§è¡Œå®Œæˆæ—¶é—´æ˜¯-->Mon Nov 23 15:13:01 CST 2020
[2020-11-23 15:15:00.001 aniu-download [34mINFO [0;39m [33m[0;39m [32m[0;39m [34m[0;39m [33mscheduling-1[0;39m [32mcom.aniu.downvideo.task.VideoTask[0;39m downloadVideos()ä¸‹è½½è§†é¢‘æ–‡ä»¶å¼€å§‹äº†......
[2020-11-23 15:15:28.754 aniu-download [34mINFO [0;39m [33m[0;39m [32m[0;39m [34m[0;39m [33mconsumer-queue-td-5[0;39m [32mcom.aniu.downvideo.util.DownloadUtils[0;39m 00DCEA5F159676A79C33DC5901307461-->è§†é¢‘å·²ä¸‹è½½å®Œæˆ&&&è§†é¢‘ä¸‹è½½çŠ¶æ€è¡¨successã€‚ã€‚ã€‚
[2020-11-23 15:15:28.884 aniu-download [34mINFO [0;39m [33m[0;39m [32m[0;39m [34m[0;39m [33mconsumer-queue-td-4[0;39m [32mcom.aniu.downvideo.util.DownloadUtils[0;39m 00DCEA5F159676A79C33DC5901307461-->è§†é¢‘å·²ä¸‹è½½å®Œæˆ&&&è§†é¢‘ä¸‹è½½çŠ¶æ€è¡¨successã€‚ã€‚ã€‚
[2020-11-23 15:16:28.524 aniu-download [34mINFO [0;39m [33m[0;39m [32m[0;39m [34m[0;39m [33mconsumer-queue-td-9[0;39m [32mcom.aniu.downvideo.util.DownloadUtils[0;39m 02036C2D2E0A1C719C33DC5901307461-->è§†é¢‘å·²ä¸‹è½½å®Œæˆ&&&è§†é¢‘ä¸‹è½½çŠ¶æ€è¡¨successã€‚ã€‚ã€‚
[2020-11-23 15:20:57.458 aniu-download [31mWARN [0;39m [33m[0;39m [32m[0;39m [34m[0;39m [33mconsumer-queue-td-7[0;39m [32mcom.zaxxer.hikari.pool.PoolBase[0;39m HikariPool-1 - Failed to validate connection com.mysql.cj.jdbc.ConnectionImpl@1bec8b0d (No operations allowed after connection closed.). Possibly consider using a shorter maxLifetime value.
[2020-11-23 15:20:57.462 aniu-download [31mWARN [0;39m [33m[0;39m [32m[0;39m [34m[0;39m [33mconsumer-queue-td-7[0;39m [32mcom.zaxxer.hikari.pool.PoolBase[0;39m HikariPool-1 - Failed to validate connection com.mysql.cj.jdbc.ConnectionImpl@39d870cf (No operations allowed after connection closed.). Possibly consider using a shorter maxLifetime value.
[2020-11-23 15:20:57.465 aniu-download [31mWARN [0;39m [33m[0;39m [32m[0;39m [34m[0;39m [33mconsumer-queue-td-7[0;39m [32mcom.zaxxer.hikari.pool.PoolBase[0;39m HikariPool-1 - Failed to validate connection com.mysql.cj.jdbc.ConnectionImpl@4693301a (No operations allowed after connection closed.). Possibly consider using a shorter maxLifetime value.
[2020-11-23 15:20:57.467 aniu-download [31mWARN [0;39m [33m[0;39m [32m[0;39m [34m[0;39m [33mconsumer-queue-td-7[0;39m [32mcom.zaxxer.hikari.pool.PoolBase[0;39m HikariPool-1 - Failed to validate connection com.mysql.cj.jdbc.ConnectionImpl@4b11b951 (No operations allowed after connection closed.). Possibly consider using a shorter maxLifetime value.
[2020-11-23 15:20:57.469 aniu-download [31mWARN [0;39m [33m[0;39m [32m[0;39m [34m[0;39m [33mconsumer-queue-td-7[0;39m [32mcom.zaxxer.hikari.pool.PoolBase[0;39m HikariPool-1 - Failed to validate connection com.mysql.cj.jdbc.ConnectionImpl@5e7acc7d (No operations allowed after connection closed.). Possibly consider using a shorter maxLifetime value.
[2020-11-23 15:20:57.472 aniu-download [31mWARN [0;39m [33m[0;39m [32m[0;39m [34m[0;39m [33mconsumer-queue-td-7[0;39m [32mcom.zaxxer.hikari.pool.PoolBase[0;39m HikariPool-1 - Failed to validate connection com.mysql.cj.jdbc.ConnectionImpl@245e9175 (No operations allowed after connection closed.). Possibly consider using a shorter maxLifetime value.
[2020-11-23 15:20:57.474 aniu-download [31mWARN [0;39m [33m[0;39m [32m[0;39m [34m[0;39m [33mconsumer-queue-td-7[0;39m [32mcom.zaxxer.hikari.pool.PoolBase[0;39m HikariPool-1 - Failed to validate connection com.mysql.cj.jdbc.ConnectionImpl@7b926604 (No operations allowed after connection closed.). Possibly consider using a shorter maxLifetime value.
[2020-11-23 15:20:57.477 aniu-download [31mWARN [0;39m [33m[0;39m [32m[0;39m [34m[0;39m [33mconsumer-queue-td-7[0;39m [32mcom.zaxxer.hikari.pool.PoolBase[0;39m HikariPool-1 - Failed to validate connection com.mysql.cj.jdbc.ConnectionImpl@3d8f9316 (No operations allowed after connection closed.). Possibly consider using a shorter maxLifetime value.
[2020-11-23 15:20:57.479 aniu-download [31mWARN [0;39m [33m[0;39m [32m[0;39m [34m[0;39m [33mconsumer-queue-td-7[0;39m [32mcom.zaxxer.hikari.pool.PoolBase[0;39m HikariPool-1 - Failed to validate connection com.mysql.cj.jdbc.ConnectionImpl@351ea9fe (No operations allowed after connection closed.). Possibly consider using a shorter maxLifetime value.
[2020-11-23 15:20:57.481 aniu-download [31mWARN [0;39m [33m[0;39m [32m[0;39m [34m[0;39m [33mconsumer-queue-td-7[0;39m [32mcom.zaxxer.hikari.pool.PoolBase[0;39m HikariPool-1 - Failed to validate connection com.mysql.cj.jdbc.ConnectionImpl@651b5311 (No operations allowed after connection closed.). Possibly consider using a shorter maxLifetime value.
[2020-11-23 15:20:57.493 aniu-download [34mINFO [0;39m [33m[0;39m [32m[0;39m [34m[0;39m [33mconsumer-queue-td-7[0;39m [32mcom.aniu.downvideo.util.DownloadUtils[0;39m 01B337239BAA05039C33DC5901307461-->è§†é¢‘å·²ä¸‹è½½å®Œæˆ&&&è§†é¢‘ä¸‹è½½çŠ¶æ€è¡¨successã€‚ã€‚ã€‚
[2020-11-23 15:22:41.398 aniu-download [34mINFO [0;39m [33m[0;39m [32m[0;39m [34m[0;39m [33mconsumer-queue-td-6[0;39m [32mcom.aniu.downvideo.util.DownloadUtils[0;39m 011E7819FB90D8B39C33DC5901307461-->è§†é¢‘å·²ä¸‹è½½å®Œæˆ&&&è§†é¢‘ä¸‹è½½çŠ¶æ€è¡¨successã€‚ã€‚ã€‚
[2020-11-23 15:26:12.724 aniu-download [31mWARN [0;39m [33m[0;39m [32m[0;39m [34m[0;39m [33mconsumer-queue-td-0[0;39m [32mcom.zaxxer.hikari.pool.PoolBase[0;39m HikariPool-1 - Failed to validate connection com.mysql.cj.jdbc.ConnectionImpl@1d546f31 (No operations allowed after connection closed.). Possibly consider using a shorter maxLifetime value.
[2020-11-23 15:26:12.729 aniu-download [31mWARN [0;39m [33m[0;39m [32m[0;39m [34m[0;39m [33mconsumer-queue-td-0[0;39m [32mcom.zaxxer.hikari.pool.PoolBase[0;39m HikariPool-1 - Failed to validate connection com.mysql.cj.jdbc.ConnectionImpl@2e41ca0a (No operations allowed after connection closed.). Possibly consider using a shorter maxLifetime value.
[2020-11-23 15:26:12.733 aniu-download [31mWARN [0;39m [33m[0;39m [32m[0;39m [34m[0;39m [33mconsumer-queue-td-0[0;39m [32mcom.zaxxer.hikari.pool.PoolBase[0;39m HikariPool-1 - Failed to validate connection com.mysql.cj.jdbc.ConnectionImpl@3d5392c8 (No operations allowed after connection closed.). Possibly consider using a shorter maxLifetime value.
[2020-11-23 15:26:12.738 aniu-download [31mWARN [0;39m [33m[0;39m [32m[0;39m [34m[0;39m [33mconsumer-queue-td-0[0;39m [32mcom.zaxxer.hikari.pool.PoolBase[0;39m HikariPool-1 - Failed to validate connection com.mysql.cj.jdbc.ConnectionImpl@3c04fb4 (No operations allowed after connection closed.). Possibly consider using a shorter maxLifetime value.
[2020-11-23 15:26:12.741 aniu-download [31mWARN [0;39m [33m[0;39m [32m[0;39m [34m[0;39m [33mconsumer-queue-td-0[0;39m [32mcom.zaxxer.hikari.pool.PoolBase[0;39m HikariPool-1 - Failed to validate connection com.mysql.cj.jdbc.ConnectionImpl@42c88cd (No operations allowed after connection closed.). Possibly consider using a shorter maxLifetime value.
[2020-11-23 15:26:12.744 aniu-download [31mWARN [0;39m [33m[0;39m [32m[0;39m [34m[0;39m [33mconsumer-queue-td-0[0;39m [32mcom.zaxxer.hikari.pool.PoolBase[0;39m HikariPool-1 - Failed to validate connection com.mysql.cj.jdbc.ConnectionImpl@5f91041 (No operations allowed after connection closed.). Possibly consider using a shorter maxLifetime value.
[2020-11-23 15:26:12.748 aniu-download [31mWARN [0;39m [33m[0;39m [32m[0;39m [34m[0;39m [33mconsumer-queue-td-0[0;39m [32mcom.zaxxer.hikari.pool.PoolBase[0;39m HikariPool-1 - Failed to validate connection com.mysql.cj.jdbc.ConnectionImpl@44552a5 (No operations allowed after connection closed.). Possibly consider using a shorter maxLifetime value.
[2020-11-23 15:26:12.752 aniu-download [31mWARN [0;39m [33m[0;39m [32m[0;39m [34m[0;39m [33mconsumer-queue-td-0[0;39m [32mcom.zaxxer.hikari.pool.PoolBase[0;39m HikariPool-1 - Failed to validate connection com.mysql.cj.jdbc.ConnectionImpl@64cfc800 (No operations allowed after connection closed.). Possibly consider using a shorter maxLifetime value.
[2020-11-23 15:26:12.755 aniu-download [31mWARN [0;39m [33m[0;39m [32m[0;39m [34m[0;39m [33mconsumer-queue-td-0[0;39m [32mcom.zaxxer.hikari.pool.PoolBase[0;39m HikariPool-1 - Failed to validate connection com.mysql.cj.jdbc.ConnectionImpl@28009492 (No operations allowed after connection closed.). Possibly consider using a shorter maxLifetime value.
[2020-11-23 15:26:12.762 aniu-download [31mWARN [0;39m [33m[0;39m [32m[0;39m [34m[0;39m [33mconsumer-queue-td-0[0;39m [32mcom.zaxxer.hikari.pool.PoolBase[0;39m HikariPool-1 - Failed to validate connection com.mysql.cj.jdbc.ConnectionImpl@6536f2cb (No operations allowed after connection closed.). Possibly consider using a shorter maxLifetime value.
[2020-11-23 15:26:12.768 aniu-download [34mINFO [0;39m [33m[0;39m [32m[0;39m [34m[0;39m [33mconsumer-queue-td-0[0;39m [32mcom.aniu.downvideo.util.DownloadUtils[0;39m 09F38BA08449CB899C33DC5901307461-->è§†é¢‘å·²ä¸‹è½½å®Œæˆ&&&è§†é¢‘ä¸‹è½½çŠ¶æ€è¡¨successã€‚ã€‚ã€‚
[2020-11-23 15:27:33.744 aniu-download [34mINFO [0;39m [33m[0;39m [32m[0;39m [34m[0;39m [33mconsumer-queue-td-9[0;39m [32mcom.aniu.downvideo.util.DownloadUtils[0;39m 026725CE901BCBCF9C33DC5901307461-->è§†é¢‘å·²ä¸‹è½½å®Œæˆ&&&è§†é¢‘ä¸‹è½½çŠ¶æ€è¡¨successã€‚ã€‚ã€‚
[2020-11-23 15:28:01.082 aniu-download [34mINFO [0;39m [33m[0;39m [32m[0;39m [34m[0;39m [33mconsumer-queue-td-9[0;39m [32mcom.aniu.downvideo.util.DownloadUtils[0;39m 028A81D51A94DE399C33DC5901307461-->è§†é¢‘å·²ä¸‹è½½å®Œæˆ&&&è§†é¢‘ä¸‹è½½çŠ¶æ€è¡¨successã€‚ã€‚ã€‚
[2020-11-23 15:28:49.235 aniu-download [34mINFO [0;39m [33m[0;39m [32m[0;39m [34m[0;39m [33mconsumer-queue-td-11[0;39m [32mcom.aniu.downvideo.util.DownloadUtils[0;39m 0251C756C8A8AC7C9C33DC5901307461-->è§†é¢‘å·²ä¸‹è½½å®Œæˆ&&&è§†é¢‘ä¸‹è½½çŠ¶æ€è¡¨successã€‚ã€‚ã€‚
[2020-11-23 15:28:55.928 aniu-download [34mINFO [0;39m [33m[0;39m [32m[0;39m [34m[0;39m [33mconsumer-queue-td-3[0;39m [32mcom.aniu.downvideo.util.DownloadUtils[0;39m 0094277D1377D9419C33DC5901307461-->è§†é¢‘å·²ä¸‹è½½å®Œæˆ&&&è§†é¢‘ä¸‹è½½çŠ¶æ€è¡¨successã€‚ã€‚ã€‚
[2020-11-23 15:29:59.800 aniu-download [34mINFO [0;39m [33m[0;39m [32m[0;39m [34m[0;39m [33mconsumer-queue-td-10[0;39m [32mcom.aniu.downvideo.util.DownloadUtils[0;39m 0212953581A18F369C33DC5901307461-->è§†é¢‘å·²ä¸‹è½½å®Œæˆ&&&è§†é¢‘ä¸‹è½½çŠ¶æ€è¡¨successã€‚ã€‚ã€‚
[2020-11-23 15:30:55.614 aniu-download [34mINFO [0;39m [33m[0;39m [32m[0;39m [34m[0;39m [33mconsumer-queue-td-4[0;39m [32mcom.aniu.downvideo.util.DownloadUtils[0;39m 02636EA9BB7F51069C33DC5901307461-->è§†é¢‘å·²ä¸‹è½½å®Œæˆ&&&è§†é¢‘ä¸‹è½½çŠ¶æ€è¡¨successã€‚ã€‚ã€‚
[2020-11-23 15:31:56.356 aniu-download [34mINFO [0;39m [33m[0;39m [32m[0;39m [34m[0;39m [33mconsumer-queue-td-5[0;39m [32mcom.aniu.downvideo.util.DownloadUtils[0;39m 02636EA9BB7F51069C33DC5901307461-->è§†é¢‘å·²ä¸‹è½½å®Œæˆ&&&è§†é¢‘ä¸‹è½½çŠ¶æ€è¡¨successã€‚ã€‚ã€‚
[2020-11-23 15:33:34.822 aniu-download [34mINFO [0;39m [33m[0;39m [32m[0;39m [34m[0;39m [33mconsumer-queue-td-6[0;39m [32mcom.aniu.downvideo.util.DownloadUtils[0;39m 02773F72EACEE47F9C33DC5901307461-->è§†é¢‘å·²ä¸‹è½½å®Œæˆ&&&è§†é¢‘ä¸‹è½½çŠ¶æ€è¡¨successã€‚ã€‚ã€‚
[2020-11-23 15:33:53.945 aniu-download [34mINFO [0;39m [33m[0;39m [32m[0;39m [34m[0;39m [33mconsumer-queue-td-2[0;39m [32mcom.aniu.downvideo.util.DownloadUtils[0;39m 0090C3C5F434D2219C33DC5901307461-->è§†é¢‘å·²ä¸‹è½½å®Œæˆ&&&è§†é¢‘ä¸‹è½½çŠ¶æ€è¡¨successã€‚ã€‚ã€‚
[2020-11-23 15:39:39.487 aniu-download [31mWARN [0;39m [33m[0;39m [32m[0;39m [34m[0;39m [33mconsumer-queue-td-7[0;39m [32mcom.zaxxer.hikari.pool.PoolBase[0;39m HikariPool-1 - Failed to validate connection com.mysql.cj.jdbc.ConnectionImpl@7bf45a30 (No operations allowed after connection closed.). Possibly consider using a shorter maxLifetime value.
[2020-11-23 15:39:39.490 aniu-download [31mWARN [0;39m [33m[0;39m [32m[0;39m [34m[0;39m [33mconsumer-queue-td-7[0;39m [32mcom.zaxxer.hikari.pool.PoolBase[0;39m HikariPool-1 - Failed to validate connection com.mysql.cj.jdbc.ConnectionImpl@a9606e2 (No operations allowed after connection closed.). Possibly consider using a shorter maxLifetime value.
[2020-11-23 15:39:39.492 aniu-download [31mWARN [0;39m [33m[0;39m [32m[0;39m [34m[0;39m [33mconsumer-queue-td-7[0;39m [32mcom.zaxxer.hikari.pool.PoolBase[0;39m HikariPool-1 - Failed to validate connection com.mysql.cj.jdbc.ConnectionImpl@4af8401a (No operations allowed after connection closed.). Possibly consider using a shorter maxLifetime value.
[2020-11-23 15:39:39.493 aniu-download [31mWARN [0;39m [33m[0;39m [32m[0;39m [34m[0;39m [33mconsumer-queue-td-7[0;39m [32mcom.zaxxer.hikari.pool.PoolBase[0;39m HikariPool-1 - Failed to validate connection com.mysql.cj.jdbc.ConnectionImpl@1384b6af (No operations allowed after connection closed.). Possibly consider using a shorter maxLifetime value.
[2020-11-23 15:39:39.495 aniu-download [31mWARN [0;39m [33m[0;39m [32m[0;39m [34m[0;39m [33mconsumer-queue-td-7[0;39m [32mcom.zaxxer.hikari.pool.PoolBase[0;39m HikariPool-1 - Failed to validate connection com.mysql.cj.jdbc.ConnectionImpl@5581be9e (No operations allowed after connection closed.). Possibly consider using a shorter maxLifetime value.
[2020-11-23 15:39:39.498 aniu-download [31mWARN [0;39m [33m[0;39m [32m[0;39m [34m[0;39m [33mconsumer-queue-td-7[0;39m [32mcom.zaxxer.hikari.pool.PoolBase[0;39m HikariPool-1 - Failed to validate connection com.mysql.cj.jdbc.ConnectionImpl@6f9a03da (No operations allowed after connection closed.). Possibly consider using a shorter maxLifetime value.
[2020-11-23 15:39:39.500 aniu-download [31mWARN [0;39m [33m[0;39m [32m[0;39m [34m[0;39m [33mconsumer-queue-td-7[0;39m [32mcom.zaxxer.hikari.pool.PoolBase[0;39m HikariPool-1 - Failed to validate connection com.mysql.cj.jdbc.ConnectionImpl@67ea76a3 (No operations allowed after connection closed.). Possibly consider using a shorter maxLifetime value.
[2020-11-23 15:39:39.501 aniu-download [31mWARN [0;39m [33m[0;39m [32m[0;39m [34m[0;39m [33mconsumer-queue-td-7[0;39m [32mcom.zaxxer.hikari.pool.PoolBase[0;39m HikariPool-1 - Failed to validate connection com.mysql.cj.jdbc.ConnectionImpl@51ed853f (No operations allowed after connection closed.). Possibly consider using a shorter maxLifetime value.
[2020-11-23 15:39:39.503 aniu-download [31mWARN [0;39m [33m[0;39m [32m[0;39m [34m[0;39m [33mconsumer-queue-td-7[0;39m [32mcom.zaxxer.hikari.pool.PoolBase[0;39m HikariPool-1 - Failed to validate connection com.mysql.cj.jdbc.ConnectionImpl@9c0b4d2 (No operations allowed after connection closed.). Possibly consider using a shorter maxLifetime value.
[2020-11-23 15:39:39.517 aniu-download [31mWARN [0;39m [33m[0;39m [32m[0;39m [34m[0;39m [33mconsumer-queue-td-7[0;39m [32mcom.zaxxer.hikari.pool.PoolBase[0;39m HikariPool-1 - Failed to validate connection com.mysql.cj.jdbc.ConnectionImpl@367be2e3 (No operations allowed after connection closed.). Possibly consider using a shorter maxLifetime value.
[2020-11-23 15:39:39.618 aniu-download [34mINFO [0;39m [33m[0;39m [32m[0;39m [34m[0;39m [33mconsumer-queue-td-7[0;39m [32mcom.aniu.downvideo.util.DownloadUtils[0;39m 0271519E34C2F4D89C33DC5901307461-->è§†é¢‘å·²ä¸‹è½½å®Œæˆ&&&è§†é¢‘ä¸‹è½½çŠ¶æ€è¡¨successã€‚ã€‚ã€‚
[2020-11-23 15:41:15.631 aniu-download [34mINFO [0;39m [33m[0;39m [32m[0;39m [34m[0;39m [33mconsumer-queue-td-1[0;39m [32mcom.aniu.downvideo.util.DownloadUtils[0;39m 007002298FA28A839C33DC5901307461-->è§†é¢‘å·²ä¸‹è½½å®Œæˆ&&&è§†é¢‘ä¸‹è½½çŠ¶æ€è¡¨successã€‚ã€‚ã€‚
[2020-11-23 15:41:54.218 aniu-download [34mINFO [0;39m [33m[0;39m [32m[0;39m [34m[0;39m [33mconsumer-queue-td-9[0;39m [32mcom.aniu.downvideo.util.DownloadUtils[0;39m 028D1314B879265B9C33DC5901307461-->è§†é¢‘å·²ä¸‹è½½å®Œæˆ&&&è§†é¢‘ä¸‹è½½çŠ¶æ€è¡¨successã€‚ã€‚ã€‚
[2020-11-23 15:43:45.131 aniu-download [34mINFO [0;39m [33m[0;39m [32m[0;39m [34m[0;39m [33mbackground-preinit[0;39m [32morg.hibernate.validator.internal.util.Version[0;39m HV000001: Hibernate Validator 6.1.6.Final
[2020-11-23 15:43:45.133 aniu-download [34mINFO [0;39m [33m[0;39m [32m[0;39m [34m[0;39m [33mrestartedMain[0;39m [32mcom.aniu.downvideo.DownvideoApplication[0;39m Starting DownvideoApplication using Java 1.8.0_191 on wanglei with PID 3816 (C:\hanproject\downvideo\target\classes started by Administrator in C:\hanproject\downvideo)
[2020-11-23 15:43:45.135 aniu-download [34mINFO [0;39m [33m[0;39m [32m[0;39m [34m[0;39m [33mrestartedMain[0;39m [32mcom.aniu.downvideo.DownvideoApplication[0;39m The following profiles are active: dev
[2020-11-23 15:43:45.191 aniu-download [34mINFO [0;39m [33m[0;39m [32m[0;39m [34m[0;39m [33mrestartedMain[0;39m [32morg.springframework.boot.devtools.env.DevToolsPropertyDefaultsPostProcessor[0;39m Devtools property defaults active! Set 'spring.devtools.add-properties' to 'false' to disable
[2020-11-23 15:43:45.191 aniu-download [34mINFO [0;39m [33m[0;39m [32m[0;39m [34m[0;39m [33mrestartedMain[0;39m [32morg.springframework.boot.devtools.env.DevToolsPropertyDefaultsPostProcessor[0;39m For additional web related logging consider setting the 'logging.level.web' property to 'DEBUG'
[2020-11-23 15:43:46.256 aniu-download [34mINFO [0;39m [33m[0;39m [32m[0;39m [34m[0;39m [33mrestartedMain[0;39m [32morg.springframework.boot.web.embedded.tomcat.TomcatWebServer[0;39m Tomcat initialized with port(s): 8080 (http)
[2020-11-23 15:43:46.264 aniu-download [34mINFO [0;39m [33m[0;39m [32m[0;39m [34m[0;39m [33mrestartedMain[0;39m [32morg.apache.coyote.http11.Http11NioProtocol[0;39m Initializing ProtocolHandler ["http-nio-8080"]
[2020-11-23 15:43:46.265 aniu-download [34mINFO [0;39m [33m[0;39m [32m[0;39m [34m[0;39m [33mrestartedMain[0;39m [32morg.apache.catalina.core.StandardService[0;39m Starting service [Tomcat]
[2020-11-23 15:43:46.265 aniu-download [34mINFO [0;39m [33m[0;39m [32m[0;39m [34m[0;39m [33mrestartedMain[0;39m [32morg.apache.catalina.core.StandardEngine[0;39m Starting Servlet engine: [Apache Tomcat/9.0.39]
[2020-11-23 15:43:46.371 aniu-download [34mINFO [0;39m [33m[0;39m [32m[0;39m [34m[0;39m [33mrestartedMain[0;39m [32morg.apache.catalina.core.ContainerBase.[Tomcat].[localhost].[/][0;39m Initializing Spring embedded WebApplicationContext
[2020-11-23 15:43:46.371 aniu-download [34mINFO [0;39m [33m[0;39m [32m[0;39m [34m[0;39m [33mrestartedMain[0;39m [32morg.springframework.boot.web.servlet.context.ServletWebServerApplicationContext[0;39m Root WebApplicationContext: initialization completed in 1179 ms
[2020-11-23 15:43:46.910 aniu-download [34mINFO [0;39m [33m[0;39m [32m[0;39m [34m[0;39m [33mrestartedMain[0;39m [32morg.springframework.scheduling.concurrent.ThreadPoolTaskScheduler[0;39m Initializing ExecutorService 'taskScheduler'
[2020-11-23 15:43:46.948 aniu-download [34mINFO [0;39m [33m[0;39m [32m[0;39m [34m[0;39m [33mrestartedMain[0;39m [32morg.springframework.boot.devtools.autoconfigure.OptionalLiveReloadServer[0;39m LiveReload server is running on port 35729
[2020-11-23 15:43:46.961 aniu-download [34mINFO [0;39m [33m[0;39m [32m[0;39m [34m[0;39m [33mrestartedMain[0;39m [32morg.apache.coyote.http11.Http11NioProtocol[0;39m Starting ProtocolHandler ["http-nio-8080"]
[2020-11-23 15:43:46.976 aniu-download [34mINFO [0;39m [33m[0;39m [32m[0;39m [34m[0;39m [33mrestartedMain[0;39m [32morg.springframework.boot.web.embedded.tomcat.TomcatWebServer[0;39m Tomcat started on port(s): 8080 (http) with context path ''
[2020-11-23 15:43:46.989 aniu-download [34mINFO [0;39m [33m[0;39m [32m[0;39m [34m[0;39m [33mrestartedMain[0;39m [32mcom.aniu.downvideo.DownvideoApplication[0;39m Started DownvideoApplication in 2.285 seconds (JVM running for 3.932)
[2020-11-23 15:45:00.003 aniu-download [34mINFO [0;39m [33m[0;39m [32m[0;39m [34m[0;39m [33mscheduling-1[0;39m [32mcom.aniu.downvideo.task.VideoTask[0;39m saveExcelData()å¼€å§‹æ—¶é—´æ˜¯-->Mon Nov 23 15:45:00 CST 2020
[2020-11-23 15:45:00.532 aniu-download [34mINFO [0;39m [33m[0;39m [32m[0;39m [34m[0;39m [33mscheduling-1[0;39m [32mcom.aniu.downvideo.util.DownloadUtils[0;39m excelè¡¨çš„æ€»è¡Œæ•°æ˜¯-->1550
[2020-11-23 15:45:00.605 aniu-download [34mINFO [0;39m [33m[0;39m [32m[0;39m [34m[0;39m [33mscheduling-1[0;39m [32mcom.zaxxer.hikari.HikariDataSource[0;39m HikariPool-1 - Starting...
[2020-11-23 15:45:00.739 aniu-download [34mINFO [0;39m [33m[0;39m [32m[0;39m [34m[0;39m [33mscheduling-1[0;39m [32mcom.zaxxer.hikari.HikariDataSource[0;39m HikariPool-1 - Start completed.
[2020-11-23 15:45:01.194 aniu-download [34mINFO [0;39m [33m[0;39m [32m[0;39m [34m[0;39m [33mscheduling-1[0;39m [32mcom.aniu.downvideo.task.VideoTask[0;39m saveExcelData()æ‰§è¡Œå®Œæˆæ—¶é—´æ˜¯-->Mon Nov 23 15:45:01 CST 2020
[2020-11-23 15:47:00.001 aniu-download [34mINFO [0;39m [33m[0;39m [32m[0;39m [34m[0;39m [33mscheduling-1[0;39m [32mcom.aniu.downvideo.task.VideoTask[0;39m downloadVideos()ä¸‹è½½è§†é¢‘æ–‡ä»¶å¼€å§‹äº†......
[2020-11-23 16:01:55.955 aniu-download [31mWARN [0;39m [33m[0;39m [32m[0;39m [34m[0;39m [33mcons-queue-td-3[0;39m [32mcom.zaxxer.hikari.pool.PoolBase[0;39m HikariPool-1 - Failed to validate connection com.mysql.cj.jdbc.ConnectionImpl@5e4d0449 (No operations allowed after connection closed.). Possibly consider using a shorter maxLifetime value.
[2020-11-23 16:01:55.958 aniu-download [31mWARN [0;39m [33m[0;39m [32m[0;39m [34m[0;39m [33mcons-queue-td-3[0;39m [32mcom.zaxxer.hikari.pool.PoolBase[0;39m HikariPool-1 - Failed to validate connection com.mysql.cj.jdbc.ConnectionImpl@4c5dd8f5 (No operations allowed after connection closed.). Possibly consider using a shorter maxLifetime value.
[2020-11-23 16:01:55.959 aniu-download [31mWARN [0;39m [33m[0;39m [32m[0;39m [34m[0;39m [33mcons-queue-td-3[0;39m [32mcom.zaxxer.hikari.pool.PoolBase[0;39m HikariPool-1 - Failed to validate connection com.mysql.cj.jdbc.ConnectionImpl@7a04e27b (No operations allowed after connection closed.). Possibly consider using a shorter maxLifetime value.
[2020-11-23 16:01:55.960 aniu-download [31mWARN [0;39m [33m[0;39m [32m[0;39m [34m[0;39m [33mcons-queue-td-3[0;39m [32mcom.zaxxer.hikari.pool.PoolBase[0;39m HikariPool-1 - Failed to validate connection com.mysql.cj.jdbc.ConnectionImpl@11c0b8a6 (No operations allowed after connection closed.). Possibly consider using a shorter maxLifetime value.
[2020-11-23 16:01:55.961 aniu-download [31mWARN [0;39m [33m[0;39m [32m[0;39m [34m[0;39m [33mcons-queue-td-3[0;39m [32mcom.zaxxer.hikari.pool.PoolBase[0;39m HikariPool-1 - Failed to validate connection com.mysql.cj.jdbc.ConnectionImpl@587a574e (No operations allowed after connection closed.). Possibly consider using a shorter maxLifetime value.
[2020-11-23 16:01:55.962 aniu-download [31mWARN [0;39m [33m[0;39m [32m[0;39m [34m[0;39m [33mcons-queue-td-3[0;39m [32mcom.zaxxer.hikari.pool.PoolBase[0;39m HikariPool-1 - Failed to validate connection com.mysql.cj.jdbc.ConnectionImpl@7ac2b6c4 (No operations allowed after connection closed.). Possibly consider using a shorter maxLifetime value.
[2020-11-23 16:01:55.963 aniu-download [31mWARN [0;39m [33m[0;39m [32m[0;39m [34m[0;39m [33mcons-queue-td-3[0;39m [32mcom.zaxxer.hikari.pool.PoolBase[0;39m HikariPool-1 - Failed to validate connection com.mysql.cj.jdbc.ConnectionImpl@270894dd (No operations allowed after connection closed.). Possibly consider using a shorter maxLifetime value.
[2020-11-23 16:01:55.964 aniu-download [31mWARN [0;39m [33m[0;39m [32m[0;39m [34m[0;39m [33mcons-queue-td-3[0;39m [32mcom.zaxxer.hikari.pool.PoolBase[0;39m HikariPool-1 - Failed to validate connection com.mysql.cj.jdbc.ConnectionImpl@33190d12 (No operations allowed after connection closed.). Possibly consider using a shorter maxLifetime value.
[2020-11-23 16:01:55.965 aniu-download [31mWARN [0;39m [33m[0;39m [32m[0;39m [34m[0;39m [33mcons-queue-td-3[0;39m [32mcom.zaxxer.hikari.pool.PoolBase[0;39m HikariPool-1 - Failed to validate connection com.mysql.cj.jdbc.ConnectionImpl@3953fc18 (No operations allowed after connection closed.). Possibly consider using a shorter maxLifetime value.
[2020-11-23 16:01:55.966 aniu-download [31mWARN [0;39m [33m[0;39m [32m[0;39m [34m[0;39m [33mcons-queue-td-3[0;39m [32mcom.zaxxer.hikari.pool.PoolBase[0;39m HikariPool-1 - Failed to validate connection com.mysql.cj.jdbc.ConnectionImpl@56481960 (No operations allowed after connection closed.). Possibly consider using a shorter maxLifetime value.
[2020-11-23 16:01:55.983 aniu-download [34mINFO [0;39m [33m[0;39m [32m[0;39m [34m[0;39m [33mcons-queue-td-3[0;39m [32mcom.aniu.downvideo.util.DownloadUtils[0;39m 02D0708AF43426049C33DC5901307461-->è§†é¢‘å·²ä¸‹è½½å®Œæˆ&&&è§†é¢‘ä¸‹è½½çŠ¶æ€è¡¨successã€‚ã€‚ã€‚
[2020-11-23 16:04:31.660 aniu-download [31mWARN [0;39m [33m[0;39m [32m[0;39m [34m[0;39m [33mcons-queue-td-7[0;39m [32mcom.zaxxer.hikari.pool.PoolBase[0;39m HikariPool-1 - Failed to validate connection com.mysql.cj.jdbc.ConnectionImpl@25a06bd6 (No operations allowed after connection closed.). Possibly consider using a shorter maxLifetime value.
[2020-11-23 16:04:31.662 aniu-download [31mWARN [0;39m [33m[0;39m [32m[0;39m [34m[0;39m [33mcons-queue-td-7[0;39m [32mcom.zaxxer.hikari.pool.PoolBase[0;39m HikariPool-1 - Failed to validate connection com.mysql.cj.jdbc.ConnectionImpl@3492930 (No operations allowed after connection closed.). Possibly consider using a shorter maxLifetime value.
[2020-11-23 16:04:31.663 aniu-download [31mWARN [0;39m [33m[0;39m [32m[0;39m [34m[0;39m [33mcons-queue-td-7[0;39m [32mcom.zaxxer.hikari.pool.PoolBase[0;39m HikariPool-1 - Failed to validate connection com.mysql.cj.jdbc.ConnectionImpl@6edea060 (No operations allowed after connection closed.). Possibly consider using a shorter maxLifetime value.
[2020-11-23 16:04:31.664 aniu-download [31mWARN [0;39m [33m[0;39m [32m[0;39m [34m[0;39m [33mcons-queue-td-7[0;39m [32mcom.zaxxer.hikari.pool.PoolBase[0;39m HikariPool-1 - Failed to validate connection com.mysql.cj.jdbc.ConnectionImpl@480698b6 (No operations allowed after connection closed.). Possibly consider using a shorter maxLifetime value.
[2020-11-23 16:04:31.665 aniu-download [31mWARN [0;39m [33m[0;39m [32m[0;39m [34m[0;39m [33mcons-queue-td-7[0;39m [32mcom.zaxxer.hikari.pool.PoolBase[0;39m HikariPool-1 - Failed to validate connection com.mysql.cj.jdbc.ConnectionImpl@eb65a96 (No operations allowed after connection closed.). Possibly consider using a shorter maxLifetime value.
[2020-11-23 16:04:31.666 aniu-download [31mWARN [0;39m [33m[0;39m [32m[0;39m [34m[0;39m [33mcons-queue-td-7[0;39m [32mcom.zaxxer.hikari.pool.PoolBase[0;39m HikariPool-1 - Failed to validate connection com.mysql.cj.jdbc.ConnectionImpl@5fba9796 (No operations allowed after connection closed.). Possibly consider using a shorter maxLifetime value.
[2020-11-23 16:04:31.667 aniu-download [31mWARN [0;39m [33m[0;39m [32m[0;39m [34m[0;39m [33mcons-queue-td-7[0;39m [32mcom.zaxxer.hikari.pool.PoolBase[0;39m HikariPool-1 - Failed to validate connection com.mysql.cj.jdbc.ConnectionImpl@238567ff (No operations allowed after connection closed.). Possibly consider using a shorter maxLifetime value.
[2020-11-23 16:04:31.667 aniu-download [31mWARN [0;39m [33m[0;39m [32m[0;39m [34m[0;39m [33mcons-queue-td-7[0;39m [32mcom.zaxxer.hikari.pool.PoolBase[0;39m HikariPool-1 - Failed to validate connection com.mysql.cj.jdbc.ConnectionImpl@1f5bebf3 (No operations allowed after connection closed.). Possibly consider using a shorter maxLifetime value.
[2020-11-23 16:04:31.668 aniu-download [31mWARN [0;39m [33m[0;39m [32m[0;39m [34m[0;39m [33mcons-queue-td-7[0;39m [32mcom.zaxxer.hikari.pool.PoolBase[0;39m HikariPool-1 - Failed to validate connection com.mysql.cj.jdbc.ConnectionImpl@3c9228fb (No operations allowed after connection closed.). Possibly consider using a shorter maxLifetime value.
[2020-11-23 16:04:31.670 aniu-download [31mWARN [0;39m [33m[0;39m [32m[0;39m [34m[0;39m [33mcons-queue-td-7[0;39m [32mcom.zaxxer.hikari.pool.PoolBase[0;39m HikariPool-1 - Failed to validate connection com.mysql.cj.jdbc.ConnectionImpl@379f1ed8 (No operations allowed after connection closed.). Possibly consider using a shorter maxLifetime value.
[2020-11-23 16:04:31.687 aniu-download [34mINFO [0;39m [33m[0;39m [32m[0;39m [34m[0;39m [33mcons-queue-td-7[0;39m [32mcom.aniu.downvideo.util.DownloadUtils[0;39m 041F1422D7D91FC99C33DC5901307461-->è§†é¢‘å·²ä¸‹è½½å®Œæˆ&&&è§†é¢‘ä¸‹è½½çŠ¶æ€è¡¨successã€‚ã€‚ã€‚
[2020-11-23 16:06:20.057 aniu-download [34mINFO [0;39m [33m[0;39m [32m[0;39m [34m[0;39m [33mcons-queue-td-3[0;39m [32mcom.aniu.downvideo.util.DownloadUtils[0;39m 04B5575397C5F66C9C33DC5901307461-->è§†é¢‘å·²ä¸‹è½½å®Œæˆ&&&è§†é¢‘ä¸‹è½½çŠ¶æ€è¡¨successã€‚ã€‚ã€‚
[2020-11-23 16:07:01.347 aniu-download [34mINFO [0;39m [33m[0;39m [32m[0;39m [34m[0;39m [33mcons-queue-td-8[0;39m [32mcom.aniu.downvideo.util.DownloadUtils[0;39m 04752CC03384CDDA9C33DC5901307461-->è§†é¢‘å·²ä¸‹è½½å®Œæˆ&&&è§†é¢‘ä¸‹è½½çŠ¶æ€è¡¨successã€‚ã€‚ã€‚
[2020-11-23 16:07:02.816 aniu-download [34mINFO [0;39m [33m[0;39m [32m[0;39m [34m[0;39m [33mcons-queue-td-11[0;39m [32mcom.aniu.downvideo.util.DownloadUtils[0;39m 04AE45DBE598CC039C33DC5901307461-->è§†é¢‘å·²ä¸‹è½½å®Œæˆ&&&è§†é¢‘ä¸‹è½½çŠ¶æ€è¡¨successã€‚ã€‚ã€‚
[2020-11-23 16:08:04.165 aniu-download [34mINFO [0;39m [33m[0;39m [32m[0;39m [34m[0;39m [33mcons-queue-td-1[0;39m [32mcom.aniu.downvideo.util.DownloadUtils[0;39m 027CD848F4D462189C33DC5901307461-->è§†é¢‘å·²ä¸‹è½½å®Œæˆ&&&è§†é¢‘ä¸‹è½½çŠ¶æ€è¡¨successã€‚ã€‚ã€‚
[2020-11-23 16:08:36.229 aniu-download [34mINFO [0;39m [33m[0;39m [32m[0;39m [34m[0;39m [33mcons-queue-td-10[0;39m [32mcom.aniu.downvideo.util.DownloadUtils[0;39m 049CBD1362114A8C9C33DC5901307461-->è§†é¢‘å·²ä¸‹è½½å®Œæˆ&&&è§†é¢‘ä¸‹è½½çŠ¶æ€è¡¨successã€‚ã€‚ã€‚
[2020-11-23 16:10:29.180 aniu-download [34mINFO [0;39m [33m[0;39m [32m[0;39m [34m[0;39m [33mbackground-preinit[0;39m [32morg.hibernate.validator.internal.util.Version[0;39m HV000001: Hibernate Validator 6.1.6.Final
[2020-11-23 16:10:29.188 aniu-download [34mINFO [0;39m [33m[0;39m [32m[0;39m [34m[0;39m [33mrestartedMain[0;39m [32mcom.aniu.downvideo.DownvideoApplication[0;39m Starting DownvideoApplication using Java 1.8.0_191 on wanglei with PID 2516 (C:\hanproject\downvideo\target\classes started by Administrator in C:\hanproject\downvideo)
[2020-11-23 16:10:29.188 aniu-download [34mINFO [0;39m [33m[0;39m [32m[0;39m [34m[0;39m [33mrestartedMain[0;39m [32mcom.aniu.downvideo.DownvideoApplication[0;39m The following profiles are active: dev
[2020-11-23 16:10:29.240 aniu-download [34mINFO [0;39m [33m[0;39m [32m[0;39m [34m[0;39m [33mrestartedMain[0;39m [32morg.springframework.boot.devtools.env.DevToolsPropertyDefaultsPostProcessor[0;39m Devtools property defaults active! Set 'spring.devtools.add-properties' to 'false' to disable
[2020-11-23 16:10:29.240 aniu-download [34mINFO [0;39m [33m[0;39m [32m[0;39m [34m[0;39m [33mrestartedMain[0;39m [32morg.springframework.boot.devtools.env.DevToolsPropertyDefaultsPostProcessor[0;39m For additional web related logging consider setting the 'logging.level.web' property to 'DEBUG'
[2020-11-23 16:10:30.246 aniu-download [34mINFO [0;39m [33m[0;39m [32m[0;39m [34m[0;39m [33mrestartedMain[0;39m [32morg.springframework.boot.web.embedded.tomcat.TomcatWebServer[0;39m Tomcat initialized with port(s): 8080 (http)
[2020-11-23 16:10:30.254 aniu-download [34mINFO [0;39m [33m[0;39m [32m[0;39m [34m[0;39m [33mrestartedMain[0;39m [32morg.apache.coyote.http11.Http11NioProtocol[0;39m Initializing ProtocolHandler ["http-nio-8080"]
[2020-11-23 16:10:30.255 aniu-download [34mINFO [0;39m [33m[0;39m [32m[0;39m [34m[0;39m [33mrestartedMain[0;39m [32morg.apache.catalina.core.StandardService[0;39m Starting service [Tomcat]
[2020-11-23 16:10:30.255 aniu-download [34mINFO [0;39m [33m[0;39m [32m[0;39m [34m[0;39m [33mrestartedMain[0;39m [32morg.apache.catalina.core.StandardEngine[0;39m Starting Servlet engine: [Apache Tomcat/9.0.39]
[2020-11-23 16:10:30.361 aniu-download [34mINFO [0;39m [33m[0;39m [32m[0;39m [34m[0;39m [33mrestartedMain[0;39m [32morg.apache.catalina.core.ContainerBase.[Tomcat].[localhost].[/][0;39m Initializing Spring embedded WebApplicationContext
[2020-11-23 16:10:30.361 aniu-download [34mINFO [0;39m [33m[0;39m [32m[0;39m [34m[0;39m [33mrestartedMain[0;39m [32morg.springframework.boot.web.servlet.context.ServletWebServerApplicationContext[0;39m Root WebApplicationContext: initialization completed in 1120 ms
[2020-11-23 16:10:30.927 aniu-download [34mINFO [0;39m [33m[0;39m [32m[0;39m [34m[0;39m [33mrestartedMain[0;39m [32morg.springframework.scheduling.concurrent.ThreadPoolTaskScheduler[0;39m Initializing ExecutorService 'taskScheduler'
[2020-11-23 16:10:30.963 aniu-download [34mINFO [0;39m [33m[0;39m [32m[0;39m [34m[0;39m [33mrestartedMain[0;39m [32morg.springframework.boot.devtools.autoconfigure.OptionalLiveReloadServer[0;39m LiveReload server is running on port 35729
[2020-11-23 16:10:30.976 aniu-download [34mINFO [0;39m [33m[0;39m [32m[0;39m [34m[0;39m [33mrestartedMain[0;39m [32morg.apache.coyote.http11.Http11NioProtocol[0;39m Starting ProtocolHandler ["http-nio-8080"]
[2020-11-23 16:10:30.992 aniu-download [34mINFO [0;39m [33m[0;39m [32m[0;39m [34m[0;39m [33mrestartedMain[0;39m [32morg.springframework.boot.web.embedded.tomcat.TomcatWebServer[0;39m Tomcat started on port(s): 8080 (http) with context path ''
[2020-11-23 16:10:31.004 aniu-download [34mINFO [0;39m [33m[0;39m [32m[0;39m [34m[0;39m [33mrestartedMain[0;39m [32mcom.aniu.downvideo.DownvideoApplication[0;39m Started DownvideoApplication in 2.294 seconds (JVM running for 3.096)
[2020-11-23 16:12:00.002 aniu-download [34mINFO [0;39m [33m[0;39m [32m[0;39m [34m[0;39m [33mscheduling-1[0;39m [32mcom.aniu.downvideo.task.VideoTask[0;39m saveExcelData()å¼€å§‹æ—¶é—´æ˜¯-->Mon Nov 23 16:12:00 CST 2020
[2020-11-23 16:12:00.556 aniu-download [34mINFO [0;39m [33m[0;39m [32m[0;39m [34m[0;39m [33mscheduling-1[0;39m [32mcom.aniu.downvideo.util.DownloadUtils[0;39m excelè¡¨çš„æ€»è¡Œæ•°æ˜¯-->1550
[2020-11-23 16:12:00.626 aniu-download [34mINFO [0;39m [33m[0;39m [32m[0;39m [34m[0;39m [33mscheduling-1[0;39m [32mcom.zaxxer.hikari.HikariDataSource[0;39m HikariPool-1 - Starting...
[2020-11-23 16:12:00.759 aniu-download [34mINFO [0;39m [33m[0;39m [32m[0;39m [34m[0;39m [33mscheduling-1[0;39m [32mcom.zaxxer.hikari.HikariDataSource[0;39m HikariPool-1 - Start completed.
[2020-11-23 16:12:01.198 aniu-download [34mINFO [0;39m [33m[0;39m [32m[0;39m [34m[0;39m [33mscheduling-1[0;39m [32mcom.aniu.downvideo.task.VideoTask[0;39m saveExcelData()æ‰§è¡Œå®Œæˆæ—¶é—´æ˜¯-->Mon Nov 23 16:12:01 CST 2020
[2020-11-23 16:14:00.002 aniu-download [34mINFO [0;39m [33m[0;39m [32m[0;39m [34m[0;39m [33mscheduling-1[0;39m [32mcom.aniu.downvideo.task.VideoTask[0;39m downloadVideos()ä¸‹è½½è§†é¢‘æ–‡ä»¶å¼€å§‹äº†......
[2020-11-23 16:16:24.318 aniu-download [34mINFO [0;39m [33m[0;39m [32m[0;39m [34m[0;39m [33mbackground-preinit[0;39m [32morg.hibernate.validator.internal.util.Version[0;39m HV000001: Hibernate Validator 6.1.6.Final
[2020-11-23 16:16:24.328 aniu-download [34mINFO [0;39m [33m[0;39m [32m[0;39m [34m[0;39m [33mrestartedMain[0;39m [32mcom.aniu.downvideo.DownvideoApplication[0;39m Starting DownvideoApplication using Java 1.8.0_191 on wanglei with PID 11604 (C:\hanproject\downvideo\target\classes started by Administrator in C:\hanproject\downvideo)
[2020-11-23 16:16:24.329 aniu-download [34mINFO [0;39m [33m[0;39m [32m[0;39m [34m[0;39m [33mrestartedMain[0;39m [32mcom.aniu.downvideo.DownvideoApplication[0;39m The following profiles are active: dev
[2020-11-23 16:16:24.389 aniu-download [34mINFO [0;39m [33m[0;39m [32m[0;39m [34m[0;39m [33mrestartedMain[0;39m [32morg.springframework.boot.devtools.env.DevToolsPropertyDefaultsPostProcessor[0;39m Devtools property defaults active! Set 'spring.devtools.add-properties' to 'false' to disable
[2020-11-23 16:16:24.389 aniu-download [34mINFO [0;39m [33m[0;39m [32m[0;39m [34m[0;39m [33mrestartedMain[0;39m [32morg.springframework.boot.devtools.env.DevToolsPropertyDefaultsPostProcessor[0;39m For additional web related logging consider setting the 'logging.level.web' property to 'DEBUG'
[2020-11-23 16:16:25.433 aniu-download [34mINFO [0;39m [33m[0;39m [32m[0;39m [34m[0;39m [33mrestartedMain[0;39m [32morg.springframework.boot.web.embedded.tomcat.TomcatWebServer[0;39m Tomcat initialized with port(s): 8080 (http)
[2020-11-23 16:16:25.440 aniu-download [34mINFO [0;39m [33m[0;39m [32m[0;39m [34m[0;39m [33mrestartedMain[0;39m [32morg.apache.coyote.http11.Http11NioProtocol[0;39m Initializing ProtocolHandler ["http-nio-8080"]
[2020-11-23 16:16:25.441 aniu-download [34mINFO [0;39m [33m[0;39m [32m[0;39m [34m[0;39m [33mrestartedMain[0;39m [32morg.apache.catalina.core.StandardService[0;39m Starting service [Tomcat]
[2020-11-23 16:16:25.441 aniu-download [34mINFO [0;39m [33m[0;39m [32m[0;39m [34m[0;39m [33mrestartedMain[0;39m [32morg.apache.catalina.core.StandardEngine[0;39m Starting Servlet engine: [Apache Tomcat/9.0.39]
[2020-11-23 16:16:25.586 aniu-download [34mINFO [0;39m [33m[0;39m [32m[0;39m [34m[0;39m [33mrestartedMain[0;39m [32morg.apache.catalina.core.ContainerBase.[Tomcat].[localhost].[/][0;39m Initializing Spring embedded WebApplicationContext
[2020-11-23 16:16:25.587 aniu-download [34mINFO [0;39m [33m[0;39m [32m[0;39m [34m[0;39m [33mrestartedMain[0;39m [32morg.springframework.boot.web.servlet.context.ServletWebServerApplicationContext[0;39m Root WebApplicationContext: initialization completed in 1196 ms
[2020-11-23 16:16:26.138 aniu-download [34mINFO [0;39m [33m[0;39m [32m[0;39m [34m[0;39m [33mrestartedMain[0;39m [32morg.springframework.scheduling.concurrent.ThreadPoolTaskScheduler[0;39m Initializing ExecutorService 'taskScheduler'
[2020-11-23 16:16:26.175 aniu-download [34mINFO [0;39m [33m[0;39m [32m[0;39m [34m[0;39m [33mrestartedMain[0;39m [32morg.springframework.boot.devtools.autoconfigure.OptionalLiveReloadServer[0;39m LiveReload server is running on port 35729
[2020-11-23 16:16:26.189 aniu-download [34mINFO [0;39m [33m[0;39m [32m[0;39m [34m[0;39m [33mrestartedMain[0;39m [32morg.apache.coyote.http11.Http11NioProtocol[0;39m Starting ProtocolHandler ["http-nio-8080"]
[2020-11-23 16:16:26.204 aniu-download [34mINFO [0;39m [33m[0;39m [32m[0;39m [34m[0;39m [33mrestartedMain[0;39m [32morg.springframework.boot.web.embedded.tomcat.TomcatWebServer[0;39m Tomcat started on port(s): 8080 (http) with context path ''
[2020-11-23 16:16:26.219 aniu-download [34mINFO [0;39m [33m[0;39m [32m[0;39m [34m[0;39m [33mrestartedMain[0;39m [32mcom.aniu.downvideo.DownvideoApplication[0;39m Started DownvideoApplication in 2.383 seconds (JVM running for 3.211)
[2020-11-23 16:17:00.366 aniu-download [34mINFO [0;39m [33m[0;39m [32m[0;39m [34m[0;39m [33mbackground-preinit[0;39m [32morg.hibernate.validator.internal.util.Version[0;39m HV000001: Hibernate Validator 6.1.6.Final
[2020-11-23 16:17:00.372 aniu-download [34mINFO [0;39m [33m[0;39m [32m[0;39m [34m[0;39m [33mrestartedMain[0;39m [32mcom.aniu.downvideo.DownvideoApplication[0;39m Starting DownvideoApplication using Java 1.8.0_191 on wanglei with PID 7464 (C:\hanproject\downvideo\target\classes started by Administrator in C:\hanproject\downvideo)
[2020-11-23 16:17:00.372 aniu-download [34mINFO [0;39m [33m[0;39m [32m[0;39m [34m[0;39m [33mrestartedMain[0;39m [32mcom.aniu.downvideo.DownvideoApplication[0;39m The following profiles are active: dev
[2020-11-23 16:17:00.425 aniu-download [34mINFO [0;39m [33m[0;39m [32m[0;39m [34m[0;39m [33mrestartedMain[0;39m [32morg.springframework.boot.devtools.env.DevToolsPropertyDefaultsPostProcessor[0;39m Devtools property defaults active! Set 'spring.devtools.add-properties' to 'false' to disable
[2020-11-23 16:17:00.425 aniu-download [34mINFO [0;39m [33m[0;39m [32m[0;39m [34m[0;39m [33mrestartedMain[0;39m [32morg.springframework.boot.devtools.env.DevToolsPropertyDefaultsPostProcessor[0;39m For additional web related logging consider setting the 'logging.level.web' property to 'DEBUG'
[2020-11-23 16:17:01.450 aniu-download [34mINFO [0;39m [33m[0;39m [32m[0;39m [34m[0;39m [33mrestartedMain[0;39m [32morg.springframework.boot.web.embedded.tomcat.TomcatWebServer[0;39m Tomcat initialized with port(s): 8080 (http)
[2020-11-23 16:17:01.457 aniu-download [34mINFO [0;39m [33m[0;39m [32m[0;39m [34m[0;39m [33mrestartedMain[0;39m [32morg.apache.coyote.http11.Http11NioProtocol[0;39m Initializing ProtocolHandler ["http-nio-8080"]
[2020-11-23 16:17:01.458 aniu-download [34mINFO [0;39m [33m[0;39m [32m[0;39m [34m[0;39m [33mrestartedMain[0;39m [32morg.apache.catalina.core.StandardService[0;39m Starting service [Tomcat]
[2020-11-23 16:17:01.458 aniu-download [34mINFO [0;39m [33m[0;39m [32m[0;39m [34m[0;39m [33mrestartedMain[0;39m [32morg.apache.catalina.core.StandardEngine[0;39m Starting Servlet engine: [Apache Tomcat/9.0.39]
[2020-11-23 16:17:01.555 aniu-download [34mINFO [0;39m [33m[0;39m [32m[0;39m [34m[0;39m [33mrestartedMain[0;39m [32morg.apache.catalina.core.ContainerBase.[Tomcat].[localhost].[/][0;39m Initializing Spring embedded WebApplicationContext
[2020-11-23 16:17:01.555 aniu-download [34mINFO [0;39m [33m[0;39m [32m[0;39m [34m[0;39m [33mrestartedMain[0;39m [32morg.springframework.boot.web.servlet.context.ServletWebServerApplicationContext[0;39m Root WebApplicationContext: initialization completed in 1129 ms
[2020-11-23 16:17:02.107 aniu-download [34mINFO [0;39m [33m[0;39m [32m[0;39m [34m[0;39m [33mrestartedMain[0;39m [32morg.springframework.scheduling.concurrent.ThreadPoolTaskScheduler[0;39m Initializing ExecutorService 'taskScheduler'
[2020-11-23 16:17:02.143 aniu-download [34mINFO [0;39m [33m[0;39m [32m[0;39m [34m[0;39m [33mrestartedMain[0;39m [32morg.springframework.boot.devtools.autoconfigure.OptionalLiveReloadServer[0;39m LiveReload server is running on port 35729
[2020-11-23 16:17:02.157 aniu-download [34mINFO [0;39m [33m[0;39m [32m[0;39m [34m[0;39m [33mrestartedMain[0;39m [32morg.apache.coyote.http11.Http11NioProtocol[0;39m Starting ProtocolHandler ["http-nio-8080"]
[2020-11-23 16:17:02.172 aniu-download [34mINFO [0;39m [33m[0;39m [32m[0;39m [34m[0;39m [33mrestartedMain[0;39m [32morg.springframework.boot.web.embedded.tomcat.TomcatWebServer[0;39m Tomcat started on port(s): 8080 (http) with context path ''
[2020-11-23 16:17:02.185 aniu-download [34mINFO [0;39m [33m[0;39m [32m[0;39m [34m[0;39m [33mrestartedMain[0;39m [32mcom.aniu.downvideo.DownvideoApplication[0;39m Started DownvideoApplication in 2.269 seconds (JVM running for 3.07)
[2020-11-23 16:18:00.001 aniu-download [34mINFO [0;39m [33m[0;39m [32m[0;39m [34m[0;39m [33mscheduling-1[0;39m [32mcom.aniu.downvideo.task.VideoTask[0;39m saveExcelData()å¼€å§‹æ—¶é—´æ˜¯-->Mon Nov 23 16:18:00 CST 2020
[2020-11-23 16:18:00.509 aniu-download [34mINFO [0;39m [33m[0;39m [32m[0;39m [34m[0;39m [33mscheduling-1[0;39m [32mcom.aniu.downvideo.util.DownloadUtils[0;39m excelè¡¨çš„æ€»è¡Œæ•°æ˜¯-->1550
[2020-11-23 16:18:00.571 aniu-download [34mINFO [0;39m [33m[0;39m [32m[0;39m [34m[0;39m [33mscheduling-1[0;39m [32mcom.zaxxer.hikari.HikariDataSource[0;39m HikariPool-1 - Starting...
[2020-11-23 16:18:00.703 aniu-download [34mINFO [0;39m [33m[0;39m [32m[0;39m [34m[0;39m [33mscheduling-1[0;39m [32mcom.zaxxer.hikari.HikariDataSource[0;39m HikariPool-1 - Start completed.
[2020-11-23 16:18:01.178 aniu-download [34mINFO [0;39m [33m[0;39m [32m[0;39m [34m[0;39m [33mscheduling-1[0;39m [32mcom.aniu.downvideo.task.VideoTask[0;39m saveExcelData()æ‰§è¡Œå®Œæˆæ—¶é—´æ˜¯-->Mon Nov 23 16:18:01 CST 2020
[2020-11-23 16:20:00.002 aniu-download [34mINFO [0;39m [33m[0;39m [32m[0;39m [34m[0;39m [33mscheduling-1[0;39m [32mcom.aniu.downvideo.task.VideoTask[0;39m downloadVideos()ä¸‹è½½è§†é¢‘æ–‡ä»¶å¼€å§‹äº†......
[2020-11-23 16:32:07.897 aniu-download [34mINFO [0;39m [33m[0;39m [32m[0;39m [34m[0;39m [33mmain[0;39m [32mcom.aniu.downvideo.DownvideoApplicationTests[0;39m Starting DownvideoApplicationTests using Java 1.8.0_191 on wanglei with PID 12660 (started by Administrator in C:\hanproject\downvideo)
[2020-11-23 16:32:07.898 aniu-download [34mINFO [0;39m [33m[0;39m [32m[0;39m [34m[0;39m [33mmain[0;39m [32mcom.aniu.downvideo.DownvideoApplicationTests[0;39m The following profiles are active: prod
[2020-11-23 16:32:07.902 aniu-download [34mINFO [0;39m [33m[0;39m [32m[0;39m [34m[0;39m [33mbackground-preinit[0;39m [32morg.hibernate.validator.internal.util.Version[0;39m HV000001: Hibernate Validator 6.1.6.Final
[2020-11-23 16:32:10.401 aniu-download [34mINFO [0;39m [33m[0;39m [32m[0;39m [34m[0;39m [33mmain[0;39m [32morg.springframework.scheduling.concurrent.ThreadPoolTaskScheduler[0;39m Initializing ExecutorService 'taskScheduler'
[2020-11-23 16:32:10.481 aniu-download [34mINFO [0;39m [33m[0;39m [32m[0;39m [34m[0;39m [33mmain[0;39m [32mcom.aniu.downvideo.DownvideoApplicationTests[0;39m Started DownvideoApplicationTests in 3.081 seconds (JVM running for 4.241)
[2020-11-23 16:32:10.797 aniu-download [34mINFO [0;39m [33m[0;39m [32m[0;39m [34m[0;39m [33mSpringContextShutdownHook[0;39m [32morg.springframework.scheduling.concurrent.ThreadPoolTaskScheduler[0;39m Shutting down ExecutorService 'taskScheduler'
[2020-11-23 17:30:00.901 aniu-download [34mINFO [0;39m [33m[0;39m [32m[0;39m [34m[0;39m [33mmain[0;39m [32mcom.aniu.downvideo.DownvideoApplicationTests[0;39m Starting DownvideoApplicationTests using Java 1.8.0_191 on wanglei with PID 8788 (started by Administrator in C:\hanproject\downvideo)
[2020-11-23 17:30:00.903 aniu-download [34mINFO [0;39m [33m[0;39m [32m[0;39m [34m[0;39m [33mmain[0;39m [32mcom.aniu.downvideo.DownvideoApplicationTests[0;39m The following profiles are active: prod
[2020-11-23 17:30:00.916 aniu-download [34mINFO [0;39m [33m[0;39m [32m[0;39m [34m[0;39m [33mbackground-preinit[0;39m [32morg.hibernate.validator.internal.util.Version[0;39m HV000001: Hibernate Validator 6.1.6.Final
[2020-11-23 17:30:03.705 aniu-download [34mINFO [0;39m [33m[0;39m [32m[0;39m [34m[0;39m [33mmain[0;39m [32morg.springframework.scheduling.concurrent.ThreadPoolTaskScheduler[0;39m Initializing ExecutorService 'taskScheduler'
[2020-11-23 17:30:03.830 aniu-download [34mINFO [0;39m [33m[0;39m [32m[0;39m [34m[0;39m [33mmain[0;39m [32mcom.aniu.downvideo.DownvideoApplicationTests[0;39m Started DownvideoApplicationTests in 3.382 seconds (JVM running for 4.533)
[2020-11-23 17:30:04.370 aniu-download [34mINFO [0;39m [33m[0;39m [32m[0;39m [34m[0;39m [33mSpringContextShutdownHook[0;39m [32morg.springframework.scheduling.concurrent.ThreadPoolTaskScheduler[0;39m Shutting down ExecutorService 'taskScheduler'
