[2020-11-24 10:01:01.122 aniu-download [34mINFO [0;39m [33m[0;39m [32m[0;39m [34m[0;39m [33mbackground-preinit[0;39m [32morg.hibernate.validator.internal.util.Version[0;39m HV000001: Hibernate Validator 6.1.6.Final
[2020-11-24 10:01:01.138 aniu-download [34mINFO [0;39m [33m[0;39m [32m[0;39m [34m[0;39m [33mrestartedMain[0;39m [32mcom.aniu.downvideo.DownvideoApplication[0;39m Starting DownvideoApplication using Java 1.8.0_191 on wanglei with PID 10388 (C:\hanproject\downvideo\target\classes started by Administrator in C:\hanproject\downvideo)
[2020-11-24 10:01:01.138 aniu-download [34mINFO [0;39m [33m[0;39m [32m[0;39m [34m[0;39m [33mrestartedMain[0;39m [32mcom.aniu.downvideo.DownvideoApplication[0;39m The following profiles are active: prod
[2020-11-24 10:01:01.197 aniu-download [34mINFO [0;39m [33m[0;39m [32m[0;39m [34m[0;39m [33mrestartedMain[0;39m [32morg.springframework.boot.devtools.env.DevToolsPropertyDefaultsPostProcessor[0;39m Devtools property defaults active! Set 'spring.devtools.add-properties' to 'false' to disable
[2020-11-24 10:01:01.197 aniu-download [34mINFO [0;39m [33m[0;39m [32m[0;39m [34m[0;39m [33mrestartedMain[0;39m [32morg.springframework.boot.devtools.env.DevToolsPropertyDefaultsPostProcessor[0;39m For additional web related logging consider setting the 'logging.level.web' property to 'DEBUG'
[2020-11-24 10:01:02.444 aniu-download [34mINFO [0;39m [33m[0;39m [32m[0;39m [34m[0;39m [33mrestartedMain[0;39m [32morg.springframework.boot.web.embedded.tomcat.TomcatWebServer[0;39m Tomcat initialized with port(s): 8089 (http)
[2020-11-24 10:01:02.454 aniu-download [34mINFO [0;39m [33m[0;39m [32m[0;39m [34m[0;39m [33mrestartedMain[0;39m [32morg.apache.coyote.http11.Http11NioProtocol[0;39m Initializing ProtocolHandler ["http-nio-8089"]
[2020-11-24 10:01:02.455 aniu-download [34mINFO [0;39m [33m[0;39m [32m[0;39m [34m[0;39m [33mrestartedMain[0;39m [32morg.apache.catalina.core.StandardService[0;39m Starting service [Tomcat]
[2020-11-24 10:01:02.455 aniu-download [34mINFO [0;39m [33m[0;39m [32m[0;39m [34m[0;39m [33mrestartedMain[0;39m [32morg.apache.catalina.core.StandardEngine[0;39m Starting Servlet engine: [Apache Tomcat/9.0.39]
[2020-11-24 10:01:02.571 aniu-download [34mINFO [0;39m [33m[0;39m [32m[0;39m [34m[0;39m [33mrestartedMain[0;39m [32morg.apache.catalina.core.ContainerBase.[Tomcat].[localhost].[/][0;39m Initializing Spring embedded WebApplicationContext
[2020-11-24 10:01:02.572 aniu-download [34mINFO [0;39m [33m[0;39m [32m[0;39m [34m[0;39m [33mrestartedMain[0;39m [32morg.springframework.boot.web.servlet.context.ServletWebServerApplicationContext[0;39m Root WebApplicationContext: initialization completed in 1374 ms
[2020-11-24 10:01:03.257 aniu-download [34mINFO [0;39m [33m[0;39m [32m[0;39m [34m[0;39m [33mrestartedMain[0;39m [32morg.springframework.scheduling.concurrent.ThreadPoolTaskScheduler[0;39m Initializing ExecutorService 'taskScheduler'
[2020-11-24 10:01:03.299 aniu-download [34mINFO [0;39m [33m[0;39m [32m[0;39m [34m[0;39m [33mrestartedMain[0;39m [32morg.springframework.boot.devtools.autoconfigure.OptionalLiveReloadServer[0;39m LiveReload server is running on port 35729
[2020-11-24 10:01:03.315 aniu-download [34mINFO [0;39m [33m[0;39m [32m[0;39m [34m[0;39m [33mrestartedMain[0;39m [32morg.apache.coyote.http11.Http11NioProtocol[0;39m Starting ProtocolHandler ["http-nio-8089"]
[2020-11-24 10:01:03.334 aniu-download [34mINFO [0;39m [33m[0;39m [32m[0;39m [34m[0;39m [33mrestartedMain[0;39m [32morg.springframework.boot.web.embedded.tomcat.TomcatWebServer[0;39m Tomcat started on port(s): 8089 (http) with context path ''
[2020-11-24 10:01:03.350 aniu-download [34mINFO [0;39m [33m[0;39m [32m[0;39m [34m[0;39m [33mrestartedMain[0;39m [32mcom.aniu.downvideo.DownvideoApplication[0;39m Started DownvideoApplication in 2.752 seconds (JVM running for 4.308)
[2020-11-24 10:02:50.153 aniu-download [34mINFO [0;39m [33m[0;39m [32m[0;39m [34m[0;39m [33mSpringContextShutdownHook[0;39m [32morg.springframework.scheduling.concurrent.ThreadPoolTaskScheduler[0;39m Shutting down ExecutorService 'taskScheduler'
[2020-11-24 10:02:55.129 aniu-download [34mINFO [0;39m [33m[0;39m [32m[0;39m [34m[0;39m [33mbackground-preinit[0;39m [32morg.hibernate.validator.internal.util.Version[0;39m HV000001: Hibernate Validator 6.1.6.Final
[2020-11-24 10:02:55.136 aniu-download [34mINFO [0;39m [33m[0;39m [32m[0;39m [34m[0;39m [33mrestartedMain[0;39m [32mcom.aniu.downvideo.DownvideoApplication[0;39m Starting DownvideoApplication using Java 1.8.0_191 on wanglei with PID 15036 (C:\hanproject\downvideo\target\classes started by Administrator in C:\hanproject\downvideo)
[2020-11-24 10:02:55.136 aniu-download [34mINFO [0;39m [33m[0;39m [32m[0;39m [34m[0;39m [33mrestartedMain[0;39m [32mcom.aniu.downvideo.DownvideoApplication[0;39m The following profiles are active: prod
[2020-11-24 10:02:55.182 aniu-download [34mINFO [0;39m [33m[0;39m [32m[0;39m [34m[0;39m [33mrestartedMain[0;39m [32morg.springframework.boot.devtools.env.DevToolsPropertyDefaultsPostProcessor[0;39m Devtools property defaults active! Set 'spring.devtools.add-properties' to 'false' to disable
[2020-11-24 10:02:55.183 aniu-download [34mINFO [0;39m [33m[0;39m [32m[0;39m [34m[0;39m [33mrestartedMain[0;39m [32morg.springframework.boot.devtools.env.DevToolsPropertyDefaultsPostProcessor[0;39m For additional web related logging consider setting the 'logging.level.web' property to 'DEBUG'
[2020-11-24 10:02:56.163 aniu-download [34mINFO [0;39m [33m[0;39m [32m[0;39m [34m[0;39m [33mrestartedMain[0;39m [32morg.springframework.boot.web.embedded.tomcat.TomcatWebServer[0;39m Tomcat initialized with port(s): 8089 (http)
[2020-11-24 10:02:56.171 aniu-download [34mINFO [0;39m [33m[0;39m [32m[0;39m [34m[0;39m [33mrestartedMain[0;39m [32morg.apache.coyote.http11.Http11NioProtocol[0;39m Initializing ProtocolHandler ["http-nio-8089"]
[2020-11-24 10:02:56.172 aniu-download [34mINFO [0;39m [33m[0;39m [32m[0;39m [34m[0;39m [33mrestartedMain[0;39m [32morg.apache.catalina.core.StandardService[0;39m Starting service [Tomcat]
[2020-11-24 10:02:56.172 aniu-download [34mINFO [0;39m [33m[0;39m [32m[0;39m [34m[0;39m [33mrestartedMain[0;39m [32morg.apache.catalina.core.StandardEngine[0;39m Starting Servlet engine: [Apache Tomcat/9.0.39]
[2020-11-24 10:02:56.273 aniu-download [34mINFO [0;39m [33m[0;39m [32m[0;39m [34m[0;39m [33mrestartedMain[0;39m [32morg.apache.catalina.core.ContainerBase.[Tomcat].[localhost].[/][0;39m Initializing Spring embedded WebApplicationContext
[2020-11-24 10:02:56.273 aniu-download [34mINFO [0;39m [33m[0;39m [32m[0;39m [34m[0;39m [33mrestartedMain[0;39m [32morg.springframework.boot.web.servlet.context.ServletWebServerApplicationContext[0;39m Root WebApplicationContext: initialization completed in 1089 ms
[2020-11-24 10:02:56.833 aniu-download [34mINFO [0;39m [33m[0;39m [32m[0;39m [34m[0;39m [33mrestartedMain[0;39m [32morg.springframework.scheduling.concurrent.ThreadPoolTaskScheduler[0;39m Initializing ExecutorService 'taskScheduler'
[2020-11-24 10:02:56.869 aniu-download [34mINFO [0;39m [33m[0;39m [32m[0;39m [34m[0;39m [33mrestartedMain[0;39m [32morg.springframework.boot.devtools.autoconfigure.OptionalLiveReloadServer[0;39m LiveReload server is running on port 35729
[2020-11-24 10:02:56.882 aniu-download [34mINFO [0;39m [33m[0;39m [32m[0;39m [34m[0;39m [33mrestartedMain[0;39m [32morg.apache.coyote.http11.Http11NioProtocol[0;39m Starting ProtocolHandler ["http-nio-8089"]
[2020-11-24 10:02:56.898 aniu-download [34mINFO [0;39m [33m[0;39m [32m[0;39m [34m[0;39m [33mrestartedMain[0;39m [32morg.springframework.boot.web.embedded.tomcat.TomcatWebServer[0;39m Tomcat started on port(s): 8089 (http) with context path ''
[2020-11-24 10:02:56.912 aniu-download [34mINFO [0;39m [33m[0;39m [32m[0;39m [34m[0;39m [33mrestartedMain[0;39m [32mcom.aniu.downvideo.DownvideoApplication[0;39m Started DownvideoApplication in 2.235 seconds (JVM running for 3.091)
[2020-11-24 10:04:00.003 aniu-download [34mINFO [0;39m [33m[0;39m [32m[0;39m [34m[0;39m [33mscheduling-1[0;39m [32mcom.aniu.downvideo.task.VideoTask[0;39m saveExcelData()开始时间是-->Tue Nov 24 10:04:00 CST 2020
[2020-11-24 10:04:00.021 aniu-download [1;31mERROR[0;39m [33m[0;39m [32m[0;39m [34m[0;39m [33mscheduling-1[0;39m [32morg.springframework.scheduling.support.TaskUtils$LoggingErrorHandler[0;39m Unexpected error occurred in scheduled task
java.lang.NullPointerException: null
	at com.aniu.downvideo.util.DownloadUtils.read(DownloadUtils.java:103)
	at com.aniu.downvideo.service.impl.VideoStatusServiceImpl.saveExcelData(VideoStatusServiceImpl.java:43)
	at com.aniu.downvideo.task.VideoTask.saveExcelData(VideoTask.java:43)
	at sun.reflect.NativeMethodAccessorImpl.invoke0(Native Method)
	at sun.reflect.NativeMethodAccessorImpl.invoke(NativeMethodAccessorImpl.java:62)
	at sun.reflect.DelegatingMethodAccessorImpl.invoke(DelegatingMethodAccessorImpl.java:43)
	at java.lang.reflect.Method.invoke(Method.java:498)
	at org.springframework.scheduling.support.ScheduledMethodRunnable.run(ScheduledMethodRunnable.java:84)
	at org.springframework.scheduling.support.DelegatingErrorHandlingRunnable.run(DelegatingErrorHandlingRunnable.java:54)
	at org.springframework.scheduling.concurrent.ReschedulingRunnable.run(ReschedulingRunnable.java:95)
	at java.util.concurrent.Executors$RunnableAdapter.call(Executors.java:511)
	at java.util.concurrent.FutureTask.run(FutureTask.java:266)
	at java.util.concurrent.ScheduledThreadPoolExecutor$ScheduledFutureTask.access$201(ScheduledThreadPoolExecutor.java:180)
	at java.util.concurrent.ScheduledThreadPoolExecutor$ScheduledFutureTask.run(ScheduledThreadPoolExecutor.java:293)
	at java.util.concurrent.ThreadPoolExecutor.runWorker(ThreadPoolExecutor.java:1149)
	at java.util.concurrent.ThreadPoolExecutor$Worker.run(ThreadPoolExecutor.java:624)
	at java.lang.Thread.run(Thread.java:748)
[2020-11-24 10:05:17.389 aniu-download [34mINFO [0;39m [33m[0;39m [32m[0;39m [34m[0;39m [33mbackground-preinit[0;39m [32morg.hibernate.validator.internal.util.Version[0;39m HV000001: Hibernate Validator 6.1.6.Final
[2020-11-24 10:05:17.391 aniu-download [34mINFO [0;39m [33m[0;39m [32m[0;39m [34m[0;39m [33mrestartedMain[0;39m [32mcom.aniu.downvideo.DownvideoApplication[0;39m Starting DownvideoApplication using Java 1.8.0_191 on wanglei with PID 12764 (C:\hanproject\downvideo\target\classes started by Administrator in C:\hanproject\downvideo)
[2020-11-24 10:05:17.392 aniu-download [34mINFO [0;39m [33m[0;39m [32m[0;39m [34m[0;39m [33mrestartedMain[0;39m [32mcom.aniu.downvideo.DownvideoApplication[0;39m The following profiles are active: prod
[2020-11-24 10:05:17.444 aniu-download [34mINFO [0;39m [33m[0;39m [32m[0;39m [34m[0;39m [33mrestartedMain[0;39m [32morg.springframework.boot.devtools.env.DevToolsPropertyDefaultsPostProcessor[0;39m Devtools property defaults active! Set 'spring.devtools.add-properties' to 'false' to disable
[2020-11-24 10:05:17.444 aniu-download [34mINFO [0;39m [33m[0;39m [32m[0;39m [34m[0;39m [33mrestartedMain[0;39m [32morg.springframework.boot.devtools.env.DevToolsPropertyDefaultsPostProcessor[0;39m For additional web related logging consider setting the 'logging.level.web' property to 'DEBUG'
[2020-11-24 10:05:18.486 aniu-download [34mINFO [0;39m [33m[0;39m [32m[0;39m [34m[0;39m [33mrestartedMain[0;39m [32morg.springframework.boot.web.embedded.tomcat.TomcatWebServer[0;39m Tomcat initialized with port(s): 8089 (http)
[2020-11-24 10:05:18.494 aniu-download [34mINFO [0;39m [33m[0;39m [32m[0;39m [34m[0;39m [33mrestartedMain[0;39m [32morg.apache.coyote.http11.Http11NioProtocol[0;39m Initializing ProtocolHandler ["http-nio-8089"]
[2020-11-24 10:05:18.494 aniu-download [34mINFO [0;39m [33m[0;39m [32m[0;39m [34m[0;39m [33mrestartedMain[0;39m [32morg.apache.catalina.core.StandardService[0;39m Starting service [Tomcat]
[2020-11-24 10:05:18.494 aniu-download [34mINFO [0;39m [33m[0;39m [32m[0;39m [34m[0;39m [33mrestartedMain[0;39m [32morg.apache.catalina.core.StandardEngine[0;39m Starting Servlet engine: [Apache Tomcat/9.0.39]
[2020-11-24 10:05:18.589 aniu-download [34mINFO [0;39m [33m[0;39m [32m[0;39m [34m[0;39m [33mrestartedMain[0;39m [32morg.apache.catalina.core.ContainerBase.[Tomcat].[localhost].[/][0;39m Initializing Spring embedded WebApplicationContext
[2020-11-24 10:05:18.590 aniu-download [34mINFO [0;39m [33m[0;39m [32m[0;39m [34m[0;39m [33mrestartedMain[0;39m [32morg.springframework.boot.web.servlet.context.ServletWebServerApplicationContext[0;39m Root WebApplicationContext: initialization completed in 1145 ms
[2020-11-24 10:05:19.128 aniu-download [34mINFO [0;39m [33m[0;39m [32m[0;39m [34m[0;39m [33mrestartedMain[0;39m [32morg.springframework.scheduling.concurrent.ThreadPoolTaskScheduler[0;39m Initializing ExecutorService 'taskScheduler'
[2020-11-24 10:05:19.163 aniu-download [34mINFO [0;39m [33m[0;39m [32m[0;39m [34m[0;39m [33mrestartedMain[0;39m [32morg.springframework.boot.devtools.autoconfigure.OptionalLiveReloadServer[0;39m LiveReload server is running on port 35729
[2020-11-24 10:05:19.177 aniu-download [34mINFO [0;39m [33m[0;39m [32m[0;39m [34m[0;39m [33mrestartedMain[0;39m [32morg.apache.coyote.http11.Http11NioProtocol[0;39m Starting ProtocolHandler ["http-nio-8089"]
[2020-11-24 10:05:19.192 aniu-download [34mINFO [0;39m [33m[0;39m [32m[0;39m [34m[0;39m [33mrestartedMain[0;39m [32morg.springframework.boot.web.embedded.tomcat.TomcatWebServer[0;39m Tomcat started on port(s): 8089 (http) with context path ''
[2020-11-24 10:05:19.205 aniu-download [34mINFO [0;39m [33m[0;39m [32m[0;39m [34m[0;39m [33mrestartedMain[0;39m [32mcom.aniu.downvideo.DownvideoApplication[0;39m Started DownvideoApplication in 2.274 seconds (JVM running for 3.087)
[2020-11-24 10:06:00.001 aniu-download [34mINFO [0;39m [33m[0;39m [32m[0;39m [34m[0;39m [33mscheduling-1[0;39m [32mcom.aniu.downvideo.task.VideoTask[0;39m saveExcelData()开始时间是-->Tue Nov 24 10:06:00 CST 2020
[2020-11-24 10:06:00.021 aniu-download [1;31mERROR[0;39m [33m[0;39m [32m[0;39m [34m[0;39m [33mscheduling-1[0;39m [32morg.springframework.scheduling.support.TaskUtils$LoggingErrorHandler[0;39m Unexpected error occurred in scheduled task
java.lang.NullPointerException: null
	at com.aniu.downvideo.util.DownloadUtils.read(DownloadUtils.java:103)
	at com.aniu.downvideo.service.impl.VideoStatusServiceImpl.saveExcelData(VideoStatusServiceImpl.java:43)
	at com.aniu.downvideo.task.VideoTask.saveExcelData(VideoTask.java:43)
	at sun.reflect.NativeMethodAccessorImpl.invoke0(Native Method)
	at sun.reflect.NativeMethodAccessorImpl.invoke(NativeMethodAccessorImpl.java:62)
	at sun.reflect.DelegatingMethodAccessorImpl.invoke(DelegatingMethodAccessorImpl.java:43)
	at java.lang.reflect.Method.invoke(Method.java:498)
	at org.springframework.scheduling.support.ScheduledMethodRunnable.run(ScheduledMethodRunnable.java:84)
	at org.springframework.scheduling.support.DelegatingErrorHandlingRunnable.run(DelegatingErrorHandlingRunnable.java:54)
	at org.springframework.scheduling.concurrent.ReschedulingRunnable.run(ReschedulingRunnable.java:95)
	at java.util.concurrent.Executors$RunnableAdapter.call(Executors.java:511)
	at java.util.concurrent.FutureTask.run(FutureTask.java:266)
	at java.util.concurrent.ScheduledThreadPoolExecutor$ScheduledFutureTask.access$201(ScheduledThreadPoolExecutor.java:180)
	at java.util.concurrent.ScheduledThreadPoolExecutor$ScheduledFutureTask.run(ScheduledThreadPoolExecutor.java:293)
	at java.util.concurrent.ThreadPoolExecutor.runWorker(ThreadPoolExecutor.java:1149)
	at java.util.concurrent.ThreadPoolExecutor$Worker.run(ThreadPoolExecutor.java:624)
	at java.lang.Thread.run(Thread.java:748)
[2020-11-24 10:09:03.988 aniu-download [34mINFO [0;39m [33m[0;39m [32m[0;39m [34m[0;39m [33mbackground-preinit[0;39m [32morg.hibernate.validator.internal.util.Version[0;39m HV000001: Hibernate Validator 6.1.6.Final
[2020-11-24 10:09:03.993 aniu-download [34mINFO [0;39m [33m[0;39m [32m[0;39m [34m[0;39m [33mrestartedMain[0;39m [32mcom.aniu.downvideo.DownvideoApplication[0;39m Starting DownvideoApplication using Java 1.8.0_191 on wanglei with PID 13956 (C:\hanproject\downvideo\target\classes started by Administrator in C:\hanproject\downvideo)
[2020-11-24 10:09:03.993 aniu-download [34mINFO [0;39m [33m[0;39m [32m[0;39m [34m[0;39m [33mrestartedMain[0;39m [32mcom.aniu.downvideo.DownvideoApplication[0;39m The following profiles are active: prod
[2020-11-24 10:09:04.047 aniu-download [34mINFO [0;39m [33m[0;39m [32m[0;39m [34m[0;39m [33mrestartedMain[0;39m [32morg.springframework.boot.devtools.env.DevToolsPropertyDefaultsPostProcessor[0;39m Devtools property defaults active! Set 'spring.devtools.add-properties' to 'false' to disable
[2020-11-24 10:09:04.047 aniu-download [34mINFO [0;39m [33m[0;39m [32m[0;39m [34m[0;39m [33mrestartedMain[0;39m [32morg.springframework.boot.devtools.env.DevToolsPropertyDefaultsPostProcessor[0;39m For additional web related logging consider setting the 'logging.level.web' property to 'DEBUG'
[2020-11-24 10:09:05.225 aniu-download [34mINFO [0;39m [33m[0;39m [32m[0;39m [34m[0;39m [33mrestartedMain[0;39m [32morg.springframework.boot.web.embedded.tomcat.TomcatWebServer[0;39m Tomcat initialized with port(s): 8089 (http)
[2020-11-24 10:09:05.234 aniu-download [34mINFO [0;39m [33m[0;39m [32m[0;39m [34m[0;39m [33mrestartedMain[0;39m [32morg.apache.coyote.http11.Http11NioProtocol[0;39m Initializing ProtocolHandler ["http-nio-8089"]
[2020-11-24 10:09:05.234 aniu-download [34mINFO [0;39m [33m[0;39m [32m[0;39m [34m[0;39m [33mrestartedMain[0;39m [32morg.apache.catalina.core.StandardService[0;39m Starting service [Tomcat]
[2020-11-24 10:09:05.235 aniu-download [34mINFO [0;39m [33m[0;39m [32m[0;39m [34m[0;39m [33mrestartedMain[0;39m [32morg.apache.catalina.core.StandardEngine[0;39m Starting Servlet engine: [Apache Tomcat/9.0.39]
[2020-11-24 10:09:05.335 aniu-download [34mINFO [0;39m [33m[0;39m [32m[0;39m [34m[0;39m [33mrestartedMain[0;39m [32morg.apache.catalina.core.ContainerBase.[Tomcat].[localhost].[/][0;39m Initializing Spring embedded WebApplicationContext
[2020-11-24 10:09:05.335 aniu-download [34mINFO [0;39m [33m[0;39m [32m[0;39m [34m[0;39m [33mrestartedMain[0;39m [32morg.springframework.boot.web.servlet.context.ServletWebServerApplicationContext[0;39m Root WebApplicationContext: initialization completed in 1287 ms
[2020-11-24 10:09:05.970 aniu-download [34mINFO [0;39m [33m[0;39m [32m[0;39m [34m[0;39m [33mrestartedMain[0;39m [32morg.springframework.scheduling.concurrent.ThreadPoolTaskScheduler[0;39m Initializing ExecutorService 'taskScheduler'
[2020-11-24 10:09:06.011 aniu-download [34mINFO [0;39m [33m[0;39m [32m[0;39m [34m[0;39m [33mrestartedMain[0;39m [32morg.springframework.boot.devtools.autoconfigure.OptionalLiveReloadServer[0;39m LiveReload server is running on port 35729
[2020-11-24 10:09:06.025 aniu-download [34mINFO [0;39m [33m[0;39m [32m[0;39m [34m[0;39m [33mrestartedMain[0;39m [32morg.apache.coyote.http11.Http11NioProtocol[0;39m Starting ProtocolHandler ["http-nio-8089"]
[2020-11-24 10:09:06.043 aniu-download [34mINFO [0;39m [33m[0;39m [32m[0;39m [34m[0;39m [33mrestartedMain[0;39m [32morg.springframework.boot.web.embedded.tomcat.TomcatWebServer[0;39m Tomcat started on port(s): 8089 (http) with context path ''
[2020-11-24 10:09:06.058 aniu-download [34mINFO [0;39m [33m[0;39m [32m[0;39m [34m[0;39m [33mrestartedMain[0;39m [32mcom.aniu.downvideo.DownvideoApplication[0;39m Started DownvideoApplication in 2.599 seconds (JVM running for 3.682)
[2020-11-24 10:10:00.004 aniu-download [34mINFO [0;39m [33m[0;39m [32m[0;39m [34m[0;39m [33mscheduling-1[0;39m [32mcom.aniu.downvideo.task.VideoTask[0;39m saveExcelData()开始时间是-->Tue Nov 24 10:10:00 CST 2020
[2020-11-24 10:10:52.063 aniu-download [34mINFO [0;39m [33m[0;39m [32m[0;39m [34m[0;39m [33mscheduling-1[0;39m [32mcom.aniu.downvideo.util.DownloadUtils[0;39m excel表的总行数是-->1550
[2020-11-24 10:10:52.128 aniu-download [34mINFO [0;39m [33m[0;39m [32m[0;39m [34m[0;39m [33mSpringContextShutdownHook[0;39m [32morg.springframework.scheduling.concurrent.ThreadPoolTaskScheduler[0;39m Shutting down ExecutorService 'taskScheduler'
[2020-11-24 10:11:11.852 aniu-download [34mINFO [0;39m [33m[0;39m [32m[0;39m [34m[0;39m [33mbackground-preinit[0;39m [32morg.hibernate.validator.internal.util.Version[0;39m HV000001: Hibernate Validator 6.1.6.Final
[2020-11-24 10:11:11.861 aniu-download [34mINFO [0;39m [33m[0;39m [32m[0;39m [34m[0;39m [33mrestartedMain[0;39m [32mcom.aniu.downvideo.DownvideoApplication[0;39m Starting DownvideoApplication using Java 1.8.0_191 on wanglei with PID 15000 (C:\hanproject\downvideo\target\classes started by Administrator in C:\hanproject\downvideo)
[2020-11-24 10:11:11.861 aniu-download [34mINFO [0;39m [33m[0;39m [32m[0;39m [34m[0;39m [33mrestartedMain[0;39m [32mcom.aniu.downvideo.DownvideoApplication[0;39m The following profiles are active: dev
[2020-11-24 10:11:11.914 aniu-download [34mINFO [0;39m [33m[0;39m [32m[0;39m [34m[0;39m [33mrestartedMain[0;39m [32morg.springframework.boot.devtools.env.DevToolsPropertyDefaultsPostProcessor[0;39m Devtools property defaults active! Set 'spring.devtools.add-properties' to 'false' to disable
[2020-11-24 10:11:11.915 aniu-download [34mINFO [0;39m [33m[0;39m [32m[0;39m [34m[0;39m [33mrestartedMain[0;39m [32morg.springframework.boot.devtools.env.DevToolsPropertyDefaultsPostProcessor[0;39m For additional web related logging consider setting the 'logging.level.web' property to 'DEBUG'
[2020-11-24 10:11:12.911 aniu-download [34mINFO [0;39m [33m[0;39m [32m[0;39m [34m[0;39m [33mrestartedMain[0;39m [32morg.springframework.boot.web.embedded.tomcat.TomcatWebServer[0;39m Tomcat initialized with port(s): 8080 (http)
[2020-11-24 10:11:12.919 aniu-download [34mINFO [0;39m [33m[0;39m [32m[0;39m [34m[0;39m [33mrestartedMain[0;39m [32morg.apache.coyote.http11.Http11NioProtocol[0;39m Initializing ProtocolHandler ["http-nio-8080"]
[2020-11-24 10:11:12.920 aniu-download [34mINFO [0;39m [33m[0;39m [32m[0;39m [34m[0;39m [33mrestartedMain[0;39m [32morg.apache.catalina.core.StandardService[0;39m Starting service [Tomcat]
[2020-11-24 10:11:12.920 aniu-download [34mINFO [0;39m [33m[0;39m [32m[0;39m [34m[0;39m [33mrestartedMain[0;39m [32morg.apache.catalina.core.StandardEngine[0;39m Starting Servlet engine: [Apache Tomcat/9.0.39]
[2020-11-24 10:11:13.026 aniu-download [34mINFO [0;39m [33m[0;39m [32m[0;39m [34m[0;39m [33mrestartedMain[0;39m [32morg.apache.catalina.core.ContainerBase.[Tomcat].[localhost].[/][0;39m Initializing Spring embedded WebApplicationContext
[2020-11-24 10:11:13.026 aniu-download [34mINFO [0;39m [33m[0;39m [32m[0;39m [34m[0;39m [33mrestartedMain[0;39m [32morg.springframework.boot.web.servlet.context.ServletWebServerApplicationContext[0;39m Root WebApplicationContext: initialization completed in 1111 ms
[2020-11-24 10:11:13.588 aniu-download [34mINFO [0;39m [33m[0;39m [32m[0;39m [34m[0;39m [33mrestartedMain[0;39m [32morg.springframework.scheduling.concurrent.ThreadPoolTaskScheduler[0;39m Initializing ExecutorService 'taskScheduler'
[2020-11-24 10:11:13.643 aniu-download [34mINFO [0;39m [33m[0;39m [32m[0;39m [34m[0;39m [33mrestartedMain[0;39m [32morg.springframework.boot.devtools.autoconfigure.OptionalLiveReloadServer[0;39m LiveReload server is running on port 35729
[2020-11-24 10:11:13.658 aniu-download [34mINFO [0;39m [33m[0;39m [32m[0;39m [34m[0;39m [33mrestartedMain[0;39m [32morg.apache.coyote.http11.Http11NioProtocol[0;39m Starting ProtocolHandler ["http-nio-8080"]
[2020-11-24 10:11:13.675 aniu-download [34mINFO [0;39m [33m[0;39m [32m[0;39m [34m[0;39m [33mrestartedMain[0;39m [32morg.springframework.boot.web.embedded.tomcat.TomcatWebServer[0;39m Tomcat started on port(s): 8080 (http) with context path ''
[2020-11-24 10:11:13.688 aniu-download [34mINFO [0;39m [33m[0;39m [32m[0;39m [34m[0;39m [33mrestartedMain[0;39m [32mcom.aniu.downvideo.DownvideoApplication[0;39m Started DownvideoApplication in 2.287 seconds (JVM running for 3.081)
[2020-11-24 10:12:00.005 aniu-download [34mINFO [0;39m [33m[0;39m [32m[0;39m [34m[0;39m [33mscheduling-1[0;39m [32mcom.aniu.downvideo.task.VideoTask[0;39m saveExcelData()开始时间是-->Tue Nov 24 10:12:00 CST 2020
[2020-11-24 10:12:00.486 aniu-download [34mINFO [0;39m [33m[0;39m [32m[0;39m [34m[0;39m [33mscheduling-1[0;39m [32mcom.aniu.downvideo.util.DownloadUtils[0;39m excel表的总行数是-->1550
[2020-11-24 10:12:00.555 aniu-download [34mINFO [0;39m [33m[0;39m [32m[0;39m [34m[0;39m [33mscheduling-1[0;39m [32mcom.zaxxer.hikari.HikariDataSource[0;39m HikariPool-1 - Starting...
[2020-11-24 10:12:00.690 aniu-download [34mINFO [0;39m [33m[0;39m [32m[0;39m [34m[0;39m [33mscheduling-1[0;39m [32mcom.zaxxer.hikari.HikariDataSource[0;39m HikariPool-1 - Start completed.
[2020-11-24 10:12:01.492 aniu-download [34mINFO [0;39m [33m[0;39m [32m[0;39m [34m[0;39m [33mscheduling-1[0;39m [32mcom.aniu.downvideo.task.VideoTask[0;39m saveExcelData()执行完成时间是-->Tue Nov 24 10:12:01 CST 2020
[2020-11-24 10:25:53.058 aniu-download [34mINFO [0;39m [33m[0;39m [32m[0;39m [34m[0;39m [33mbackground-preinit[0;39m [32morg.hibernate.validator.internal.util.Version[0;39m HV000001: Hibernate Validator 6.1.6.Final
[2020-11-24 10:25:53.065 aniu-download [34mINFO [0;39m [33m[0;39m [32m[0;39m [34m[0;39m [33mrestartedMain[0;39m [32mcom.aniu.downvideo.DownvideoApplication[0;39m Starting DownvideoApplication using Java 1.8.0_191 on wanglei with PID 13756 (C:\hanproject\downvideo\target\classes started by Administrator in C:\hanproject\downvideo)
[2020-11-24 10:25:53.065 aniu-download [34mINFO [0;39m [33m[0;39m [32m[0;39m [34m[0;39m [33mrestartedMain[0;39m [32mcom.aniu.downvideo.DownvideoApplication[0;39m The following profiles are active: dev
[2020-11-24 10:25:53.115 aniu-download [34mINFO [0;39m [33m[0;39m [32m[0;39m [34m[0;39m [33mrestartedMain[0;39m [32morg.springframework.boot.devtools.env.DevToolsPropertyDefaultsPostProcessor[0;39m Devtools property defaults active! Set 'spring.devtools.add-properties' to 'false' to disable
[2020-11-24 10:25:53.115 aniu-download [34mINFO [0;39m [33m[0;39m [32m[0;39m [34m[0;39m [33mrestartedMain[0;39m [32morg.springframework.boot.devtools.env.DevToolsPropertyDefaultsPostProcessor[0;39m For additional web related logging consider setting the 'logging.level.web' property to 'DEBUG'
[2020-11-24 10:25:54.091 aniu-download [34mINFO [0;39m [33m[0;39m [32m[0;39m [34m[0;39m [33mrestartedMain[0;39m [32morg.springframework.boot.web.embedded.tomcat.TomcatWebServer[0;39m Tomcat initialized with port(s): 8080 (http)
[2020-11-24 10:25:54.098 aniu-download [34mINFO [0;39m [33m[0;39m [32m[0;39m [34m[0;39m [33mrestartedMain[0;39m [32morg.apache.coyote.http11.Http11NioProtocol[0;39m Initializing ProtocolHandler ["http-nio-8080"]
[2020-11-24 10:25:54.099 aniu-download [34mINFO [0;39m [33m[0;39m [32m[0;39m [34m[0;39m [33mrestartedMain[0;39m [32morg.apache.catalina.core.StandardService[0;39m Starting service [Tomcat]
[2020-11-24 10:25:54.099 aniu-download [34mINFO [0;39m [33m[0;39m [32m[0;39m [34m[0;39m [33mrestartedMain[0;39m [32morg.apache.catalina.core.StandardEngine[0;39m Starting Servlet engine: [Apache Tomcat/9.0.39]
[2020-11-24 10:25:54.195 aniu-download [34mINFO [0;39m [33m[0;39m [32m[0;39m [34m[0;39m [33mrestartedMain[0;39m [32morg.apache.catalina.core.ContainerBase.[Tomcat].[localhost].[/][0;39m Initializing Spring embedded WebApplicationContext
[2020-11-24 10:25:54.196 aniu-download [34mINFO [0;39m [33m[0;39m [32m[0;39m [34m[0;39m [33mrestartedMain[0;39m [32morg.springframework.boot.web.servlet.context.ServletWebServerApplicationContext[0;39m Root WebApplicationContext: initialization completed in 1080 ms
[2020-11-24 10:25:54.710 aniu-download [34mINFO [0;39m [33m[0;39m [32m[0;39m [34m[0;39m [33mrestartedMain[0;39m [32morg.springframework.scheduling.concurrent.ThreadPoolTaskScheduler[0;39m Initializing ExecutorService 'taskScheduler'
[2020-11-24 10:25:54.744 aniu-download [34mINFO [0;39m [33m[0;39m [32m[0;39m [34m[0;39m [33mrestartedMain[0;39m [32morg.springframework.boot.devtools.autoconfigure.OptionalLiveReloadServer[0;39m LiveReload server is running on port 35729
[2020-11-24 10:25:54.756 aniu-download [34mINFO [0;39m [33m[0;39m [32m[0;39m [34m[0;39m [33mrestartedMain[0;39m [32morg.apache.coyote.http11.Http11NioProtocol[0;39m Starting ProtocolHandler ["http-nio-8080"]
[2020-11-24 10:25:54.771 aniu-download [34mINFO [0;39m [33m[0;39m [32m[0;39m [34m[0;39m [33mrestartedMain[0;39m [32morg.springframework.boot.web.embedded.tomcat.TomcatWebServer[0;39m Tomcat started on port(s): 8080 (http) with context path ''
[2020-11-24 10:25:54.783 aniu-download [34mINFO [0;39m [33m[0;39m [32m[0;39m [34m[0;39m [33mrestartedMain[0;39m [32mcom.aniu.downvideo.DownvideoApplication[0;39m Started DownvideoApplication in 2.146 seconds (JVM running for 2.958)
[2020-11-24 10:30:00.001 aniu-download [34mINFO [0;39m [33m[0;39m [32m[0;39m [34m[0;39m [33mscheduling-1[0;39m [32mcom.aniu.downvideo.task.VideoTask[0;39m downloadVideos()下载视频文件开始了......
[2020-11-24 10:30:00.042 aniu-download [34mINFO [0;39m [33m[0;39m [32m[0;39m [34m[0;39m [33mscheduling-1[0;39m [32mcom.zaxxer.hikari.HikariDataSource[0;39m HikariPool-1 - Starting...
[2020-11-24 10:30:00.171 aniu-download [34mINFO [0;39m [33m[0;39m [32m[0;39m [34m[0;39m [33mscheduling-1[0;39m [32mcom.zaxxer.hikari.HikariDataSource[0;39m HikariPool-1 - Start completed.
[2020-11-24 10:30:41.592 aniu-download [34mINFO [0;39m [33m[0;39m [32m[0;39m [34m[0;39m [33mcons-queue-td-4[0;39m [32mcom.aniu.downvideo.util.DownloadUtils[0;39m 00DCEA5F159676A79C33DC5901307461-->视频已下载完成&&&视频下载状态表success。。。
[2020-11-24 10:30:42.896 aniu-download [34mINFO [0;39m [33m[0;39m [32m[0;39m [34m[0;39m [33mcons-queue-td-5[0;39m [32mcom.aniu.downvideo.util.DownloadUtils[0;39m 00DCEA5F159676A79C33DC5901307461-->视频已下载完成&&&视频下载状态表success。。。
[2020-11-24 10:34:49.114 aniu-download [31mWARN [0;39m [33m[0;39m [32m[0;39m [34m[0;39m [33mcons-queue-td-0[0;39m [32mcom.zaxxer.hikari.pool.PoolBase[0;39m HikariPool-1 - Failed to validate connection com.mysql.cj.jdbc.ConnectionImpl@6e076000 (No operations allowed after connection closed.). Possibly consider using a shorter maxLifetime value.
[2020-11-24 10:34:49.120 aniu-download [31mWARN [0;39m [33m[0;39m [32m[0;39m [34m[0;39m [33mcons-queue-td-0[0;39m [32mcom.zaxxer.hikari.pool.PoolBase[0;39m HikariPool-1 - Failed to validate connection com.mysql.cj.jdbc.ConnectionImpl@28edddf7 (No operations allowed after connection closed.). Possibly consider using a shorter maxLifetime value.
[2020-11-24 10:34:49.124 aniu-download [31mWARN [0;39m [33m[0;39m [32m[0;39m [34m[0;39m [33mcons-queue-td-0[0;39m [32mcom.zaxxer.hikari.pool.PoolBase[0;39m HikariPool-1 - Failed to validate connection com.mysql.cj.jdbc.ConnectionImpl@7d3faf8a (No operations allowed after connection closed.). Possibly consider using a shorter maxLifetime value.
[2020-11-24 10:34:49.127 aniu-download [31mWARN [0;39m [33m[0;39m [32m[0;39m [34m[0;39m [33mcons-queue-td-0[0;39m [32mcom.zaxxer.hikari.pool.PoolBase[0;39m HikariPool-1 - Failed to validate connection com.mysql.cj.jdbc.ConnectionImpl@44338599 (No operations allowed after connection closed.). Possibly consider using a shorter maxLifetime value.
[2020-11-24 10:34:49.131 aniu-download [31mWARN [0;39m [33m[0;39m [32m[0;39m [34m[0;39m [33mcons-queue-td-0[0;39m [32mcom.zaxxer.hikari.pool.PoolBase[0;39m HikariPool-1 - Failed to validate connection com.mysql.cj.jdbc.ConnectionImpl@48af8f17 (No operations allowed after connection closed.). Possibly consider using a shorter maxLifetime value.
[2020-11-24 10:34:49.134 aniu-download [31mWARN [0;39m [33m[0;39m [32m[0;39m [34m[0;39m [33mcons-queue-td-0[0;39m [32mcom.zaxxer.hikari.pool.PoolBase[0;39m HikariPool-1 - Failed to validate connection com.mysql.cj.jdbc.ConnectionImpl@e6bf190 (No operations allowed after connection closed.). Possibly consider using a shorter maxLifetime value.
[2020-11-24 10:34:49.137 aniu-download [31mWARN [0;39m [33m[0;39m [32m[0;39m [34m[0;39m [33mcons-queue-td-0[0;39m [32mcom.zaxxer.hikari.pool.PoolBase[0;39m HikariPool-1 - Failed to validate connection com.mysql.cj.jdbc.ConnectionImpl@ea84c28 (No operations allowed after connection closed.). Possibly consider using a shorter maxLifetime value.
[2020-11-24 10:34:49.138 aniu-download [31mWARN [0;39m [33m[0;39m [32m[0;39m [34m[0;39m [33mcons-queue-td-0[0;39m [32mcom.zaxxer.hikari.pool.PoolBase[0;39m HikariPool-1 - Failed to validate connection com.mysql.cj.jdbc.ConnectionImpl@566f0f29 (No operations allowed after connection closed.). Possibly consider using a shorter maxLifetime value.
[2020-11-24 10:34:49.140 aniu-download [31mWARN [0;39m [33m[0;39m [32m[0;39m [34m[0;39m [33mcons-queue-td-0[0;39m [32mcom.zaxxer.hikari.pool.PoolBase[0;39m HikariPool-1 - Failed to validate connection com.mysql.cj.jdbc.ConnectionImpl@620ce5c4 (No operations allowed after connection closed.). Possibly consider using a shorter maxLifetime value.
[2020-11-24 10:34:49.142 aniu-download [31mWARN [0;39m [33m[0;39m [32m[0;39m [34m[0;39m [33mcons-queue-td-0[0;39m [32mcom.zaxxer.hikari.pool.PoolBase[0;39m HikariPool-1 - Failed to validate connection com.mysql.cj.jdbc.ConnectionImpl@33ba6f64 (No operations allowed after connection closed.). Possibly consider using a shorter maxLifetime value.
[2020-11-24 10:34:49.151 aniu-download [34mINFO [0;39m [33m[0;39m [32m[0;39m [34m[0;39m [33mcons-queue-td-0[0;39m [32mcom.aniu.downvideo.util.DownloadUtils[0;39m 09F38BA08449CB899C33DC5901307461-->视频已下载完成&&&视频下载状态表success。。。
[2020-11-24 10:36:02.649 aniu-download [34mINFO [0;39m [33m[0;39m [32m[0;39m [34m[0;39m [33mcons-queue-td-3[0;39m [32mcom.aniu.downvideo.util.DownloadUtils[0;39m 0094277D1377D9419C33DC5901307461-->视频已下载完成&&&视频下载状态表success。。。
[2020-11-24 10:37:06.345 aniu-download [34mINFO [0;39m [33m[0;39m [32m[0;39m [34m[0;39m [33mcons-queue-td-2[0;39m [32mcom.aniu.downvideo.util.DownloadUtils[0;39m 0090C3C5F434D2219C33DC5901307461-->视频已下载完成&&&视频下载状态表success。。。
[2020-11-24 10:38:55.127 aniu-download [34mINFO [0;39m [33m[0;39m [32m[0;39m [34m[0;39m [33mcons-queue-td-1[0;39m [32mcom.aniu.downvideo.util.DownloadUtils[0;39m 007002298FA28A839C33DC5901307461-->视频已下载完成&&&视频下载状态表success。。。
[2020-11-24 10:47:45.595 aniu-download [34mINFO [0;39m [33m[0;39m [32m[0;39m [34m[0;39m [33mmain[0;39m [32mcom.aniu.downvideo.DownvideoApplicationTests[0;39m Starting DownvideoApplicationTests using Java 1.8.0_191 on wanglei with PID 7304 (started by Administrator in C:\hanproject\downvideo)
[2020-11-24 10:47:45.596 aniu-download [34mINFO [0;39m [33m[0;39m [32m[0;39m [34m[0;39m [33mmain[0;39m [32mcom.aniu.downvideo.DownvideoApplicationTests[0;39m The following profiles are active: prod
[2020-11-24 10:47:45.608 aniu-download [34mINFO [0;39m [33m[0;39m [32m[0;39m [34m[0;39m [33mbackground-preinit[0;39m [32morg.hibernate.validator.internal.util.Version[0;39m HV000001: Hibernate Validator 6.1.6.Final
[2020-11-24 10:47:47.963 aniu-download [34mINFO [0;39m [33m[0;39m [32m[0;39m [34m[0;39m [33mmain[0;39m [32morg.springframework.scheduling.concurrent.ThreadPoolTaskScheduler[0;39m Initializing ExecutorService 'taskScheduler'
[2020-11-24 10:47:48.053 aniu-download [34mINFO [0;39m [33m[0;39m [32m[0;39m [34m[0;39m [33mmain[0;39m [32mcom.aniu.downvideo.DownvideoApplicationTests[0;39m Started DownvideoApplicationTests in 2.891 seconds (JVM running for 3.99)
[2020-11-24 10:47:48.376 aniu-download [34mINFO [0;39m [33m[0;39m [32m[0;39m [34m[0;39m [33mSpringContextShutdownHook[0;39m [32morg.springframework.scheduling.concurrent.ThreadPoolTaskScheduler[0;39m Shutting down ExecutorService 'taskScheduler'
