[2020-11-27 10:23:53.878 aniu-download [34mINFO [0;39m [33m[0;39m [32m[0;39m [34m[0;39m [33mbackground-preinit[0;39m [32morg.hibernate.validator.internal.util.Version[0;39m HV000001: Hibernate Validator 6.1.6.Final
[2020-11-27 10:23:53.895 aniu-download [34mINFO [0;39m [33m[0;39m [32m[0;39m [34m[0;39m [33mrestartedMain[0;39m [32mcom.aniu.downvideo.DownvideoApplication[0;39m Starting DownvideoApplication using Java 1.8.0_191 on wanglei with PID 4812 (C:\hanproject\downvideo\target\classes started by Administrator in C:\hanproject\downvideo)
[2020-11-27 10:23:53.896 aniu-download [34mINFO [0;39m [33m[0;39m [32m[0;39m [34m[0;39m [33mrestartedMain[0;39m [32mcom.aniu.downvideo.DownvideoApplication[0;39m The following profiles are active: dev
[2020-11-27 10:23:53.966 aniu-download [34mINFO [0;39m [33m[0;39m [32m[0;39m [34m[0;39m [33mrestartedMain[0;39m [32morg.springframework.boot.devtools.env.DevToolsPropertyDefaultsPostProcessor[0;39m Devtools property defaults active! Set 'spring.devtools.add-properties' to 'false' to disable
[2020-11-27 10:23:53.966 aniu-download [34mINFO [0;39m [33m[0;39m [32m[0;39m [34m[0;39m [33mrestartedMain[0;39m [32morg.springframework.boot.devtools.env.DevToolsPropertyDefaultsPostProcessor[0;39m For additional web related logging consider setting the 'logging.level.web' property to 'DEBUG'
[2020-11-27 10:23:55.247 aniu-download [34mINFO [0;39m [33m[0;39m [32m[0;39m [34m[0;39m [33mrestartedMain[0;39m [32morg.springframework.boot.web.embedded.tomcat.TomcatWebServer[0;39m Tomcat initialized with port(s): 8080 (http)
[2020-11-27 10:23:55.258 aniu-download [34mINFO [0;39m [33m[0;39m [32m[0;39m [34m[0;39m [33mrestartedMain[0;39m [32morg.apache.coyote.http11.Http11NioProtocol[0;39m Initializing ProtocolHandler ["http-nio-8080"]
[2020-11-27 10:23:55.259 aniu-download [34mINFO [0;39m [33m[0;39m [32m[0;39m [34m[0;39m [33mrestartedMain[0;39m [32morg.apache.catalina.core.StandardService[0;39m Starting service [Tomcat]
[2020-11-27 10:23:55.259 aniu-download [34mINFO [0;39m [33m[0;39m [32m[0;39m [34m[0;39m [33mrestartedMain[0;39m [32morg.apache.catalina.core.StandardEngine[0;39m Starting Servlet engine: [Apache Tomcat/9.0.39]
[2020-11-27 10:23:55.390 aniu-download [34mINFO [0;39m [33m[0;39m [32m[0;39m [34m[0;39m [33mrestartedMain[0;39m [32morg.apache.catalina.core.ContainerBase.[Tomcat].[localhost].[/][0;39m Initializing Spring embedded WebApplicationContext
[2020-11-27 10:23:55.390 aniu-download [34mINFO [0;39m [33m[0;39m [32m[0;39m [34m[0;39m [33mrestartedMain[0;39m [32morg.springframework.boot.web.servlet.context.ServletWebServerApplicationContext[0;39m Root WebApplicationContext: initialization completed in 1422 ms
[2020-11-27 10:23:56.122 aniu-download [34mINFO [0;39m [33m[0;39m [32m[0;39m [34m[0;39m [33mrestartedMain[0;39m [32morg.springframework.scheduling.concurrent.ThreadPoolTaskScheduler[0;39m Initializing ExecutorService 'taskScheduler'
[2020-11-27 10:23:56.167 aniu-download [31mWARN [0;39m [33m[0;39m [32m[0;39m [34m[0;39m [33mrestartedMain[0;39m [32morg.springframework.boot.devtools.autoconfigure.OptionalLiveReloadServer[0;39m Unable to start LiveReload server
[2020-11-27 10:23:56.182 aniu-download [34mINFO [0;39m [33m[0;39m [32m[0;39m [34m[0;39m [33mrestartedMain[0;39m [32morg.apache.coyote.http11.Http11NioProtocol[0;39m Starting ProtocolHandler ["http-nio-8080"]
[2020-11-27 10:23:56.199 aniu-download [34mINFO [0;39m [33m[0;39m [32m[0;39m [34m[0;39m [33mrestartedMain[0;39m [32morg.springframework.boot.web.embedded.tomcat.TomcatWebServer[0;39m Tomcat started on port(s): 8080 (http) with context path ''
[2020-11-27 10:23:56.216 aniu-download [34mINFO [0;39m [33m[0;39m [32m[0;39m [34m[0;39m [33mrestartedMain[0;39m [32mcom.aniu.downvideo.DownvideoApplication[0;39m Started DownvideoApplication in 2.909 seconds (JVM running for 4.073)
[2020-11-27 10:25:26.325 aniu-download [34mINFO [0;39m [33m[0;39m [32m[0;39m [34m[0;39m [33mhttp-nio-8080-exec-2[0;39m [32morg.apache.catalina.core.ContainerBase.[Tomcat].[localhost].[/][0;39m Initializing Spring DispatcherServlet 'dispatcherServlet'
[2020-11-27 10:25:26.326 aniu-download [34mINFO [0;39m [33m[0;39m [32m[0;39m [34m[0;39m [33mhttp-nio-8080-exec-2[0;39m [32morg.springframework.web.servlet.DispatcherServlet[0;39m Initializing Servlet 'dispatcherServlet'
[2020-11-27 10:25:26.326 aniu-download [34mINFO [0;39m [33m[0;39m [32m[0;39m [34m[0;39m [33mhttp-nio-8080-exec-2[0;39m [32morg.springframework.web.servlet.DispatcherServlet[0;39m Completed initialization in 0 ms
[2020-11-27 10:26:31.237 aniu-download [34mINFO [0;39m [33m[0;39m [32m[0;39m [34m[0;39m [33mSpringContextShutdownHook[0;39m [32morg.springframework.scheduling.concurrent.ThreadPoolTaskScheduler[0;39m Shutting down ExecutorService 'taskScheduler'
[2020-11-27 10:26:37.062 aniu-download [34mINFO [0;39m [33m[0;39m [32m[0;39m [34m[0;39m [33mbackground-preinit[0;39m [32morg.hibernate.validator.internal.util.Version[0;39m HV000001: Hibernate Validator 6.1.6.Final
[2020-11-27 10:26:37.074 aniu-download [34mINFO [0;39m [33m[0;39m [32m[0;39m [34m[0;39m [33mrestartedMain[0;39m [32mcom.aniu.downvideo.DownvideoApplication[0;39m Starting DownvideoApplication using Java 1.8.0_191 on wanglei with PID 18024 (C:\hanproject\downvideo\target\classes started by Administrator in C:\hanproject\downvideo)
[2020-11-27 10:26:37.075 aniu-download [34mINFO [0;39m [33m[0;39m [32m[0;39m [34m[0;39m [33mrestartedMain[0;39m [32mcom.aniu.downvideo.DownvideoApplication[0;39m The following profiles are active: dev
[2020-11-27 10:26:37.152 aniu-download [34mINFO [0;39m [33m[0;39m [32m[0;39m [34m[0;39m [33mrestartedMain[0;39m [32morg.springframework.boot.devtools.env.DevToolsPropertyDefaultsPostProcessor[0;39m Devtools property defaults active! Set 'spring.devtools.add-properties' to 'false' to disable
[2020-11-27 10:26:37.152 aniu-download [34mINFO [0;39m [33m[0;39m [32m[0;39m [34m[0;39m [33mrestartedMain[0;39m [32morg.springframework.boot.devtools.env.DevToolsPropertyDefaultsPostProcessor[0;39m For additional web related logging consider setting the 'logging.level.web' property to 'DEBUG'
[2020-11-27 10:26:38.412 aniu-download [34mINFO [0;39m [33m[0;39m [32m[0;39m [34m[0;39m [33mrestartedMain[0;39m [32morg.springframework.boot.web.embedded.tomcat.TomcatWebServer[0;39m Tomcat initialized with port(s): 8080 (http)
[2020-11-27 10:26:38.422 aniu-download [34mINFO [0;39m [33m[0;39m [32m[0;39m [34m[0;39m [33mrestartedMain[0;39m [32morg.apache.coyote.http11.Http11NioProtocol[0;39m Initializing ProtocolHandler ["http-nio-8080"]
[2020-11-27 10:26:38.423 aniu-download [34mINFO [0;39m [33m[0;39m [32m[0;39m [34m[0;39m [33mrestartedMain[0;39m [32morg.apache.catalina.core.StandardService[0;39m Starting service [Tomcat]
[2020-11-27 10:26:38.423 aniu-download [34mINFO [0;39m [33m[0;39m [32m[0;39m [34m[0;39m [33mrestartedMain[0;39m [32morg.apache.catalina.core.StandardEngine[0;39m Starting Servlet engine: [Apache Tomcat/9.0.39]
[2020-11-27 10:26:38.530 aniu-download [34mINFO [0;39m [33m[0;39m [32m[0;39m [34m[0;39m [33mrestartedMain[0;39m [32morg.apache.catalina.core.ContainerBase.[Tomcat].[localhost].[/][0;39m Initializing Spring embedded WebApplicationContext
[2020-11-27 10:26:38.531 aniu-download [34mINFO [0;39m [33m[0;39m [32m[0;39m [34m[0;39m [33mrestartedMain[0;39m [32morg.springframework.boot.web.servlet.context.ServletWebServerApplicationContext[0;39m Root WebApplicationContext: initialization completed in 1377 ms
[2020-11-27 10:26:39.163 aniu-download [34mINFO [0;39m [33m[0;39m [32m[0;39m [34m[0;39m [33mrestartedMain[0;39m [32morg.springframework.scheduling.concurrent.ThreadPoolTaskScheduler[0;39m Initializing ExecutorService 'taskScheduler'
[2020-11-27 10:26:39.206 aniu-download [31mWARN [0;39m [33m[0;39m [32m[0;39m [34m[0;39m [33mrestartedMain[0;39m [32morg.springframework.boot.devtools.autoconfigure.OptionalLiveReloadServer[0;39m Unable to start LiveReload server
[2020-11-27 10:26:39.220 aniu-download [34mINFO [0;39m [33m[0;39m [32m[0;39m [34m[0;39m [33mrestartedMain[0;39m [32morg.apache.coyote.http11.Http11NioProtocol[0;39m Starting ProtocolHandler ["http-nio-8080"]
[2020-11-27 10:26:39.237 aniu-download [34mINFO [0;39m [33m[0;39m [32m[0;39m [34m[0;39m [33mrestartedMain[0;39m [32morg.springframework.boot.web.embedded.tomcat.TomcatWebServer[0;39m Tomcat started on port(s): 8080 (http) with context path ''
[2020-11-27 10:26:39.253 aniu-download [34mINFO [0;39m [33m[0;39m [32m[0;39m [34m[0;39m [33mrestartedMain[0;39m [32mcom.aniu.downvideo.DownvideoApplication[0;39m Started DownvideoApplication in 2.743 seconds (JVM running for 3.842)
[2020-11-27 10:26:43.765 aniu-download [34mINFO [0;39m [33m[0;39m [32m[0;39m [34m[0;39m [33mhttp-nio-8080-exec-2[0;39m [32morg.apache.catalina.core.ContainerBase.[Tomcat].[localhost].[/][0;39m Initializing Spring DispatcherServlet 'dispatcherServlet'
[2020-11-27 10:26:43.765 aniu-download [34mINFO [0;39m [33m[0;39m [32m[0;39m [34m[0;39m [33mhttp-nio-8080-exec-2[0;39m [32morg.springframework.web.servlet.DispatcherServlet[0;39m Initializing Servlet 'dispatcherServlet'
[2020-11-27 10:26:43.766 aniu-download [34mINFO [0;39m [33m[0;39m [32m[0;39m [34m[0;39m [33mhttp-nio-8080-exec-2[0;39m [32morg.springframework.web.servlet.DispatcherServlet[0;39m Completed initialization in 1 ms
[2020-11-27 10:26:43.807 aniu-download [1;31mERROR[0;39m [33m[0;39m [32m[0;39m [34m[0;39m [33mhttp-nio-8080-exec-2[0;39m [32morg.apache.catalina.core.ContainerBase.[Tomcat].[localhost].[/].[dispatcherServlet][0;39m Servlet.service() for servlet [dispatcherServlet] in context with path [] threw exception [Request processing failed; nested exception is java.lang.RuntimeException: ç¼ºå°‘ccContentId...] with root cause
java.lang.RuntimeException: ç¼ºå°‘ccContentId...
	at com.aniu.downvideo.util.DownloadUtils.downloadCCVideo(DownloadUtils.java:255)
	at com.aniu.downvideo.util.DownloadUtils.test(DownloadUtils.java:84)
	at sun.reflect.NativeMethodAccessorImpl.invoke0(Native Method)
	at sun.reflect.NativeMethodAccessorImpl.invoke(NativeMethodAccessorImpl.java:62)
	at sun.reflect.DelegatingMethodAccessorImpl.invoke(DelegatingMethodAccessorImpl.java:43)
	at java.lang.reflect.Method.invoke(Method.java:498)
	at org.springframework.web.method.support.InvocableHandlerMethod.doInvoke(InvocableHandlerMethod.java:197)
	at org.springframework.web.method.support.InvocableHandlerMethod.invokeForRequest(InvocableHandlerMethod.java:141)
	at org.springframework.web.servlet.mvc.method.annotation.ServletInvocableHandlerMethod.invokeAndHandle(ServletInvocableHandlerMethod.java:106)
	at org.springframework.web.servlet.mvc.method.annotation.RequestMappingHandlerAdapter.invokeHandlerMethod(RequestMappingHandlerAdapter.java:893)
	at org.springframework.web.servlet.mvc.method.annotation.RequestMappingHandlerAdapter.handleInternal(RequestMappingHandlerAdapter.java:807)
	at org.springframework.web.servlet.mvc.method.AbstractHandlerMethodAdapter.handle(AbstractHandlerMethodAdapter.java:87)
	at org.springframework.web.servlet.DispatcherServlet.doDispatch(DispatcherServlet.java:1061)
	at org.springframework.web.servlet.DispatcherServlet.doService(DispatcherServlet.java:961)
	at org.springframework.web.servlet.FrameworkServlet.processRequest(FrameworkServlet.java:1006)
	at org.springframework.web.servlet.FrameworkServlet.doGet(FrameworkServlet.java:898)
	at javax.servlet.http.HttpServlet.service(HttpServlet.java:626)
	at org.springframework.web.servlet.FrameworkServlet.service(FrameworkServlet.java:883)
	at javax.servlet.http.HttpServlet.service(HttpServlet.java:733)
	at org.apache.catalina.core.ApplicationFilterChain.internalDoFilter(ApplicationFilterChain.java:231)
	at org.apache.catalina.core.ApplicationFilterChain.doFilter(ApplicationFilterChain.java:166)
	at org.apache.tomcat.websocket.server.WsFilter.doFilter(WsFilter.java:53)
	at org.apache.catalina.core.ApplicationFilterChain.internalDoFilter(ApplicationFilterChain.java:193)
	at org.apache.catalina.core.ApplicationFilterChain.doFilter(ApplicationFilterChain.java:166)
	at org.springframework.web.filter.RequestContextFilter.doFilterInternal(RequestContextFilter.java:100)
	at org.springframework.web.filter.OncePerRequestFilter.doFilter(OncePerRequestFilter.java:119)
	at org.apache.catalina.core.ApplicationFilterChain.internalDoFilter(ApplicationFilterChain.java:193)
	at org.apache.catalina.core.ApplicationFilterChain.doFilter(ApplicationFilterChain.java:166)
	at org.springframework.web.filter.FormContentFilter.doFilterInternal(FormContentFilter.java:93)
	at org.springframework.web.filter.OncePerRequestFilter.doFilter(OncePerRequestFilter.java:119)
	at org.apache.catalina.core.ApplicationFilterChain.internalDoFilter(ApplicationFilterChain.java:193)
	at org.apache.catalina.core.ApplicationFilterChain.doFilter(ApplicationFilterChain.java:166)
	at org.springframework.web.filter.CharacterEncodingFilter.doFilterInternal(CharacterEncodingFilter.java:201)
	at org.springframework.web.filter.OncePerRequestFilter.doFilter(OncePerRequestFilter.java:119)
	at org.apache.catalina.core.ApplicationFilterChain.internalDoFilter(ApplicationFilterChain.java:193)
	at org.apache.catalina.core.ApplicationFilterChain.doFilter(ApplicationFilterChain.java:166)
	at org.apache.catalina.core.StandardWrapperValve.invoke(StandardWrapperValve.java:202)
	at org.apache.catalina.core.StandardContextValve.invoke(StandardContextValve.java:97)
	at org.apache.catalina.authenticator.AuthenticatorBase.invoke(AuthenticatorBase.java:542)
	at org.apache.catalina.core.StandardHostValve.invoke(StandardHostValve.java:143)
	at org.apache.catalina.valves.ErrorReportValve.invoke(ErrorReportValve.java:92)
	at org.apache.catalina.core.StandardEngineValve.invoke(StandardEngineValve.java:78)
	at org.apache.catalina.connector.CoyoteAdapter.service(CoyoteAdapter.java:343)
	at org.apache.coyote.http11.Http11Processor.service(Http11Processor.java:374)
	at org.apache.coyote.AbstractProcessorLight.process(AbstractProcessorLight.java:65)
	at org.apache.coyote.AbstractProtocol$ConnectionHandler.process(AbstractProtocol.java:868)
	at org.apache.tomcat.util.net.NioEndpoint$SocketProcessor.doRun(NioEndpoint.java:1590)
	at org.apache.tomcat.util.net.SocketProcessorBase.run(SocketProcessorBase.java:49)
	at java.util.concurrent.ThreadPoolExecutor.runWorker(ThreadPoolExecutor.java:1149)
	at java.util.concurrent.ThreadPoolExecutor$Worker.run(ThreadPoolExecutor.java:624)
	at org.apache.tomcat.util.threads.TaskThread$WrappingRunnable.run(TaskThread.java:61)
	at java.lang.Thread.run(Thread.java:748)
[2020-11-27 10:27:52.935 aniu-download [34mINFO [0;39m [33m[0;39m [32m[0;39m [34m[0;39m [33mhttp-nio-8080-exec-4[0;39m [32mcom.aniu.downvideo.util.DownloadUtils[0;39m -->è§†é¢‘ä¿å­˜è·¯å¾„æ˜¯ã€‚ã€‚ã€‚/data/ccvideo/tigaoban
[2020-11-27 10:32:32.914 aniu-download [34mINFO [0;39m [33m[0;39m [32m[0;39m [34m[0;39m [33mSpringContextShutdownHook[0;39m [32morg.springframework.scheduling.concurrent.ThreadPoolTaskScheduler[0;39m Shutting down ExecutorService 'taskScheduler'
[2020-11-27 10:32:36.162 aniu-download [34mINFO [0;39m [33m[0;39m [32m[0;39m [34m[0;39m [33mbackground-preinit[0;39m [32morg.hibernate.validator.internal.util.Version[0;39m HV000001: Hibernate Validator 6.1.6.Final
[2020-11-27 10:32:36.169 aniu-download [34mINFO [0;39m [33m[0;39m [32m[0;39m [34m[0;39m [33mrestartedMain[0;39m [32mcom.aniu.downvideo.DownvideoApplication[0;39m Starting DownvideoApplication using Java 1.8.0_191 on wanglei with PID 6584 (C:\hanproject\downvideo\target\classes started by Administrator in C:\hanproject\downvideo)
[2020-11-27 10:32:36.170 aniu-download [34mINFO [0;39m [33m[0;39m [32m[0;39m [34m[0;39m [33mrestartedMain[0;39m [32mcom.aniu.downvideo.DownvideoApplication[0;39m The following profiles are active: dev
[2020-11-27 10:32:36.227 aniu-download [34mINFO [0;39m [33m[0;39m [32m[0;39m [34m[0;39m [33mrestartedMain[0;39m [32morg.springframework.boot.devtools.env.DevToolsPropertyDefaultsPostProcessor[0;39m Devtools property defaults active! Set 'spring.devtools.add-properties' to 'false' to disable
[2020-11-27 10:32:36.228 aniu-download [34mINFO [0;39m [33m[0;39m [32m[0;39m [34m[0;39m [33mrestartedMain[0;39m [32morg.springframework.boot.devtools.env.DevToolsPropertyDefaultsPostProcessor[0;39m For additional web related logging consider setting the 'logging.level.web' property to 'DEBUG'
[2020-11-27 10:32:37.215 aniu-download [34mINFO [0;39m [33m[0;39m [32m[0;39m [34m[0;39m [33mrestartedMain[0;39m [32morg.springframework.boot.web.embedded.tomcat.TomcatWebServer[0;39m Tomcat initialized with port(s): 8080 (http)
[2020-11-27 10:32:37.222 aniu-download [34mINFO [0;39m [33m[0;39m [32m[0;39m [34m[0;39m [33mrestartedMain[0;39m [32morg.apache.coyote.http11.Http11NioProtocol[0;39m Initializing ProtocolHandler ["http-nio-8080"]
[2020-11-27 10:32:37.223 aniu-download [34mINFO [0;39m [33m[0;39m [32m[0;39m [34m[0;39m [33mrestartedMain[0;39m [32morg.apache.catalina.core.StandardService[0;39m Starting service [Tomcat]
[2020-11-27 10:32:37.223 aniu-download [34mINFO [0;39m [33m[0;39m [32m[0;39m [34m[0;39m [33mrestartedMain[0;39m [32morg.apache.catalina.core.StandardEngine[0;39m Starting Servlet engine: [Apache Tomcat/9.0.39]
[2020-11-27 10:32:37.324 aniu-download [34mINFO [0;39m [33m[0;39m [32m[0;39m [34m[0;39m [33mrestartedMain[0;39m [32morg.apache.catalina.core.ContainerBase.[Tomcat].[localhost].[/][0;39m Initializing Spring embedded WebApplicationContext
[2020-11-27 10:32:37.325 aniu-download [34mINFO [0;39m [33m[0;39m [32m[0;39m [34m[0;39m [33mrestartedMain[0;39m [32morg.springframework.boot.web.servlet.context.ServletWebServerApplicationContext[0;39m Root WebApplicationContext: initialization completed in 1096 ms
[2020-11-27 10:32:37.863 aniu-download [34mINFO [0;39m [33m[0;39m [32m[0;39m [34m[0;39m [33mrestartedMain[0;39m [32morg.springframework.scheduling.concurrent.ThreadPoolTaskScheduler[0;39m Initializing ExecutorService 'taskScheduler'
[2020-11-27 10:32:37.902 aniu-download [31mWARN [0;39m [33m[0;39m [32m[0;39m [34m[0;39m [33mrestartedMain[0;39m [32morg.springframework.boot.devtools.autoconfigure.OptionalLiveReloadServer[0;39m Unable to start LiveReload server
[2020-11-27 10:32:37.915 aniu-download [34mINFO [0;39m [33m[0;39m [32m[0;39m [34m[0;39m [33mrestartedMain[0;39m [32morg.apache.coyote.http11.Http11NioProtocol[0;39m Starting ProtocolHandler ["http-nio-8080"]
[2020-11-27 10:32:37.930 aniu-download [34mINFO [0;39m [33m[0;39m [32m[0;39m [34m[0;39m [33mrestartedMain[0;39m [32morg.springframework.boot.web.embedded.tomcat.TomcatWebServer[0;39m Tomcat started on port(s): 8080 (http) with context path ''
[2020-11-27 10:32:37.944 aniu-download [34mINFO [0;39m [33m[0;39m [32m[0;39m [34m[0;39m [33mrestartedMain[0;39m [32mcom.aniu.downvideo.DownvideoApplication[0;39m Started DownvideoApplication in 2.229 seconds (JVM running for 3.12)
[2020-11-27 10:32:45.122 aniu-download [34mINFO [0;39m [33m[0;39m [32m[0;39m [34m[0;39m [33mhttp-nio-8080-exec-1[0;39m [32morg.apache.catalina.core.ContainerBase.[Tomcat].[localhost].[/][0;39m Initializing Spring DispatcherServlet 'dispatcherServlet'
[2020-11-27 10:32:45.122 aniu-download [34mINFO [0;39m [33m[0;39m [32m[0;39m [34m[0;39m [33mhttp-nio-8080-exec-1[0;39m [32morg.springframework.web.servlet.DispatcherServlet[0;39m Initializing Servlet 'dispatcherServlet'
[2020-11-27 10:32:45.123 aniu-download [34mINFO [0;39m [33m[0;39m [32m[0;39m [34m[0;39m [33mhttp-nio-8080-exec-1[0;39m [32morg.springframework.web.servlet.DispatcherServlet[0;39m Completed initialization in 1 ms
[2020-11-27 10:32:45.577 aniu-download [34mINFO [0;39m [33m[0;39m [32m[0;39m [34m[0;39m [33mhttp-nio-8080-exec-1[0;39m [32mcom.aniu.downvideo.util.DownloadUtils[0;39m -->è§†é¢‘ä¿å­˜è·¯å¾„æ˜¯ã€‚ã€‚ã€‚/data/ccvideo/tigaoban
[2020-11-27 13:57:51.099 aniu-download [34mINFO [0;39m [33m[0;39m [32m[0;39m [34m[0;39m [33mbackground-preinit[0;39m [32morg.hibernate.validator.internal.util.Version[0;39m HV000001: Hibernate Validator 6.1.6.Final
[2020-11-27 13:57:51.118 aniu-download [34mINFO [0;39m [33m[0;39m [32m[0;39m [34m[0;39m [33mrestartedMain[0;39m [32mcom.aniu.downvideo.DownvideoApplication[0;39m Starting DownvideoApplication using Java 1.8.0_191 on wanglei with PID 9076 (C:\hanproject\downvideo\target\classes started by Administrator in C:\hanproject\downvideo)
[2020-11-27 13:57:51.119 aniu-download [34mINFO [0;39m [33m[0;39m [32m[0;39m [34m[0;39m [33mrestartedMain[0;39m [32mcom.aniu.downvideo.DownvideoApplication[0;39m The following profiles are active: dev
[2020-11-27 13:57:51.197 aniu-download [34mINFO [0;39m [33m[0;39m [32m[0;39m [34m[0;39m [33mrestartedMain[0;39m [32morg.springframework.boot.devtools.env.DevToolsPropertyDefaultsPostProcessor[0;39m Devtools property defaults active! Set 'spring.devtools.add-properties' to 'false' to disable
[2020-11-27 13:57:51.197 aniu-download [34mINFO [0;39m [33m[0;39m [32m[0;39m [34m[0;39m [33mrestartedMain[0;39m [32morg.springframework.boot.devtools.env.DevToolsPropertyDefaultsPostProcessor[0;39m For additional web related logging consider setting the 'logging.level.web' property to 'DEBUG'
[2020-11-27 13:57:52.553 aniu-download [34mINFO [0;39m [33m[0;39m [32m[0;39m [34m[0;39m [33mrestartedMain[0;39m [32morg.springframework.boot.web.embedded.tomcat.TomcatWebServer[0;39m Tomcat initialized with port(s): 8080 (http)
[2020-11-27 13:57:52.566 aniu-download [34mINFO [0;39m [33m[0;39m [32m[0;39m [34m[0;39m [33mrestartedMain[0;39m [32morg.apache.coyote.http11.Http11NioProtocol[0;39m Initializing ProtocolHandler ["http-nio-8080"]
[2020-11-27 13:57:52.567 aniu-download [34mINFO [0;39m [33m[0;39m [32m[0;39m [34m[0;39m [33mrestartedMain[0;39m [32morg.apache.catalina.core.StandardService[0;39m Starting service [Tomcat]
[2020-11-27 13:57:52.567 aniu-download [34mINFO [0;39m [33m[0;39m [32m[0;39m [34m[0;39m [33mrestartedMain[0;39m [32morg.apache.catalina.core.StandardEngine[0;39m Starting Servlet engine: [Apache Tomcat/9.0.39]
[2020-11-27 13:57:52.681 aniu-download [34mINFO [0;39m [33m[0;39m [32m[0;39m [34m[0;39m [33mrestartedMain[0;39m [32morg.apache.catalina.core.ContainerBase.[Tomcat].[localhost].[/][0;39m Initializing Spring embedded WebApplicationContext
[2020-11-27 13:57:52.681 aniu-download [34mINFO [0;39m [33m[0;39m [32m[0;39m [34m[0;39m [33mrestartedMain[0;39m [32morg.springframework.boot.web.servlet.context.ServletWebServerApplicationContext[0;39m Root WebApplicationContext: initialization completed in 1483 ms
[2020-11-27 13:57:53.480 aniu-download [34mINFO [0;39m [33m[0;39m [32m[0;39m [34m[0;39m [33mrestartedMain[0;39m [32morg.springframework.scheduling.concurrent.ThreadPoolTaskScheduler[0;39m Initializing ExecutorService 'taskScheduler'
[2020-11-27 13:57:53.526 aniu-download [31mWARN [0;39m [33m[0;39m [32m[0;39m [34m[0;39m [33mrestartedMain[0;39m [32morg.springframework.boot.devtools.autoconfigure.OptionalLiveReloadServer[0;39m Unable to start LiveReload server
[2020-11-27 13:57:53.542 aniu-download [34mINFO [0;39m [33m[0;39m [32m[0;39m [34m[0;39m [33mrestartedMain[0;39m [32morg.apache.coyote.http11.Http11NioProtocol[0;39m Starting ProtocolHandler ["http-nio-8080"]
[2020-11-27 13:57:53.561 aniu-download [34mINFO [0;39m [33m[0;39m [32m[0;39m [34m[0;39m [33mrestartedMain[0;39m [32morg.springframework.boot.web.embedded.tomcat.TomcatWebServer[0;39m Tomcat started on port(s): 8080 (http) with context path ''
[2020-11-27 13:57:53.578 aniu-download [34mINFO [0;39m [33m[0;39m [32m[0;39m [34m[0;39m [33mrestartedMain[0;39m [32mcom.aniu.downvideo.DownvideoApplication[0;39m Started DownvideoApplication in 3.028 seconds (JVM running for 4.449)
[2020-11-27 13:59:00.002 aniu-download [34mINFO [0;39m [33m[0;39m [32m[0;39m [34m[0;39m [33mscheduling-1[0;39m [32mcom.aniu.downvideo.task.VideoTask[0;39m addLiveVideoIncrementally()ä¿å­˜ç›´æ’­è§†é¢‘æ•°æ®åˆ°æ•°æ®åº“startäº†......
[2020-11-27 13:59:00.058 aniu-download [34mINFO [0;39m [33m[0;39m [32m[0;39m [34m[0;39m [33mscheduling-1[0;39m [32mcom.zaxxer.hikari.HikariDataSource[0;39m HikariPool-1 - Starting...
[2020-11-27 13:59:00.215 aniu-download [34mINFO [0;39m [33m[0;39m [32m[0;39m [34m[0;39m [33mscheduling-1[0;39m [32mcom.zaxxer.hikari.HikariDataSource[0;39m HikariPool-1 - Start completed.
[2020-11-27 14:19:04.131 aniu-download [31mWARN [0;39m [33m[0;39m [32m[0;39m [34m[0;39m [33mHikariPool-1 housekeeper[0;39m [32mcom.zaxxer.hikari.pool.HikariPool[0;39m HikariPool-1 - Thread starvation or clock leap detected (housekeeper delta=19m26s944ms726Âµs400ns).
[2020-11-27 14:19:04.131 aniu-download [34mINFO [0;39m [33m[0;39m [32m[0;39m [34m[0;39m [33mscheduling-1[0;39m [32mcom.aniu.downvideo.util.DownloadUtils[0;39m è°ƒç”¨CCç›´æ’­åˆ—è¡¨çš„ç»“æœæ˜¯-->{"result":"OK","pageIndex":1,"count":13,"records":[{"id":"E587D9A574BEF763","liveId":"A23742B18C1EE5BF","startTime":"2020-11-25 18:14:06","stopTime":"2020-11-25 18:48:28","recordStatus":1,"recordVideoStatus":3,"recordVideoId":"0DE150791B956D959C33DC5901307461","replayUrl":"https://view.csslcloud.net/api/view/callback?roomid=28B40E7EADF01BA39C33DC5901307461&userid=7CEFDE16F4DC35B6&liveid=A23742B18C1EE5BF&recordid=E587D9A574BEF763","templateType":3,"sourceType":0,"title":"å†›å¸ˆè”ç›Ÿï¼šæ¬§å¥ˆå°”ä¿¡å¾’","desc":"ä¸éƒ¦å›è€å¸ˆå®æˆ˜è¯¾"},{"id":"BAAC5567D83244FF","liveId":"FB26ADED9E640E8B","startTime":"2020-11-23 18:13:39","stopTime":"2020-11-23 18:55:07","recordStatus":1,"recordVideoStatus":3,"recordVideoId":"0E2D037E448B4E019C33DC5901307461","replayUrl":"https://view.csslcloud.net/api/view/callback?roomid=28B40E7EADF01BA39C33DC5901307461&userid=7CEFDE16F4DC35B6&liveid=FB26ADED9E640E8B&recordid=BAAC5567D83244FF","templateType":3,"sourceType":0,"title":"å†›å¸ˆè”ç›Ÿï¼šæ¬§å¥ˆå°”ä¿¡å¾’","desc":"ä¸éƒ¦å›è€å¸ˆå®æˆ˜è¯¾"},{"id":"D88595851490AB93","liveId":"94653D2786AD5861","startTime":"2020-11-20 18:15:08","stopTime":"2020-11-20 18:51:44","recordStatus":1,"recordVideoStatus":3,"recordVideoId":"8E7812A2E4F9AAB19C33DC5901307461","replayUrl":"https://view.csslcloud.net/api/view/callback?roomid=28B40E7EADF01BA39C33DC5901307461&userid=7CEFDE16F4DC35B6&liveid=94653D2786AD5861&recordid=D88595851490AB93","templateType":3,"sourceType":0,"title":"å†›å¸ˆè”ç›Ÿï¼šæ¬§å¥ˆå°”ä¿¡å¾’","desc":"ä¸éƒ¦å›è€å¸ˆå®æˆ˜è¯¾"},{"id":"6E56057038BB1B0C","liveId":"A6183FB2BBE6CF56","startTime":"2020-11-18 18:15:05","stopTime":"2020-11-18 18:50:30","recordStatus":1,"recordVideoStatus":3,"recordVideoId":"24E5E6DA116F526A9C33DC5901307461","replayUrl":"https://view.csslcloud.net/api/view/callback?roomid=28B40E7EADF01BA39C33DC5901307461&userid=7CEFDE16F4DC35B6&liveid=A6183FB2BBE6CF56&recordid=6E56057038BB1B0C","templateType":3,"sourceType":0,"title":"å†›å¸ˆè”ç›Ÿï¼šæ¬§å¥ˆå°”ä¿¡å¾’","desc":"ä¸éƒ¦å›è€å¸ˆå®æˆ˜è¯¾"},{"id":"DD8C10DAA01FAA6B","liveId":"4894115785F99227","startTime":"2020-11-16 18:12:17","stopTime":"2020-11-16 18:49:49","recordStatus":1,"recordVideoStatus":3,"recordVideoId":"7F9BFA283A5BA3739C33DC5901307461","replayUrl":"https://view.csslcloud.net/api/view/callback?roomid=28B40E7EADF01BA39C33DC5901307461&userid=7CEFDE16F4DC35B6&liveid=4894115785F99227&recordid=DD8C10DAA01FAA6B","templateType":3,"sourceType":0,"title":"å†›å¸ˆè”ç›Ÿï¼šæ¬§å¥ˆå°”ä¿¡å¾’","desc":"ä¸éƒ¦å›è€å¸ˆå®æˆ˜è¯¾"},{"id":"AF123A1BCC92E26C","liveId":"B8643588C4CA83BA","startTime":"2020-11-13 18:14:27","stopTime":"2020-11-13 18:51:19","recordStatus":1,"recordVideoStatus":3,"recordVideoId":"A6EF7377C107B5B49C33DC5901307461","replayUrl":"https://view.csslcloud.net/api/view/callback?roomid=28B40E7EADF01BA39C33DC5901307461&userid=7CEFDE16F4DC35B6&liveid=B8643588C4CA83BA&recordid=AF123A1BCC92E26C","templateType":3,"sourceType":0,"title":"å†›å¸ˆè”ç›Ÿï¼šæ¬§å¥ˆå°”ä¿¡å¾’","desc":"ä¸éƒ¦å›è€å¸ˆå®æˆ˜è¯¾"},{"id":"7EF781CBE1E20F1C","liveId":"9345FA1DC430EC0F","startTime":"2020-11-11 18:15:00","stopTime":"2020-11-11 18:48:13","recordStatus":1,"recordVideoStatus":3,"recordVideoId":"DABDDA525C9A418C9C33DC5901307461","replayUrl":"https://view.csslcloud.net/api/view/callback?roomid=28B40E7EADF01BA39C33DC5901307461&userid=7CEFDE16F4DC35B6&liveid=9345FA1DC430EC0F&recordid=7EF781CBE1E20F1C","templateType":3,"sourceType":0,"title":"å†›å¸ˆè”ç›Ÿï¼šæ¬§å¥ˆå°”ä¿¡å¾’","desc":"ä¸éƒ¦å›è€å¸ˆå®æˆ˜è¯¾"},{"id":"6E64E59D4C645C6D","liveId":"5681D65F443FA749","startTime":"2020-11-09 18:14:26","stopTime":"2020-11-09 18:49:08","recordStatus":1,"recordVideoStatus":3,"recordVideoId":"51DE7E1E7D3A17C79C33DC5901307461","replayUrl":"https://view.csslcloud.net/api/view/callback?roomid=28B40E7EADF01BA39C33DC5901307461&userid=7CEFDE16F4DC35B6&liveid=5681D65F443FA749&recordid=6E64E59D4C645C6D","templateType":3,"sourceType":0,"title":"å†›å¸ˆè”ç›Ÿï¼šæ¬§å¥ˆå°”ä¿¡å¾’","desc":"ä¸éƒ¦å›è€å¸ˆå®æˆ˜è¯¾"},{"id":"F63337D5757B348B","liveId":"ACABC8515FF64152","startTime":"2020-11-06 18:14:21","stopTime":"2020-11-06 18:48:24","recordStatus":1,"recordVideoStatus":3,"recordVideoId":"25B1A9E193ADF0B69C33DC5901307461","replayUrl":"https://view.csslcloud.net/api/view/callback?roomid=28B40E7EADF01BA39C33DC5901307461&userid=7CEFDE16F4DC35B6&liveid=ACABC8515FF64152&recordid=F63337D5757B348B","templateType":3,"sourceType":0,"title":"å†›å¸ˆè”ç›Ÿï¼šæ¬§å¥ˆå°”ä¿¡å¾’","desc":"ä¸éƒ¦å›è€å¸ˆå®æˆ˜è¯¾"},{"id":"11294520EE948083","liveId":"EE6540D7B01F98FE","startTime":"2020-11-04 18:12:22","stopTime":"2020-11-04 18:51:14","recordStatus":1,"recordVideoStatus":3,"recordVideoId":"8DA4E3F3479C8C2A9C33DC5901307461","replayUrl":"https://view.csslcloud.net/api/view/callback?roomid=28B40E7EADF01BA39C33DC5901307461&userid=7CEFDE16F4DC35B6&liveid=EE6540D7B01F98FE&recordid=11294520EE948083","templateType":3,"sourceType":0,"title":"å†›å¸ˆè”ç›Ÿï¼šæ¬§å¥ˆå°”ä¿¡å¾’","desc":"ä¸éƒ¦å›è€å¸ˆå®æˆ˜è¯¾"},{"id":"084F4EB6EC18444F","liveId":"5D2B4F030664814C","startTime":"2020-11-02 18:11:38","stopTime":"2020-11-02 18:49:31","recordStatus":1,"recordVideoStatus":3,"recordVideoId":"81D5F6259141CA609C33DC5901307461","replayUrl":"https://view.csslcloud.net/api/view/callback?roomid=28B40E7EADF01BA39C33DC5901307461&userid=7CEFDE16F4DC35B6&liveid=5D2B4F030664814C&recordid=084F4EB6EC18444F","templateType":3,"sourceType":0,"title":"å†›å¸ˆè”ç›Ÿï¼šæ¬§å¥ˆå°”ä¿¡å¾’","desc":"ä¸éƒ¦å›è€å¸ˆå®æˆ˜è¯¾"},{"id":"E16FF06639165944","liveId":"CB6D5D80792CAA3F","startTime":"2020-10-30 18:15:02","stopTime":"2020-10-30 18:51:14","recordStatus":1,"recordVideoStatus":3,"recordVideoId":"EEB9076B4EBD01B89C33DC5901307461","replayUrl":"https://view.csslcloud.net/api/view/callback?roomid=28B40E7EADF01BA39C33DC5901307461&userid=7CEFDE16F4DC35B6&liveid=CB6D5D80792CAA3F&recordid=E16FF06639165944","templateType":3,"sourceType":0,"title":"å†›å¸ˆè”ç›Ÿï¼šæ¬§å¥ˆå°”ä¿¡å¾’","desc":"ä¸éƒ¦å›è€å¸ˆå®æˆ˜è¯¾"},{"id":"7DAEF8B899FD6192","liveId":"2907F07CE4A1A3BB","startTime":"2020-10-28 18:13:22","stopTime":"2020-10-28 18:50:02","recordStatus":1,"recordVideoStatus":3,"recordVideoId":"1CB5A0A2038BD9349C33DC5901307461","replayUrl":"https://view.csslcloud.net/api/view/callback?roomid=28B40E7EADF01BA39C33DC5901307461&userid=7CEFDE16F4DC35B6&liveid=2907F07CE4A1A3BB&recordid=7DAEF8B899FD6192","templateType":3,"sourceType":0,"title":"å†›å¸ˆè”ç›Ÿï¼šæ¬§å¥ˆå°”ä¿¡å¾’","desc":"ä¸éƒ¦å›è€å¸ˆå®æˆ˜è¯¾"}]}
[2020-11-27 14:19:04.144 aniu-download [34mINFO [0;39m [33m[0;39m [32m[0;39m [34m[0;39m [33mscheduling-1[0;39m [32mcom.aniu.downvideo.util.DownloadUtils[0;39m 28B40E7EADF01BA39C33DC5901307461-->å½“å‰roomIdä¸­æ— ç›´æ’­è§†é¢‘ccContentId
[2020-11-27 14:19:04.234 aniu-download [34mINFO [0;39m [33m[0;39m [32m[0;39m [34m[0;39m [33mscheduling-1[0;39m [32mcom.aniu.downvideo.util.DownloadUtils[0;39m è°ƒç”¨CCç›´æ’­åˆ—è¡¨çš„ç»“æœæ˜¯-->{"result":"OK","pageIndex":1,"count":14,"records":[{"id":"5E7432B3E6C72C59","liveId":"872730C8FB5852F6","startTime":"2020-11-26 18:59:23","stopTime":"2020-11-26 20:19:22","recordStatus":1,"recordVideoStatus":3,"recordVideoId":"962AD58F16347B5C9C33DC5901307461","replayUrl":"https://view.csslcloud.net/api/view/callback?roomid=B15F853FBCFB8FFA9C33DC5901307461&userid=7CEFDE16F4DC35B6&liveid=872730C8FB5852F6&recordid=5E7432B3E6C72C59","templateType":3,"sourceType":0,"title":"ç¼ è®ºå¸¦ä½ ç©çŸ­çº¿","desc":"å´é“é¹è€å¸ˆç‰¹è®­è¥"},{"id":"A66631A17538ED4D","liveId":"1D2A63E04167706F","startTime":"2020-11-24 19:00:23","stopTime":"2020-11-24 20:10:07","recordStatus":1,"recordVideoStatus":3,"recordVideoId":"DA8357CFE3D2B33B9C33DC5901307461","replayUrl":"https://view.csslcloud.net/api/view/callback?roomid=B15F853FBCFB8FFA9C33DC5901307461&userid=7CEFDE16F4DC35B6&liveid=1D2A63E04167706F&recordid=A66631A17538ED4D","templateType":3,"sourceType":0,"title":"ç¼ è®ºå¸¦ä½ ç©çŸ­çº¿","desc":"å´é“é¹è€å¸ˆç‰¹è®­è¥"},{"id":"3F230EB96C7A9AC7","liveId":"D8A9B0F0DAC641C9","startTime":"2020-11-22 18:58:55","stopTime":"2020-11-22 20:08:23","recordStatus":1,"recordVideoStatus":3,"recordVideoId":"A265181DB44494A59C33DC5901307461","replayUrl":"https://view.csslcloud.net/api/view/callback?roomid=B15F853FBCFB8FFA9C33DC5901307461&userid=7CEFDE16F4DC35B6&liveid=D8A9B0F0DAC641C9&recordid=3F230EB96C7A9AC7","templateType":3,"sourceType":0,"title":"ç¼ è®ºå¸¦ä½ ç©çŸ­çº¿","desc":"å´é“é¹è€å¸ˆç‰¹è®­è¥"},{"id":"BAFDBDE8CD869718","liveId":"F488BFEFCE119D53","startTime":"2020-11-19 18:56:48","stopTime":"2020-11-19 20:13:33","recordStatus":1,"recordVideoStatus":3,"recordVideoId":"43167269F2CBB2C69C33DC5901307461","replayUrl":"https://view.csslcloud.net/api/view/callback?roomid=B15F853FBCFB8FFA9C33DC5901307461&userid=7CEFDE16F4DC35B6&liveid=F488BFEFCE119D53&recordid=BAFDBDE8CD869718","templateType":3,"sourceType":0,"title":"ç¼ è®ºå¸¦ä½ ç©çŸ­çº¿","desc":"å´é“é¹è€å¸ˆç‰¹è®­è¥"},{"id":"3DB89DF81CB7AD69","liveId":"640B9EB7CAFB31AD","startTime":"2020-11-17 18:59:50","stopTime":"2020-11-17 20:10:48","recordStatus":1,"recordVideoStatus":3,"recordVideoId":"AF3052C1FFB1BCDA9C33DC5901307461","replayUrl":"https://view.csslcloud.net/api/view/callback?roomid=B15F853FBCFB8FFA9C33DC5901307461&userid=7CEFDE16F4DC35B6&liveid=640B9EB7CAFB31AD&recordid=3DB89DF81CB7AD69","templateType":3,"sourceType":0,"title":"ç¼ è®ºå¸¦ä½ ç©çŸ­çº¿","desc":"å´é“é¹è€å¸ˆç‰¹è®­è¥"},{"id":"F9B345D934B9CB4C","liveId":"36D54A595CF118DB","startTime":"2020-11-15 18:59:33","stopTime":"2020-11-15 20:12:00","recordStatus":1,"recordVideoStatus":3,"recordVideoId":"9D9B26B831E4DFE49C33DC5901307461","replayUrl":"https://view.csslcloud.net/api/view/callback?roomid=B15F853FBCFB8FFA9C33DC5901307461&userid=7CEFDE16F4DC35B6&liveid=36D54A595CF118DB&recordid=F9B345D934B9CB4C","templateType":3,"sourceType":0,"title":"ç¼ è®ºå¸¦ä½ ç©çŸ­çº¿","desc":"å´é“é¹è€å¸ˆç‰¹è®­è¥"},{"id":"1E01D1C5EF65B5A3","liveId":"5634195E93AF3F73","startTime":"2020-11-12 18:59:12","stopTime":"2020-11-12 20:07:36","recordStatus":1,"recordVideoStatus":3,"recordVideoId":"53B2B88362C7DF1D9C33DC5901307461","replayUrl":"https://view.csslcloud.net/api/view/callback?roomid=B15F853FBCFB8FFA9C33DC5901307461&userid=7CEFDE16F4DC35B6&liveid=5634195E93AF3F73&recordid=1E01D1C5EF65B5A3","templateType":3,"sourceType":0,"title":"ç¼ è®ºå¸¦ä½ ç©çŸ­çº¿","desc":"å´é“é¹è€å¸ˆç‰¹è®­è¥"},{"id":"488302A9D5FAE949","liveId":"38916734D0E60608","startTime":"2020-11-10 18:59:50","stopTime":"2020-11-10 20:09:12","recordStatus":1,"recordVideoStatus":3,"recordVideoId":"FD1E3C3DE24693B39C33DC5901307461","replayUrl":"https://view.csslcloud.net/api/view/callback?roomid=B15F853FBCFB8FFA9C33DC5901307461&userid=7CEFDE16F4DC35B6&liveid=38916734D0E60608&recordid=488302A9D5FAE949","templateType":3,"sourceType":0,"title":"ç¼ è®ºå¸¦ä½ ç©çŸ­çº¿","desc":"å´é“é¹è€å¸ˆç‰¹è®­è¥"},{"id":"6052227FC59FF106","liveId":"3F9F0A72A6C15AF7","startTime":"2020-11-08 19:01:07","stopTime":"2020-11-08 20:06:38","recordStatus":1,"recordVideoStatus":3,"recordVideoId":"E57D9F5799D7A4CB9C33DC5901307461","replayUrl":"https://view.csslcloud.net/api/view/callback?roomid=B15F853FBCFB8FFA9C33DC5901307461&userid=7CEFDE16F4DC35B6&liveid=3F9F0A72A6C15AF7&recordid=6052227FC59FF106","templateType":3,"sourceType":0,"title":"ç¼ è®ºå¸¦ä½ ç©çŸ­çº¿","desc":"å´é“é¹è€å¸ˆç‰¹è®­è¥"},{"id":"CEBD460765975F88","liveId":"7B52F34ED83C904D","startTime":"2020-11-05 19:04:59","stopTime":"2020-11-05 20:17:41","recordStatus":1,"recordVideoStatus":3,"recordVideoId":"E768EE1120FC07709C33DC5901307461","replayUrl":"https://view.csslcloud.net/api/view/callback?roomid=B15F853FBCFB8FFA9C33DC5901307461&userid=7CEFDE16F4DC35B6&liveid=7B52F34ED83C904D&recordid=CEBD460765975F88","templateType":3,"sourceType":0,"title":"ç¼ è®ºå¸¦ä½ ç©çŸ­çº¿","desc":"å´é“é¹è€å¸ˆç‰¹è®­è¥"},{"id":"3F806CCBCB2B83D5","liveId":"D229CF7872A6575A","startTime":"2020-11-05 18:57:22","stopTime":"2020-11-05 19:04:59","recordStatus":1,"recordVideoStatus":3,"recordVideoId":"15BE25608113B2039C33DC5901307461","replayUrl":"https://view.csslcloud.net/api/view/callback?roomid=B15F853FBCFB8FFA9C33DC5901307461&userid=7CEFDE16F4DC35B6&liveid=D229CF7872A6575A&recordid=3F806CCBCB2B83D5","templateType":3,"sourceType":0,"title":"ç¼ è®ºå¸¦ä½ ç©çŸ­çº¿","desc":"å´é“é¹è€å¸ˆç‰¹è®­è¥"},{"id":"584E9172227425F1","liveId":"2DB593742D6E84A1","startTime":"2020-11-03 18:55:19","stopTime":"2020-11-03 20:10:05","recordStatus":1,"recordVideoStatus":3,"recordVideoId":"8968F8493293B4179C33DC5901307461","replayUrl":"https://view.csslcloud.net/api/view/callback?roomid=B15F853FBCFB8FFA9C33DC5901307461&userid=7CEFDE16F4DC35B6&liveid=2DB593742D6E84A1&recordid=584E9172227425F1","templateType":3,"sourceType":0,"title":"ç¼ è®ºå¸¦ä½ ç©çŸ­çº¿","desc":"å´é“é¹è€å¸ˆç‰¹è®­è¥"},{"id":"BFFB7A91BFDCA592","liveId":"395134F2A9E4C855","startTime":"2020-11-01 18:57:18","stopTime":"2020-11-01 20:10:27","recordStatus":1,"recordVideoStatus":3,"recordVideoId":"F869BD1545DE62219C33DC5901307461","replayUrl":"https://view.csslcloud.net/api/view/callback?roomid=B15F853FBCFB8FFA9C33DC5901307461&userid=7CEFDE16F4DC35B6&liveid=395134F2A9E4C855&recordid=BFFB7A91BFDCA592","templateType":3,"sourceType":0,"title":"ç¼ è®ºå¸¦ä½ ç©çŸ­çº¿","desc":"å´é“é¹è€å¸ˆç‰¹è®­è¥"},{"id":"199F6A809981E99B","liveId":"786B9EC66D446D90","startTime":"2020-10-29 18:59:29","stopTime":"2020-10-29 20:05:53","recordStatus":1,"recordVideoStatus":3,"recordVideoId":"66088978EA3269879C33DC5901307461","replayUrl":"https://view.csslcloud.net/api/view/callback?roomid=B15F853FBCFB8FFA9C33DC5901307461&userid=7CEFDE16F4DC35B6&liveid=786B9EC66D446D90&recordid=199F6A809981E99B","templateType":3,"sourceType":0,"title":"ç¼ è®ºå¸¦ä½ ç©çŸ­çº¿","desc":"å´é“é¹è€å¸ˆç‰¹è®­è¥"}]}
[2020-11-27 14:19:04.235 aniu-download [34mINFO [0;39m [33m[0;39m [32m[0;39m [34m[0;39m [33mscheduling-1[0;39m [32mcom.aniu.downvideo.util.DownloadUtils[0;39m B15F853FBCFB8FFA9C33DC5901307461-->å½“å‰roomIdä¸­æ— ç›´æ’­è§†é¢‘ccContentId
[2020-11-27 14:19:04.317 aniu-download [34mINFO [0;39m [33m[0;39m [32m[0;39m [34m[0;39m [33mscheduling-1[0;39m [32mcom.aniu.downvideo.util.DownloadUtils[0;39m è°ƒç”¨CCç›´æ’­åˆ—è¡¨çš„ç»“æœæ˜¯-->{"result":"OK","pageIndex":1,"count":116,"records":[{"id":"2D56443B0CF8D07D","liveId":"56365D73EEB86537","startTime":"2020-11-25 15:00:38","stopTime":"2020-11-25 15:50:05","recordStatus":1,"recordVideoStatus":3,"recordVideoId":"C71F32339A66F5229C33DC5901307461","replayUrl":"https://view.csslcloud.net/api/view/callback?roomid=4546FAA17635C2039C33DC5901307461&userid=7CEFDE16F4DC35B6&liveid=56365D73EEB86537&recordid=2D56443B0CF8D07D","templateType":3,"sourceType":0,"title":"è¶…çº§æˆé•¿è‚¡","desc":"ç‹é›¨åšè€å¸ˆå®æˆ˜è¯¾"},{"id":"2C67E5A5A9AB3DF5","liveId":"8468F4799C54F621","startTime":"2020-11-23 15:01:24","stopTime":"2020-11-23 15:53:30","recordStatus":1,"recordVideoStatus":3,"recordVideoId":"7BA1F6E572A0096A9C33DC5901307461","replayUrl":"https://view.csslcloud.net/api/view/callback?roomid=4546FAA17635C2039C33DC5901307461&userid=7CEFDE16F4DC35B6&liveid=8468F4799C54F621&recordid=2C67E5A5A9AB3DF5","templateType":3,"sourceType":0,"title":"è¶…çº§æˆé•¿è‚¡","desc":"ç‹é›¨åšè€å¸ˆå®æˆ˜è¯¾"},{"id":"A6217CBC0F657053","liveId":"A7BF8FCAEB5813B7","startTime":"2020-11-20 15:00:53","stopTime":"2020-11-20 15:41:49","recordStatus":1,"recordVideoStatus":3,"recordVideoId":"36CD66610DA4EE119C33DC5901307461","replayUrl":"https://view.csslcloud.net/api/view/callback?roomid=4546FAA17635C2039C33DC5901307461&userid=7CEFDE16F4DC35B6&liveid=A7BF8FCAEB5813B7&recordid=A6217CBC0F657053","templateType":3,"sourceType":0,"title":"è¶…çº§æˆé•¿è‚¡","desc":"ç‹é›¨åšè€å¸ˆå®æˆ˜è¯¾"},{"id":"1215C136BD06256E","liveId":"B53CA0F222F3B5D3","startTime":"2020-11-18 15:00:08","stopTime":"2020-11-18 15:44:33","recordStatus":1,"recordVideoStatus":3,"recordVideoId":"CBBEF7C826AA87149C33DC5901307461","replayUrl":"https://view.csslcloud.net/api/view/callback?roomid=4546FAA17635C2039C33DC5901307461&userid=7CEFDE16F4DC35B6&liveid=B53CA0F222F3B5D3&recordid=1215C136BD06256E","templateType":3,"sourceType":0,"title":"è¶…çº§æˆé•¿è‚¡","desc":"ç‹é›¨åšè€å¸ˆå®æˆ˜è¯¾"},{"id":"0B3599EA909694F2","liveId":"91F322C686D628F5","startTime":"2020-11-16 15:01:44","stopTime":"2020-11-16 15:43:43","recordStatus":1,"recordVideoStatus":3,"recordVideoId":"BA3E1491460C17EA9C33DC5901307461","replayUrl":"https://view.csslcloud.net/api/view/callback?roomid=4546FAA17635C2039C33DC5901307461&userid=7CEFDE16F4DC35B6&liveid=91F322C686D628F5&recordid=0B3599EA909694F2","templateType":3,"sourceType":0,"title":"è¶…çº§æˆé•¿è‚¡","desc":"ç‹é›¨åšè€å¸ˆå®æˆ˜è¯¾"},{"id":"AB0A94C9C44982CB","liveId":"15A50BA71C1604D5","startTime":"2020-11-13 15:01:09","stopTime":"2020-11-13 15:45:24","recordStatus":1,"recordVideoStatus":3,"recordVideoId":"4D7C06A35DAE619C9C33DC5901307461","replayUrl":"https://view.csslcloud.net/api/view/callback?roomid=4546FAA17635C2039C33DC5901307461&userid=7CEFDE16F4DC35B6&liveid=15A50BA71C1604D5&recordid=AB0A94C9C44982CB","templateType":3,"sourceType":0,"title":"è¶…çº§æˆé•¿è‚¡","desc":"ç‹é›¨åšè€å¸ˆå®æˆ˜è¯¾"},{"id":"B78F0D26F4DDB437","liveId":"37DC7BB188E4E558","startTime":"2020-11-11 15:00:14","stopTime":"2020-11-11 15:43:34","recordStatus":1,"recordVideoStatus":3,"recordVideoId":"721E934F90FD1E399C33DC5901307461","replayUrl":"https://view.csslcloud.net/api/view/callback?roomid=4546FAA17635C2039C33DC5901307461&userid=7CEFDE16F4DC35B6&liveid=37DC7BB188E4E558&recordid=B78F0D26F4DDB437","templateType":3,"sourceType":0,"title":"è¶…çº§æˆé•¿è‚¡","desc":"ç‹é›¨åšè€å¸ˆå®æˆ˜è¯¾"},{"id":"CED6316DF148187D","liveId":"337EF19613D6B65F","startTime":"2020-11-09 16:02:22","stopTime":"2020-11-09 16:58:24","recordStatus":1,"recordVideoStatus":3,"recordVideoId":"935D81CC52791DAC9C33DC5901307461","replayUrl":"https://view.csslcloud.net/api/view/callback?roomid=4546FAA17635C2039C33DC5901307461&userid=7CEFDE16F4DC35B6&liveid=337EF19613D6B65F&recordid=CED6316DF148187D","templateType":3,"sourceType":0,"title":"è¶…çº§æˆé•¿è‚¡","desc":"ç‹é›¨åšè€å¸ˆå®æˆ˜è¯¾"},{"id":"A05C205774F869BB","liveId":"7A593D9EC6E2D2A4","startTime":"2020-11-06 15:01:09","stopTime":"2020-11-06 15:49:37","recordStatus":1,"recordVideoStatus":3,"recordVideoId":"D5D2B6A6E3F782ED9C33DC5901307461","replayUrl":"https://view.csslcloud.net/api/view/callback?roomid=4546FAA17635C2039C33DC5901307461&userid=7CEFDE16F4DC35B6&liveid=7A593D9EC6E2D2A4&recordid=A05C205774F869BB","templateType":3,"sourceType":0,"title":"è¶…çº§æˆé•¿è‚¡","desc":"ç‹é›¨åšè€å¸ˆå®æˆ˜è¯¾"},{"id":"7630A87C0191B467","liveId":"F9A046452CBFB811","startTime":"2020-11-04 15:01:44","stopTime":"2020-11-04 15:43:42","recordStatus":1,"recordVideoStatus":3,"recordVideoId":"361071DF206CE98B9C33DC5901307461","replayUrl":"https://view.csslcloud.net/api/view/callback?roomid=4546FAA17635C2039C33DC5901307461&userid=7CEFDE16F4DC35B6&liveid=F9A046452CBFB811&recordid=7630A87C0191B467","templateType":3,"sourceType":0,"title":"è¶…çº§æˆé•¿è‚¡","desc":"ç‹é›¨åšè€å¸ˆå®æˆ˜è¯¾"},{"id":"CF74277B1876623F","liveId":"3DF3134001F22FB0","startTime":"2020-11-02 15:00:33","stopTime":"2020-11-02 15:50:12","recordStatus":1,"recordVideoStatus":3,"recordVideoId":"B61D4F7E87F19F9B9C33DC5901307461","replayUrl":"https://view.csslcloud.net/api/view/callback?roomid=4546FAA17635C2039C33DC5901307461&userid=7CEFDE16F4DC35B6&liveid=3DF3134001F22FB0&recordid=CF74277B1876623F","templateType":3,"sourceType":0,"title":"è¶…çº§æˆé•¿è‚¡","desc":"ç‹é›¨åšè€å¸ˆå®æˆ˜è¯¾"},{"id":"DA6F26991B7FF0DA","liveId":"9C0F8BF078A4344E","startTime":"2020-10-30 15:00:38","stopTime":"2020-10-30 15:44:52","recordStatus":1,"recordVideoStatus":3,"recordVideoId":"DBD01E56AA3E754D9C33DC5901307461","replayUrl":"https://view.csslcloud.net/api/view/callback?roomid=4546FAA17635C2039C33DC5901307461&userid=7CEFDE16F4DC35B6&liveid=9C0F8BF078A4344E&recordid=DA6F26991B7FF0DA","templateType":3,"sourceType":0,"title":"è¶…çº§æˆé•¿è‚¡","desc":"ç‹é›¨åšè€å¸ˆå®æˆ˜è¯¾"},{"id":"161C7BF3DCEA6285","liveId":"CC45ACB4D0EE58DE","startTime":"2020-10-28 15:44:20","stopTime":"2020-10-28 15:44:43","recordStatus":1,"recordVideoStatus":3,"recordVideoId":"D7F77C6D1EDAB5A59C33DC5901307461","replayUrl":"https://view.csslcloud.net/api/view/callback?roomid=4546FAA17635C2039C33DC5901307461&userid=7CEFDE16F4DC35B6&liveid=CC45ACB4D0EE58DE&recordid=161C7BF3DCEA6285","templateType":3,"sourceType":0,"title":"è¶…çº§æˆé•¿è‚¡","desc":"ç‹é›¨åšè€å¸ˆå®æˆ˜è¯¾"},{"id":"E8F18FE9359F3463","liveId":"7CDE2FB03FD6BC87","startTime":"2020-10-28 15:01:34","stopTime":"2020-10-28 15:44:11","recordStatus":1,"recordVideoStatus":3,"recordVideoId":"605EB14ACD4941079C33DC5901307461","replayUrl":"https://view.csslcloud.net/api/view/callback?roomid=4546FAA17635C2039C33DC5901307461&userid=7CEFDE16F4DC35B6&liveid=7CDE2FB03FD6BC87&recordid=E8F18FE9359F3463","templateType":3,"sourceType":0,"title":"è¶…çº§æˆé•¿è‚¡","desc":"ç‹é›¨åšè€å¸ˆå®æˆ˜è¯¾"},{"id":"BCA0D4DC55F1344D","liveId":"E33159A5F7D73116","startTime":"2020-10-26 15:01:04","stopTime":"2020-10-26 15:47:47","recordStatus":1,"recordVideoStatus":3,"recordVideoId":"161F2DBA81B7A8499C33DC5901307461","replayUrl":"https://view.csslcloud.net/api/view/callback?roomid=4546FAA17635C2039C33DC5901307461&userid=7CEFDE16F4DC35B6&liveid=E33159A5F7D73116&recordid=BCA0D4DC55F1344D","templateType":3,"sourceType":0,"title":"è¶…çº§æˆé•¿è‚¡","desc":"ç‹é›¨åšè€å¸ˆå®æˆ˜è¯¾"},{"id":"7B79EDD0A637C057","liveId":"A6A1B484B8CB6786","startTime":"2020-10-23 15:03:08","stopTime":"2020-10-23 15:45:13","recordStatus":1,"recordVideoStatus":3,"recordVideoId":"D5773264332E45BF9C33DC5901307461","replayUrl":"https://view.csslcloud.net/api/view/callback?roomid=4546FAA17635C2039C33DC5901307461&userid=7CEFDE16F4DC35B6&liveid=A6A1B484B8CB6786&recordid=7B79EDD0A637C057","templateType":3,"sourceType":0,"title":"è¶…çº§æˆé•¿è‚¡","desc":"ç‹é›¨åšè€å¸ˆå®æˆ˜è¯¾"},{"id":"A7D8043968E9CDB5","liveId":"801D0165FD030BE7","startTime":"2020-10-21 15:01:45","stopTime":"2020-10-21 15:49:29","recordStatus":1,"recordVideoStatus":3,"recordVideoId":"B4BA18A513BD88149C33DC5901307461","replayUrl":"https://view.csslcloud.net/api/view/callback?roomid=4546FAA17635C2039C33DC5901307461&userid=7CEFDE16F4DC35B6&liveid=801D0165FD030BE7&recordid=A7D8043968E9CDB5","templateType":3,"sourceType":0,"title":"è¶…çº§æˆé•¿è‚¡","desc":"ç‹é›¨åšè€å¸ˆå®æˆ˜è¯¾"},{"id":"67C4A701689CD05D","liveId":"21382E4C55DD7A17","startTime":"2020-10-19 15:01:07","stopTime":"2020-10-19 15:53:29","recordStatus":1,"recordVideoStatus":3,"recordVideoId":"6D9ACE3E357F76859C33DC5901307461","replayUrl":"https://view.csslcloud.net/api/view/callback?roomid=4546FAA17635C2039C33DC5901307461&userid=7CEFDE16F4DC35B6&liveid=21382E4C55DD7A17&recordid=67C4A701689CD05D","templateType":3,"sourceType":0,"title":"è¶…çº§æˆé•¿è‚¡","desc":"ç‹é›¨åšè€å¸ˆå®æˆ˜è¯¾"},{"id":"F5E398648A2C1D34","liveId":"1F5B8A560295ADA7","startTime":"2020-10-16 15:01:30","stopTime":"2020-10-16 15:45:22","recordStatus":1,"recordVideoStatus":3,"recordVideoId":"D1BD8888442F797B9C33DC5901307461","replayUrl":"https://view.csslcloud.net/api/view/callback?roomid=4546FAA17635C2039C33DC5901307461&userid=7CEFDE16F4DC35B6&liveid=1F5B8A560295ADA7&recordid=F5E398648A2C1D34","templateType":3,"sourceType":0,"title":"è¶…çº§æˆé•¿è‚¡","desc":"ç‹é›¨åšè€å¸ˆå®æˆ˜è¯¾"},{"id":"A0A77792C2A5A9CD","liveId":"5933876FBFD68D8A","startTime":"2020-10-14 15:01:12","stopTime":"2020-10-14 15:42:20","recordStatus":1,"recordVideoStatus":3,"recordVideoId":"B63A2971088EAA289C33DC5901307461","replayUrl":"https://view.csslcloud.net/api/view/callback?roomid=4546FAA17635C2039C33DC5901307461&userid=7CEFDE16F4DC35B6&liveid=5933876FBFD68D8A&recordid=A0A77792C2A5A9CD","templateType":3,"sourceType":0,"title":"è¶…çº§æˆé•¿è‚¡","desc":"ç‹é›¨åšè€å¸ˆå®æˆ˜è¯¾"},{"id":"5A62C8B966F6AE50","liveId":"2425F3E29270A31C","startTime":"2020-10-12 15:01:39","stopTime":"2020-10-12 15:41:05","recordStatus":1,"recordVideoStatus":3,"recordVideoId":"AC7E0A71AF062E899C33DC5901307461","replayUrl":"https://view.csslcloud.net/api/view/callback?roomid=4546FAA17635C2039C33DC5901307461&userid=7CEFDE16F4DC35B6&liveid=2425F3E29270A31C&recordid=5A62C8B966F6AE50","templateType":3,"sourceType":0,"title":"è¶…çº§æˆé•¿è‚¡","desc":"ç‹é›¨åšè€å¸ˆå®æˆ˜è¯¾"},{"id":"3F5B7DA2DC9690B1","liveId":"BC5450BA46A6569D","startTime":"2020-10-09 15:00:51","stopTime":"2020-10-09 15:40:18","recordStatus":1,"recordVideoStatus":3,"recordVideoId":"52BFFF251B95DE619C33DC5901307461","replayUrl":"https://view.csslcloud.net/api/view/callback?roomid=4546FAA17635C2039C33DC5901307461&userid=7CEFDE16F4DC35B6&liveid=BC5450BA46A6569D&recordid=3F5B7DA2DC9690B1","templateType":3,"sourceType":0,"title":"è¶…çº§æˆé•¿è‚¡","desc":"ç‹é›¨åšè€å¸ˆå®æˆ˜è¯¾"},{"id":"7AB47298949BDD02","liveId":"CB8BD934BEA2F15A","startTime":"2020-09-30 15:01:09","stopTime":"2020-09-30 15:41:20","recordStatus":1,"recordVideoStatus":3,"recordVideoId":"72E85D20BCB67E109C33DC5901307461","replayUrl":"https://view.csslcloud.net/api/view/callback?roomid=4546FAA17635C2039C33DC5901307461&userid=7CEFDE16F4DC35B6&liveid=CB8BD934BEA2F15A&recordid=7AB47298949BDD02","templateType":3,"sourceType":0,"title":"è¶…çº§æˆé•¿è‚¡","desc":"ç‹é›¨åšè€å¸ˆå®æˆ˜è¯¾"},{"id":"11F749E5933B0BCD","liveId":"6732F8F478BD46D9","startTime":"2020-09-28 15:01:04","stopTime":"2020-09-28 15:53:33","recordStatus":1,"recordVideoStatus":3,"recordVideoId":"7048EF34FFF1E0DF9C33DC5901307461","replayUrl":"https://view.csslcloud.net/api/view/callback?roomid=4546FAA17635C2039C33DC5901307461&userid=7CEFDE16F4DC35B6&liveid=6732F8F478BD46D9&recordid=11F749E5933B0BCD","templateType":3,"sourceType":0,"title":"è¶…çº§æˆé•¿è‚¡","desc":"ç‹é›¨åšè€å¸ˆå®æˆ˜è¯¾"},{"id":"2A438BCA872BFE85","liveId":"DF4C71BCB8029922","startTime":"2020-09-25 15:00:42","stopTime":"2020-09-25 15:46:41","recordStatus":1,"recordVideoStatus":3,"recordVideoId":"859666DB3A3A4AE89C33DC5901307461","replayUrl":"https://view.csslcloud.net/api/view/callback?roomid=4546FAA17635C2039C33DC5901307461&userid=7CEFDE16F4DC35B6&liveid=DF4C71BCB8029922&recordid=2A438BCA872BFE85","templateType":3,"sourceType":0,"title":"è¶…çº§æˆé•¿è‚¡","desc":"ç‹é›¨åšè€å¸ˆå®æˆ˜è¯¾"},{"id":"1456AA52963BC474","liveId":"6CB7FB7438DE85E6","startTime":"2020-09-23 15:01:28","stopTime":"2020-09-23 15:40:50","recordStatus":1,"recordVideoStatus":3,"recordVideoId":"ADC6DE7786D2D95B9C33DC5901307461","replayUrl":"https://view.csslcloud.net/api/view/callback?roomid=4546FAA17635C2039C33DC5901307461&userid=7CEFDE16F4DC35B6&liveid=6CB7FB7438DE85E6&recordid=1456AA52963BC474","templateType":3,"sourceType":0,"title":"è¶…çº§æˆé•¿è‚¡","desc":"ç‹é›¨åšè€å¸ˆå®æˆ˜è¯¾"},{"id":"DF748CB9B25A26FA","liveId":"B59B02447DA033B9","startTime":"2020-09-21 15:01:09","stopTime":"2020-09-21 15:39:07","recordStatus":1,"recordVideoStatus":3,"recordVideoId":"3A849142DBB6B3E59C33DC5901307461","replayUrl":"https://view.csslcloud.net/api/view/callback?roomid=4546FAA17635C2039C33DC5901307461&userid=7CEFDE16F4DC35B6&liveid=B59B02447DA033B9&recordid=DF748CB9B25A26FA","templateType":3,"sourceType":0,"title":"è¶…çº§æˆé•¿è‚¡","desc":"ç‹é›¨åšè€å¸ˆå®æˆ˜è¯¾"},{"id":"379DDF00CBF339D2","liveId":"C668A63C00C4D2D2","startTime":"2020-09-18 15:03:11","stopTime":"2020-09-18 15:34:45","recordStatus":1,"recordVideoStatus":3,"recordVideoId":"05AB9AC93972BE999C33DC5901307461","replayUrl":"https://view.csslcloud.net/api/view/callback?roomid=4546FAA17635C2039C33DC5901307461&userid=7CEFDE16F4DC35B6&liveid=C668A63C00C4D2D2&recordid=379DDF00CBF339D2","templateType":3,"sourceType":0,"title":"è¶…çº§æˆé•¿è‚¡","desc":"ç‹é›¨åšè€å¸ˆå®æˆ˜è¯¾"},{"id":"99DA0D3AA2E6A3B6","liveId":"AB3CEC474924F21F","startTime":"2020-09-16 15:01:10","stopTime":"2020-09-16 15:39:37","recordStatus":1,"recordVideoStatus":3,"recordVideoId":"9987839AAD62A0D09C33DC5901307461","replayUrl":"https://view.csslcloud.net/api/view/callback?roomid=4546FAA17635C2039C33DC5901307461&userid=7CEFDE16F4DC35B6&liveid=AB3CEC474924F21F&recordid=99DA0D3AA2E6A3B6","templateType":3,"sourceType":0,"title":"è¶…çº§æˆé•¿è‚¡","desc":"ç‹é›¨åšè€å¸ˆå®æˆ˜è¯¾"},{"id":"B4E31C80DF163899","liveId":"9479655F0507BB25","startTime":"2020-09-14 15:02:05","stopTime":"2020-09-14 15:43:43","recordStatus":1,"recordVideoStatus":3,"recordVideoId":"6C2CE254267CFEE09C33DC5901307461","replayUrl":"https://view.csslcloud.net/api/view/callback?roomid=4546FAA17635C2039C33DC5901307461&userid=7CEFDE16F4DC35B6&liveid=9479655F0507BB25&recordid=B4E31C80DF163899","templateType":3,"sourceType":0,"title":"è¶…çº§æˆé•¿è‚¡","desc":"ç‹é›¨åšè€å¸ˆå®æˆ˜è¯¾"},{"id":"0AFFC7887601C9D3","liveId":"EB288C7293D8596E","startTime":"2020-09-11 15:00:50","stopTime":"2020-09-11 15:45:44","recordStatus":1,"recordVideoStatus":3,"recordVideoId":"A42CF4421545D72E9C33DC5901307461","replayUrl":"https://view.csslcloud.net/api/view/callback?roomid=4546FAA17635C2039C33DC5901307461&userid=7CEFDE16F4DC35B6&liveid=EB288C7293D8596E&recordid=0AFFC7887601C9D3","templateType":3,"sourceType":0,"title":"è¶…çº§æˆé•¿è‚¡","desc":"ç‹é›¨åšè€å¸ˆå®æˆ˜è¯¾"},{"id":"A915E7E5DC9F6F51","liveId":"942062FD64F67231","startTime":"2020-09-09 15:01:19","stopTime":"2020-09-09 15:42:53","recordStatus":1,"recordVideoStatus":3,"recordVideoId":"4C3CE62D71638B5E9C33DC5901307461","replayUrl":"https://view.csslcloud.net/api/view/callback?roomid=4546FAA17635C2039C33DC5901307461&userid=7CEFDE16F4DC35B6&liveid=942062FD64F67231&recordid=A915E7E5DC9F6F51","templateType":3,"sourceType":0,"title":"è¶…çº§æˆé•¿è‚¡","desc":"ç‹é›¨åšè€å¸ˆå®æˆ˜è¯¾"},{"id":"14DE298952F77E5F","liveId":"63F74A66118E5ECE","startTime":"2020-09-07 15:00:39","stopTime":"2020-09-07 15:46:10","recordStatus":1,"recordVideoStatus":3,"recordVideoId":"EB6240A5458118EF9C33DC5901307461","replayUrl":"https://view.csslcloud.net/api/view/callback?roomid=4546FAA17635C2039C33DC5901307461&userid=7CEFDE16F4DC35B6&liveid=63F74A66118E5ECE&recordid=14DE298952F77E5F","templateType":3,"sourceType":0,"title":"è¶…çº§æˆé•¿è‚¡","desc":"ç‹é›¨åšè€å¸ˆå®æˆ˜è¯¾"},{"id":"BA19949C4AD2B068","liveId":"771385B04E00FAC7","startTime":"2020-09-04 15:02:26","stopTime":"2020-09-04 15:47:29","recordStatus":1,"recordVideoStatus":3,"recordVideoId":"FAC80C7EA88AB9329C33DC5901307461","replayUrl":"https://view.csslcloud.net/api/view/callback?roomid=4546FAA17635C2039C33DC5901307461&userid=7CEFDE16F4DC35B6&liveid=771385B04E00FAC7&recordid=BA19949C4AD2B068","templateType":3,"sourceType":0,"title":"è¶…çº§æˆé•¿è‚¡","desc":"ç‹é›¨åšè€å¸ˆå®æˆ˜è¯¾"},{"id":"35D47FD2FF922581","liveId":"104100AB9EFDE932","startTime":"2020-09-02 15:01:03","stopTime":"2020-09-02 15:42:58","recordStatus":1,"recordVideoStatus":3,"recordVideoId":"E2E3EBE6296616459C33DC5901307461","replayUrl":"https://view.csslcloud.net/api/view/callback?roomid=4546FAA17635C2039C33DC5901307461&userid=7CEFDE16F4DC35B6&liveid=104100AB9EFDE932&recordid=35D47FD2FF922581","templateType":3,"sourceType":0,"title":"è¶…çº§æˆé•¿è‚¡","desc":"ç‹é›¨åšè€å¸ˆå®æˆ˜è¯¾"},{"id":"77DD03F22FFC40CD","liveId":"F286CE9A43ABD199","startTime":"2020-08-31 15:01:06","stopTime":"2020-08-31 15:45:10","recordStatus":1,"recordVideoStatus":3,"recordVideoId":"FAB16D599C7661E19C33DC5901307461","replayUrl":"https://view.csslcloud.net/api/view/callback?roomid=4546FAA17635C2039C33DC5901307461&userid=7CEFDE16F4DC35B6&liveid=F286CE9A43ABD199&recordid=77DD03F22FFC40CD","templateType":3,"sourceType":0,"title":"è¶…çº§æˆé•¿è‚¡","desc":"ç‹é›¨åšè€å¸ˆå®æˆ˜è¯¾"},{"id":"05710C93D51DF9F2","liveId":"5937C00BA1DFC6D1","startTime":"2020-08-28 15:01:46","stopTime":"2020-08-28 15:39:22","recordStatus":1,"recordVideoStatus":3,"recordVideoId":"129A2B3CF68864FA9C33DC5901307461","replayUrl":"https://view.csslcloud.net/api/view/callback?roomid=4546FAA17635C2039C33DC5901307461&userid=7CEFDE16F4DC35B6&liveid=5937C00BA1DFC6D1&recordid=05710C93D51DF9F2","templateType":3,"sourceType":0,"title":"è¶…çº§æˆé•¿è‚¡","desc":"ç‹é›¨åšè€å¸ˆå®æˆ˜è¯¾"},{"id":"3CF4A674DFDF3653","liveId":"81B45B1F9395A7D6","startTime":"2020-08-26 15:00:51","stopTime":"2020-08-26 15:42:42","recordStatus":1,"recordVideoStatus":3,"recordVideoId":"BB66AB29888A5A009C33DC5901307461","replayUrl":"https://view.csslcloud.net/api/view/callback?roomid=4546FAA17635C2039C33DC5901307461&userid=7CEFDE16F4DC35B6&liveid=81B45B1F9395A7D6&recordid=3CF4A674DFDF3653","templateType":3,"sourceType":0,"title":"è¶…çº§æˆé•¿è‚¡","desc":"ç‹é›¨åšè€å¸ˆå®æˆ˜è¯¾"},{"id":"7E447A109BB98BCE","liveId":"F5FD30423F38968B","startTime":"2020-08-24 15:00:43","stopTime":"2020-08-24 15:51:44","recordStatus":1,"recordVideoStatus":3,"recordVideoId":"029F0D01A56451B69C33DC5901307461","replayUrl":"https://view.csslcloud.net/api/view/callback?roomid=4546FAA17635C2039C33DC5901307461&userid=7CEFDE16F4DC35B6&liveid=F5FD30423F38968B&recordid=7E447A109BB98BCE","templateType":3,"sourceType":0,"title":"è¶…çº§æˆé•¿è‚¡","desc":"ç‹é›¨åšè€å¸ˆå®æˆ˜è¯¾"},{"id":"1A483F1619EB374A","liveId":"BF0AB735E189827F","startTime":"2020-08-21 15:01:17","stopTime":"2020-08-21 15:50:23","recordStatus":1,"recordVideoStatus":3,"recordVideoId":"1EB2211E572BDDFA9C33DC5901307461","replayUrl":"https://view.csslcloud.net/api/view/callback?roomid=4546FAA17635C2039C33DC5901307461&userid=7CEFDE16F4DC35B6&liveid=BF0AB735E189827F&recordid=1A483F1619EB374A","templateType":3,"sourceType":0,"title":"è¶…çº§æˆé•¿è‚¡","desc":"ç‹é›¨åšè€å¸ˆå®æˆ˜è¯¾"},{"id":"1BD6182D073505B8","liveId":"23E7F1A15B4B6A34","startTime":"2020-08-19 15:00:08","stopTime":"2020-08-19 15:41:24","recordStatus":1,"recordVideoStatus":3,"recordVideoId":"EA68BC0E15F0995A9C33DC5901307461","replayUrl":"https://view.csslcloud.net/api/view/callback?roomid=4546FAA17635C2039C33DC5901307461&userid=7CEFDE16F4DC35B6&liveid=23E7F1A15B4B6A34&recordid=1BD6182D073505B8","templateType":3,"sourceType":0,"title":"è¶…çº§æˆé•¿è‚¡","desc":"ç‹é›¨åšè€å¸ˆå®æˆ˜è¯¾"},{"id":"58D4F22F3D0C20DC","liveId":"ABA08DE29C7A9D0E","startTime":"2020-08-17 15:01:07","stopTime":"2020-08-17 15:45:00","recordStatus":1,"recordVideoStatus":3,"recordVideoId":"DF4CD24659EBA7AA9C33DC5901307461","replayUrl":"https://view.csslcloud.net/api/view/callback?roomid=4546FAA17635C2039C33DC5901307461&userid=7CEFDE16F4DC35B6&liveid=ABA08DE29C7A9D0E&recordid=58D4F22F3D0C20DC","templateType":3,"sourceType":0,"title":"è¶…çº§æˆé•¿è‚¡","desc":"ç‹é›¨åšè€å¸ˆå®æˆ˜è¯¾"},{"id":"279333F3FBEEE796","liveId":"CAC190F3F1BD610B","startTime":"2020-08-14 15:00:41","stopTime":"2020-08-14 15:39:33","recordStatus":1,"recordVideoStatus":3,"recordVideoId":"5050782579FCEDB39C33DC5901307461","replayUrl":"https://view.csslcloud.net/api/view/callback?roomid=4546FAA17635C2039C33DC5901307461&userid=7CEFDE16F4DC35B6&liveid=CAC190F3F1BD610B&recordid=279333F3FBEEE796","templateType":3,"sourceType":0,"title":"è¶…çº§æˆé•¿è‚¡","desc":"ç‹é›¨åšè€å¸ˆå®æˆ˜è¯¾"},{"id":"FD0FD00A6E37E204","liveId":"9C494CA34D600008","startTime":"2020-08-12 15:00:51","stopTime":"2020-08-12 15:45:00","recordStatus":1,"recordVideoStatus":3,"recordVideoId":"C99BA30163BB1CDB9C33DC5901307461","replayUrl":"https://view.csslcloud.net/api/view/callback?roomid=4546FAA17635C2039C33DC5901307461&userid=7CEFDE16F4DC35B6&liveid=9C494CA34D600008&recordid=FD0FD00A6E37E204","templateType":3,"sourceType":0,"title":"è¶…çº§æˆé•¿è‚¡","desc":"ç‹é›¨åšè€å¸ˆå®æˆ˜è¯¾"},{"id":"36B6ABB14C00860B","liveId":"6B4AC3EA82B52429","startTime":"2020-08-10 15:01:03","stopTime":"2020-08-10 15:57:08","recordStatus":1,"recordVideoStatus":3,"recordVideoId":"3BB267B776BB47D69C33DC5901307461","replayUrl":"https://view.csslcloud.net/api/view/callback?roomid=4546FAA17635C2039C33DC5901307461&userid=7CEFDE16F4DC35B6&liveid=6B4AC3EA82B52429&recordid=36B6ABB14C00860B","templateType":3,"sourceType":0,"title":"è¶…çº§æˆé•¿è‚¡","desc":"ç‹é›¨åšè€å¸ˆå®æˆ˜è¯¾"},{"id":"BEB78E08CEE883EE","liveId":"8575CFF402E551F3","startTime":"2020-08-07 15:01:08","stopTime":"2020-08-07 15:44:20","recordStatus":1,"recordVideoStatus":3,"recordVideoId":"C2EFB04864298B2F9C33DC5901307461","replayUrl":"https://view.csslcloud.net/api/view/callback?roomid=4546FAA17635C2039C33DC5901307461&userid=7CEFDE16F4DC35B6&liveid=8575CFF402E551F3&recordid=BEB78E08CEE883EE","templateType":3,"sourceType":0,"title":"è¶…çº§æˆé•¿è‚¡","desc":"ç‹é›¨åšè€å¸ˆå®æˆ˜è¯¾"},{"id":"90337F899A2A74F4","liveId":"5DCED9741A7F51CC","startTime":"2020-08-05 15:00:36","stopTime":"2020-08-05 15:46:26","recordStatus":1,"recordVideoStatus":3,"recordVideoId":"35C60DC245310E0E9C33DC5901307461","replayUrl":"https://view.csslcloud.net/api/view/callback?roomid=4546FAA17635C2039C33DC5901307461&userid=7CEFDE16F4DC35B6&liveid=5DCED9741A7F51CC&recordid=90337F899A2A74F4","templateType":3,"sourceType":0,"title":"è¶…çº§æˆé•¿è‚¡","desc":"ç‹é›¨åšè€å¸ˆå®æˆ˜è¯¾"},{"id":"E5212225DD11C65D","liveId":"CC6B3D7E6BC0BD48","startTime":"2020-08-03 15:00:34","stopTime":"2020-08-03 15:43:57","recordStatus":1,"recordVideoStatus":3,"recordVideoId":"4AFAF3673190CACA9C33DC5901307461","replayUrl":"https://view.csslcloud.net/api/view/callback?roomid=4546FAA17635C2039C33DC5901307461&userid=7CEFDE16F4DC35B6&liveid=CC6B3D7E6BC0BD48&recordid=E5212225DD11C65D","templateType":3,"sourceType":0,"title":"è¶…çº§æˆé•¿è‚¡","desc":"ç‹é›¨åšè€å¸ˆå®æˆ˜è¯¾"},{"id":"8CCA60E09B5C4BC9","liveId":"123FD5B3DA06E3B6","startTime":"2020-07-31 15:02:28","stopTime":"2020-07-31 15:47:42","recordStatus":1,"recordVideoStatus":3,"recordVideoId":"62CFABFE5E477D4F9C33DC5901307461","replayUrl":"https://view.csslcloud.net/api/view/callback?roomid=4546FAA17635C2039C33DC5901307461&userid=7CEFDE16F4DC35B6&liveid=123FD5B3DA06E3B6&recordid=8CCA60E09B5C4BC9","templateType":3,"sourceType":0,"title":"è¶…çº§æˆé•¿è‚¡","desc":"ç‹é›¨åšè€å¸ˆå®æˆ˜è¯¾"},{"id":"86D61057498D3FB5","liveId":"A3DD938293499F5C","startTime":"2020-07-29 15:00:35","stopTime":"2020-07-29 15:52:37","recordStatus":1,"recordVideoStatus":3,"recordVideoId":"632638D48170A1029C33DC5901307461","replayUrl":"https://view.csslcloud.net/api/view/callback?roomid=4546FAA17635C2039C33DC5901307461&userid=7CEFDE16F4DC35B6&liveid=A3DD938293499F5C&recordid=86D61057498D3FB5","templateType":3,"sourceType":0,"title":"è¶…çº§æˆé•¿è‚¡","desc":"ç‹é›¨åšè€å¸ˆå®æˆ˜è¯¾"}]}
[2020-11-27 14:19:04.319 aniu-download [34mINFO [0;39m [33m[0;39m [32m[0;39m [34m[0;39m [33mscheduling-1[0;39m [32mcom.aniu.downvideo.util.DownloadUtils[0;39m 4546FAA17635C2039C33DC5901307461-->å½“å‰roomIdä¸­æ— ç›´æ’­è§†é¢‘ccContentId
[2020-11-27 14:19:04.349 aniu-download [34mINFO [0;39m [33m[0;39m [32m[0;39m [34m[0;39m [33mSpringContextShutdownHook[0;39m [32morg.springframework.scheduling.concurrent.ThreadPoolTaskScheduler[0;39m Shutting down ExecutorService 'taskScheduler'
[2020-11-27 14:19:04.351 aniu-download [34mINFO [0;39m [33m[0;39m [32m[0;39m [34m[0;39m [33mSpringContextShutdownHook[0;39m [32mcom.zaxxer.hikari.HikariDataSource[0;39m HikariPool-1 - Shutdown initiated...
[2020-11-27 14:19:04.359 aniu-download [34mINFO [0;39m [33m[0;39m [32m[0;39m [34m[0;39m [33mSpringContextShutdownHook[0;39m [32mcom.zaxxer.hikari.HikariDataSource[0;39m HikariPool-1 - Shutdown completed.
[2020-11-27 14:19:10.258 aniu-download [34mINFO [0;39m [33m[0;39m [32m[0;39m [34m[0;39m [33mbackground-preinit[0;39m [32morg.hibernate.validator.internal.util.Version[0;39m HV000001: Hibernate Validator 6.1.6.Final
[2020-11-27 14:19:10.266 aniu-download [34mINFO [0;39m [33m[0;39m [32m[0;39m [34m[0;39m [33mrestartedMain[0;39m [32mcom.aniu.downvideo.DownvideoApplication[0;39m Starting DownvideoApplication using Java 1.8.0_191 on wanglei with PID 9856 (C:\hanproject\downvideo\target\classes started by Administrator in C:\hanproject\downvideo)
[2020-11-27 14:19:10.267 aniu-download [34mINFO [0;39m [33m[0;39m [32m[0;39m [34m[0;39m [33mrestartedMain[0;39m [32mcom.aniu.downvideo.DownvideoApplication[0;39m The following profiles are active: dev
[2020-11-27 14:19:10.328 aniu-download [34mINFO [0;39m [33m[0;39m [32m[0;39m [34m[0;39m [33mrestartedMain[0;39m [32morg.springframework.boot.devtools.env.DevToolsPropertyDefaultsPostProcessor[0;39m Devtools property defaults active! Set 'spring.devtools.add-properties' to 'false' to disable
[2020-11-27 14:19:10.328 aniu-download [34mINFO [0;39m [33m[0;39m [32m[0;39m [34m[0;39m [33mrestartedMain[0;39m [32morg.springframework.boot.devtools.env.DevToolsPropertyDefaultsPostProcessor[0;39m For additional web related logging consider setting the 'logging.level.web' property to 'DEBUG'
[2020-11-27 14:19:11.606 aniu-download [34mINFO [0;39m [33m[0;39m [32m[0;39m [34m[0;39m [33mrestartedMain[0;39m [32morg.springframework.boot.web.embedded.tomcat.TomcatWebServer[0;39m Tomcat initialized with port(s): 8080 (http)
[2020-11-27 14:19:11.615 aniu-download [34mINFO [0;39m [33m[0;39m [32m[0;39m [34m[0;39m [33mrestartedMain[0;39m [32morg.apache.coyote.http11.Http11NioProtocol[0;39m Initializing ProtocolHandler ["http-nio-8080"]
[2020-11-27 14:19:11.616 aniu-download [34mINFO [0;39m [33m[0;39m [32m[0;39m [34m[0;39m [33mrestartedMain[0;39m [32morg.apache.catalina.core.StandardService[0;39m Starting service [Tomcat]
[2020-11-27 14:19:11.616 aniu-download [34mINFO [0;39m [33m[0;39m [32m[0;39m [34m[0;39m [33mrestartedMain[0;39m [32morg.apache.catalina.core.StandardEngine[0;39m Starting Servlet engine: [Apache Tomcat/9.0.39]
[2020-11-27 14:19:11.718 aniu-download [34mINFO [0;39m [33m[0;39m [32m[0;39m [34m[0;39m [33mrestartedMain[0;39m [32morg.apache.catalina.core.ContainerBase.[Tomcat].[localhost].[/][0;39m Initializing Spring embedded WebApplicationContext
[2020-11-27 14:19:11.718 aniu-download [34mINFO [0;39m [33m[0;39m [32m[0;39m [34m[0;39m [33mrestartedMain[0;39m [32morg.springframework.boot.web.servlet.context.ServletWebServerApplicationContext[0;39m Root WebApplicationContext: initialization completed in 1389 ms
[2020-11-27 14:19:12.398 aniu-download [34mINFO [0;39m [33m[0;39m [32m[0;39m [34m[0;39m [33mrestartedMain[0;39m [32morg.springframework.scheduling.concurrent.ThreadPoolTaskScheduler[0;39m Initializing ExecutorService 'taskScheduler'
[2020-11-27 14:19:12.441 aniu-download [31mWARN [0;39m [33m[0;39m [32m[0;39m [34m[0;39m [33mrestartedMain[0;39m [32morg.springframework.boot.devtools.autoconfigure.OptionalLiveReloadServer[0;39m Unable to start LiveReload server
[2020-11-27 14:19:12.456 aniu-download [34mINFO [0;39m [33m[0;39m [32m[0;39m [34m[0;39m [33mrestartedMain[0;39m [32morg.apache.coyote.http11.Http11NioProtocol[0;39m Starting ProtocolHandler ["http-nio-8080"]
[2020-11-27 14:19:12.472 aniu-download [34mINFO [0;39m [33m[0;39m [32m[0;39m [34m[0;39m [33mrestartedMain[0;39m [32morg.springframework.boot.web.embedded.tomcat.TomcatWebServer[0;39m Tomcat started on port(s): 8080 (http) with context path ''
[2020-11-27 14:19:12.488 aniu-download [34mINFO [0;39m [33m[0;39m [32m[0;39m [34m[0;39m [33mrestartedMain[0;39m [32mcom.aniu.downvideo.DownvideoApplication[0;39m Started DownvideoApplication in 2.731 seconds (JVM running for 3.828)
[2020-11-27 14:21:00.002 aniu-download [34mINFO [0;39m [33m[0;39m [32m[0;39m [34m[0;39m [33mscheduling-1[0;39m [32mcom.aniu.downvideo.task.VideoTask[0;39m addLiveVideoIncrementally()ä¿å­˜ç›´æ’­è§†é¢‘æ•°æ®åˆ°æ•°æ®åº“startäº†......
[2020-11-27 14:21:00.056 aniu-download [34mINFO [0;39m [33m[0;39m [32m[0;39m [34m[0;39m [33mscheduling-1[0;39m [32mcom.zaxxer.hikari.HikariDataSource[0;39m HikariPool-1 - Starting...
[2020-11-27 14:21:00.203 aniu-download [34mINFO [0;39m [33m[0;39m [32m[0;39m [34m[0;39m [33mscheduling-1[0;39m [32mcom.zaxxer.hikari.HikariDataSource[0;39m HikariPool-1 - Start completed.
[2020-11-27 15:50:48.475 aniu-download [34mINFO [0;39m [33m[0;39m [32m[0;39m [34m[0;39m [33mscheduling-1[0;39m [32mcom.aniu.downvideo.util.DownloadUtils[0;39m è°ƒç”¨CCç›´æ’­åˆ—è¡¨çš„ç»“æœæ˜¯-->{"result":"OK","record":{"id":"BAAC5567D83244FF","roomId":"28B40E7EADF01BA39C33DC5901307461","liveId":"FB26ADED9E640E8B","startTime":"2020-11-23 18:13:39","stopTime":"2020-11-23 18:55:07","recordStatus":1,"recordVideoStatus":3,"recordVideoId":"0E2D037E448B4E019C33DC5901307461","replayUrl":"https://view.csslcloud.net/api/view/callback?roomid=28B40E7EADF01BA39C33DC5901307461&userid=7CEFDE16F4DC35B6&liveid=FB26ADED9E640E8B&recordid=BAAC5567D83244FF","downloadUrl":"http://cm15-c110-2.play.bokecc.com/flvs/ca/QxIwy/uedaLkqjpN-90.mp4?t=1606474596&key=194381D612308C2308945E10FDF0EBDA&tpl=20&tpt=112","templateType":3,"sourceType":0,"title":"å†›å¸ˆè”ç›Ÿï¼šæ¬§å¥ˆå°”ä¿¡å¾’","desc":"ä¸éƒ¦å›è€å¸ˆå®æˆ˜è¯¾"}}
[2020-11-27 15:50:48.476 aniu-download [31mWARN [0;39m [33m[0;39m [32m[0;39m [34m[0;39m [33mHikariPool-1 housekeeper[0;39m [32mcom.zaxxer.hikari.pool.HikariPool[0;39m HikariPool-1 - Thread starvation or clock leap detected (housekeeper delta=1h29m48s172ms454Âµs800ns).
[2020-11-27 15:50:48.493 aniu-download [34mINFO [0;39m [33m[0;39m [32m[0;39m [34m[0;39m [33mscheduling-1[0;39m [32mcom.aniu.downvideo.util.DownloadUtils[0;39m 28B40E7EADF01BA39C33DC5901307461-->å½“å‰roomIdä¸­æ— ç›´æ’­è§†é¢‘ccContentId
[2020-11-27 15:50:48.698 aniu-download [34mINFO [0;39m [33m[0;39m [32m[0;39m [34m[0;39m [33mSpringContextShutdownHook[0;39m [32morg.springframework.scheduling.concurrent.ThreadPoolTaskScheduler[0;39m Shutting down ExecutorService 'taskScheduler'
[2020-11-27 15:50:48.699 aniu-download [34mINFO [0;39m [33m[0;39m [32m[0;39m [34m[0;39m [33mSpringContextShutdownHook[0;39m [32mcom.zaxxer.hikari.HikariDataSource[0;39m HikariPool-1 - Shutdown initiated...
[2020-11-27 15:50:48.704 aniu-download [34mINFO [0;39m [33m[0;39m [32m[0;39m [34m[0;39m [33mSpringContextShutdownHook[0;39m [32mcom.zaxxer.hikari.HikariDataSource[0;39m HikariPool-1 - Shutdown completed.
